<?xml version="1.0" encoding="utf-8"?><testsuites name="pytest tests"><testsuite name="pytest" errors="0" failures="0" skipped="0" tests="118" time="2.141" timestamp="2026-09-14T06:28:29.193061+05:30" hostname="RSuyash"><testcase classname="tests.unit.conversation_intelligence.test_mixed_script_prompt_budget" name="test_long_mixed_script_call_prepares_complete_bounded_fact_requests[256-groq-openai/gpt-oss-120b]" time="0.017" /><testcase classname="tests.unit.conversation_intelligence.test_mixed_script_prompt_budget" name="test_long_mixed_script_call_prepares_complete_bounded_fact_requests[256-gemini-gemini-3.8-flash]" time="0.017" /><testcase classname="tests.unit.conversation_intelligence.test_mixed_script_prompt_budget" name="test_long_mixed_script_call_prepares_complete_bounded_fact_requests[1400-groq-openai/gpt-oss-120b]" time="0.015" /><testcase classname="tests.unit.conversation_intelligence.test_mixed_script_prompt_budget" name="test_long_mixed_script_call_prepares_complete_bounded_fact_requests[1400-gemini-gemini-3.8-flash]" time="0.016" /><testcase classname="tests.unit.conversation_intelligence.test_mixed_script_prompt_budget" name="test_long_mixed_script_call_prepares_complete_bounded_fact_requests[3200-groq-openai/gpt-oss-120b]" time="0.014" /><testcase classname="tests.unit.conversation_intelligence.test_mixed_script_prompt_budget" name="test_long_mixed_script_call_prepares_complete_bounded_fact_requests[3200-gemini-gemini-3.8-flash]" time="0.015" /><testcase classname="tests.unit.conversation_intelligence.test_mixed_script_prompt_budget" name="test_long_mixed_script_call_prepares_complete_bounded_fact_requests[4000-groq-openai/gpt-oss-120b]" time="0.014" /><testcase classname="tests.unit.conversation_intelligence.test_mixed_script_prompt_budget" name="test_long_mixed_script_call_prepares_complete_bounded_fact_requests[4000-gemini-gemini-3.8-flash]" time="0.015" /><testcase classname="tests.unit.conversation_intelligence.test_mixed_script_prompt_budget" name="test_source_metadata_and_native_wrapper_are_inside_the_budget" time="0.011" /><testcase classname="tests.unit.conversation_intelligence.test_mixed_script_prompt_budget" name="test_single_oversize_native_segment_is_refused_without_splitting" time="0.001" /><testcase classname="tests.unit.conversation_intelligence.test_mixed_script_prompt_budget" name="test_byte_ceiling_rejects_invalid_values[0]" time="0.001" /><testcase classname="tests.unit.conversation_intelligence.test_mixed_script_prompt_budget" name="test_byte_ceiling_rejects_invalid_values[-1]" time="0.001" /><testcase classname="tests.unit.conversation_intelligence.test_mixed_script_prompt_budget" name="test_byte_ceiling_rejects_invalid_values[True]" time="0.001" /><testcase classname="tests.unit.conversation_intelligence.test_mixed_script_prompt_budget" name="test_byte_ceiling_rejects_invalid_values[1.5]" time="0.001" /><testcase classname="tests.unit.conversation_intelligence.test_mixed_script_prompt_budget" name="test_gemini_report_keeps_all_sixty_four_facts_and_full_overview" time="0.021" /><testcase classname="tests.unit.conversation_intelligence.test_mixed_script_prompt_budget" name="test_other_model_report_limits_are_unchanged[groq-openai/gpt-oss-120b]" time="0.006" /><testcase classname="tests.unit.conversation_intelligence.test_mixed_script_prompt_budget" name="test_other_model_report_limits_are_unchanged[gemini-gemini-3.1-pro-preview]" time="0.006" /><testcase classname="tests.unit.conversation_intelligence.test_mixed_script_prompt_budget" name="test_gemini_broker_and_reconstruction_enforce_the_same_byte_envelope" time="0.016" /><testcase classname="tests.unit.conversation_intelligence.test_mixed_script_prompt_budget" name="test_gemini_report_exact_byte_boundary_and_stage_cannot_be_overridden" time="0.007" /><testcase classname="tests.unit.conversation_intelligence.test_reports" name="test_parser_binds_source_and_derives_profile_metadata" time="0.003" /><testcase classname="tests.unit.conversation_intelligence.test_reports" name="test_parser_rejects_unknown_numeric_and_unbound_evidence" time="0.003" /><testcase classname="tests.unit.conversation_intelligence.test_reports" name="test_parser_rejects_unsupported_citation_and_empty_transcript" time="0.002" /><testcase classname="tests.unit.conversation_intelligence.test_reports" name="test_fact_packet_is_profile_independent" time="0.001" /><testcase classname="tests.unit.conversation_intelligence.test_reports" name="test_chunking_preserves_all_segments_and_rejects_silent_truncation" time="0.001" /><testcase classname="tests.unit.conversation_intelligence.test_reports" name="test_groq_prompt_is_bounded_and_has_complete_chunk_source" time="0.001" /><testcase classname="tests.unit.conversation_intelligence.test_reports" name="test_fact_packet_accepts_compact_observations_and_requires_full_coverage" time="0.001" /><testcase classname="tests.unit.conversation_intelligence.test_reports" name="test_merge_fact_packets_rejects_duplicate_coverage_and_timebase_drift" time="0.001" /><testcase classname="tests.unit.conversation_intelligence.test_reports" name="test_merge_fact_packets_revalidates_evidence_against_transcript" time="0.002" /><testcase classname="tests.unit.conversation_intelligence.test_reports" name="test_fact_prompt_has_no_profile_and_report_prompt_is_single_judge_call" time="0.002" /><testcase classname="tests.unit.conversation_intelligence.test_reports" name="test_groq_envelope_parser_keeps_raw_response_out_of_draft" time="0.002" /><testcase classname="tests.unit.conversation_intelligence.test_report_overview" name="test_new_overview_preserves_source_and_old_reports_keep_their_serialized_shape" time="0.004" /><testcase classname="tests.unit.conversation_intelligence.test_report_overview" name="test_missing_or_invented_template_data_fails[progress-value0]" time="0.002" /><testcase classname="tests.unit.conversation_intelligence.test_report_overview" name="test_missing_or_invented_template_data_fails[version-future-auto-approved]" time="0.002" /><testcase classname="tests.unit.conversation_intelligence.test_report_overview" name="test_missing_or_invented_template_data_fails[strength_details-value2]" time="0.002" /><testcase classname="tests.unit.conversation_intelligence.test_report_overview" name="test_missing_or_invented_template_data_fails[next_call_focus-None]" time="0.002" /><testcase classname="tests.unit.conversation_intelligence.test_report_overview" name="test_missing_or_invented_template_data_fails[practice-None]" time="0.002" /><testcase classname="tests.unit.conversation_intelligence.test_report_overview" name="test_missing_or_invented_template_data_fails[diagnosis-value5]" time="0.002" /><testcase classname="tests.unit.conversation_intelligence.test_report_overview" name="test_missing_or_invented_template_data_fails[golden_moments-value6]" time="0.002" /><testcase classname="tests.unit.conversation_intelligence.test_report_overview" name="test_missing_or_invented_template_data_fails[improvement_details-value7]" time="0.002" /><testcase classname="tests.unit.conversation_intelligence.test_report_overview" name="test_new_nested_evidence_cannot_change_the_source[quote]" time="0.002" /><testcase classname="tests.unit.conversation_intelligence.test_report_overview" name="test_new_nested_evidence_cannot_change_the_source[start_ms]" time="0.002" /><testcase classname="tests.unit.conversation_intelligence.test_report_overview" name="test_new_nested_evidence_cannot_change_the_source[segment_id]" time="0.001" /><testcase classname="tests.unit.conversation_intelligence.test_report_overview" name="test_financial_estimates_traits_and_boolean_focus_indices_are_rejected" time="0.003" /><testcase classname="tests.unit.conversation_intelligence.test_report_overview" name="test_interpretation_and_change_require_source_and_chronological_context" time="0.003" /><testcase classname="tests.unit.conversation_intelligence.test_report_overview" name="test_duplicate_references_and_duplicate_rewatch_clips_are_rejected" time="0.002" /><testcase classname="tests.unit.conversation_intelligence.test_report_overview" name="test_new_template_changes_only_coaching_input_and_preserves_token_ceiling" time="0.003" /><testcase classname="tests.unit.conversation_intelligence.test_report_overview" name="test_shared_browser_fixture_passes_the_authoritative_backend_parser" time="0.008" /><testcase classname="tests.unit.conversation_intelligence.test_report_overview" name="test_detailed_response_allocation_cannot_raise_the_owner_approved_cap" time="0.001" /><testcase classname="tests.unit.conversation_intelligence.test_report_overview" name="test_explicit_numeric_claims_cannot_hide_in_model_prose[summary-Score 9/10; projected revenue 50000]" time="0.002" /><testcase classname="tests.unit.conversation_intelligence.test_report_overview" name="test_explicit_numeric_claims_cannot_hide_in_model_prose[summary-Your rating is \uff19 out of \uff11\uff10.]" time="0.004" /><testcase classname="tests.unit.conversation_intelligence.test_report_overview" name="test_explicit_numeric_claims_cannot_hide_in_model_prose[summary-The projected annual revenue is \u20b950,000.]" time="0.002" /><testcase classname="tests.unit.conversation_intelligence.test_report_overview" name="test_explicit_numeric_claims_cannot_hide_in_model_prose[summary-Expected profit: 5000 INR.]" time="0.002" /><testcase classname="tests.unit.conversation_intelligence.test_report_overview" name="test_explicit_numeric_claims_cannot_hide_in_model_prose[summary-\u0938\u094d\u0915\u094b\u0930: \u096f/\u0967\u0966]" time="0.002" /><testcase classname="tests.unit.conversation_intelligence.test_report_overview" name="test_explicit_numeric_claims_cannot_hide_in_model_prose[summary-\u0905\u0928\u0941\u092e\u093e\u0928\u093f\u0924 \u0930\u093e\u091c\u0938\u094d\u0935 \u096b\u0966\u0966\u0966\u0966 \u0939\u0948\u0964]" time="0.002" /><testcase classname="tests.unit.conversation_intelligence.test_report_overview" name="test_explicit_numeric_claims_cannot_hide_in_model_prose[overview-Score 9/10; projected revenue 50000]" time="0.003" /><testcase classname="tests.unit.conversation_intelligence.test_report_overview" name="test_explicit_numeric_claims_cannot_hide_in_model_prose[overview-Your rating is \uff19 out of \uff11\uff10.]" time="0.003" /><testcase classname="tests.unit.conversation_intelligence.test_report_overview" name="test_explicit_numeric_claims_cannot_hide_in_model_prose[overview-The projected annual revenue is \u20b950,000.]" time="0.002" /><testcase classname="tests.unit.conversation_intelligence.test_report_overview" name="test_explicit_numeric_claims_cannot_hide_in_model_prose[overview-Expected profit: 5000 INR.]" time="0.002" /><testcase classname="tests.unit.conversation_intelligence.test_report_overview" name="test_explicit_numeric_claims_cannot_hide_in_model_prose[overview-\u0938\u094d\u0915\u094b\u0930: \u096f/\u0967\u0966]" time="0.002" /><testcase classname="tests.unit.conversation_intelligence.test_report_overview" name="test_explicit_numeric_claims_cannot_hide_in_model_prose[overview-\u0905\u0928\u0941\u092e\u093e\u0928\u093f\u0924 \u0930\u093e\u091c\u0938\u094d\u0935 \u096b\u0966\u0966\u0966\u0966 \u0939\u0948\u0964]" time="0.003" /><testcase classname="tests.unit.conversation_intelligence.test_report_overview" name="test_source_prices_and_action_counts_are_preserved_without_inventing_revenue" time="0.003" /><testcase classname="tests.unit.conversation_intelligence.test_inference_tasks" name="test_scribe_envelope_references_source_without_retaining_audio" time="0.001" /><testcase classname="tests.unit.conversation_intelligence.test_inference_tasks" name="test_scribe_result_is_source_bound_and_preserves_raw_receipt" time="0.001" /><testcase classname="tests.unit.conversation_intelligence.test_inference_tasks" name="test_fact_envelopes_cover_complete_chunks_without_profile" time="0.001" /><testcase classname="tests.unit.conversation_intelligence.test_inference_tasks" name="test_fact_result_validates_chunk_evidence_and_returns_fresh_json" time="0.001" /><testcase classname="tests.unit.conversation_intelligence.test_inference_tasks" name="test_coaching_envelope_uses_profile_revision_and_withholds_numeric_output" time="0.005" /><testcase classname="tests.unit.conversation_intelligence.test_inference_tasks" name="test_profile_changes_do_not_change_c2_envelope" time="0.002" /><testcase classname="tests.unit.conversation_intelligence.test_inference_tasks" name="test_raw_provider_provenance_cannot_name_different_parsed_content" time="0.001" /><testcase classname="tests.unit.conversation_intelligence.test_gemini_tasks" name="test_native_fact_body_reconstruction_model_budget_and_mixed_script[gemini-3.1-pro-preview]" time="0.002" /><testcase classname="tests.unit.conversation_intelligence.test_gemini_tasks" name="test_native_fact_body_reconstruction_model_budget_and_mixed_script[gemini-3.8-flash]" time="0.002" /><testcase classname="tests.unit.conversation_intelligence.test_gemini_tasks" name="test_reconstruction_rejects_forged_native_configuration[model]" time="0.001" /><testcase classname="tests.unit.conversation_intelligence.test_gemini_tasks" name="test_reconstruction_rejects_forged_native_configuration[tokens]" time="0.001" /><testcase classname="tests.unit.conversation_intelligence.test_gemini_tasks" name="test_reconstruction_rejects_forged_native_configuration[tools]" time="0.001" /><testcase classname="tests.unit.conversation_intelligence.test_gemini_tasks" name="test_reconstruction_rejects_forged_native_configuration[candidates]" time="0.002" /><testcase classname="tests.unit.conversation_intelligence.test_gemini_tasks" name="test_reconstruction_rejects_forged_native_configuration[parts]" time="0.001" /><testcase classname="tests.unit.conversation_intelligence.test_gemini_tasks" name="test_reconstruction_rejects_forged_native_configuration[thoughts]" time="0.001" /><testcase classname="tests.unit.conversation_intelligence.test_gemini_tasks" name="test_reconstruction_rejects_forged_native_configuration[source]" time="0.001" /><testcase classname="tests.unit.conversation_intelligence.test_gemini_tasks" name="test_native_report_matches_shared_schema_and_keeps_raw_thoughts_private" time="0.008" /><testcase classname="tests.unit.conversation_intelligence.test_gemini_tasks" name="test_invalid_native_envelope_never_completes[truncated]" time="0.002" /><testcase classname="tests.unit.conversation_intelligence.test_gemini_tasks" name="test_invalid_native_envelope_never_completes[blocked]" time="0.001" /><testcase classname="tests.unit.conversation_intelligence.test_gemini_tasks" name="test_invalid_native_envelope_never_completes[empty]" time="0.001" /><testcase classname="tests.unit.conversation_intelligence.test_gemini_tasks" name="test_invalid_native_envelope_never_completes[thought_only]" time="0.001" /><testcase classname="tests.unit.conversation_intelligence.test_gemini_tasks" name="test_invalid_native_envelope_never_completes[multi]" time="0.001" /><testcase classname="tests.unit.conversation_intelligence.test_gemini_tasks" name="test_invalid_native_envelope_never_completes[tool]" time="0.001" /><testcase classname="tests.unit.conversation_intelligence.test_gemini_tasks" name="test_invalid_native_envelope_never_completes[invalid_json]" time="0.001" /><testcase classname="tests.unit.conversation_intelligence.test_gemini_tasks" name="test_invalid_native_envelope_never_completes[duplicate]" time="0.001" /><testcase classname="tests.unit.conversation_intelligence.test_gemini_tasks" name="test_invalid_native_envelope_never_completes[nonfinite]" time="0.001" /><testcase classname="tests.unit.conversation_intelligence.test_gemini_tasks" name="test_native_report_uses_existing_literal_source_and_publication_checks[quote]" time="0.004" /><testcase classname="tests.unit.conversation_intelligence.test_gemini_tasks" name="test_native_report_uses_existing_literal_source_and_publication_checks[timing]" time="0.003" /><testcase classname="tests.unit.conversation_intelligence.test_gemini_tasks" name="test_native_report_uses_existing_literal_source_and_publication_checks[numeric]" time="0.003" /><testcase classname="tests.unit.conversation_intelligence.test_gemini_tasks" name="test_native_report_uses_existing_literal_source_and_publication_checks[overview]" time="0.005" /><testcase classname="tests.unit.conversation_intelligence.test_gemini_tasks" name="test_native_transport_has_fixed_destination_and_reports_thinking_usage" time="0.003" /><testcase classname="tests.unit.conversation_intelligence.test_gemini_tasks" name="test_old_groq_stage_intent_bytes_keep_their_previous_shape" time="0.001" /><testcase classname="tests.unit.conversation_intelligence.test_gemini_tasks" name="test_unimplemented_models_cannot_use_the_adapter_by_catalog_assumption" time="0.001" /><testcase classname="tests.unit.conversation_intelligence.test_gemini_tasks" name="test_catalog_resolves_only_the_approved_implemented_task[facts-gemini-3.1-pro-preview]" time="0.001" /><testcase classname="tests.unit.conversation_intelligence.test_gemini_tasks" name="test_catalog_resolves_only_the_approved_implemented_task[facts-gemini-3.8-flash]" time="0.001" /><testcase classname="tests.unit.conversation_intelligence.test_gemini_tasks" name="test_catalog_resolves_only_the_approved_implemented_task[coaching-gemini-3.1-pro-preview]" time="0.001" /><testcase classname="tests.unit.conversation_intelligence.test_gemini_tasks" name="test_catalog_resolves_only_the_approved_implemented_task[coaching-gemini-3.8-flash]" time="0.001" /><testcase classname="tests.unit.conversation_intelligence.test_broker_router" name="test_exact_current_approval_selects_only_fixed_provider_child" time="0.005" /><testcase classname="tests.unit.conversation_intelligence.test_broker_router" name="test_changed_credential_reference_is_rejected_before_child" time="0.003" /><testcase classname="tests.unit.conversation_intelligence.test_broker_router" name="test_unknown_provider_has_no_fallback_child" time="0.003" /><testcase classname="tests.unit.conversation_intelligence.test_broker_router" name="test_stale_stage_approval_is_rejected_before_child" time="0.003" /><testcase classname="tests.unit.conversation_intelligence.test_broker_router" name="test_permission_authorization_is_bound_to_current_bundle_digest" time="0.004" /><testcase classname="tests.unit.conversation_intelligence.test_broker_router" name="test_child_result_is_bound_to_reservation_and_raw_receipt[provider-elevenlabs-forged]" time="0.004" /><testcase classname="tests.unit.conversation_intelligence.test_broker_router" name="test_child_result_is_bound_to_reservation_and_raw_receipt[model-different-model]" time="0.004" /><testcase classname="tests.unit.conversation_intelligence.test_broker_router" name="test_child_result_is_bound_to_reservation_and_raw_receipt[input_sha256-ffffffffffffffffffffffffffffffffffffffffffffffffffffffffffffffff]" time="0.004" /><testcase classname="tests.unit.conversation_intelligence.test_broker_router" name="test_child_result_is_bound_to_reservation_and_raw_receipt[response_sha256-ffffffffffffffffffffffffffffffffffffffffffffffffffffffffffffffff]" time="0.003" /><testcase classname="tests.unit.conversation_intelligence.test_broker_router" name="test_child_result_is_bound_to_reservation_and_raw_receipt[raw_json-value4]" time="0.003" /><testcase classname="tests.unit.conversation_intelligence.test_broker_router" name="test_wrong_child_result_type_is_rejected" time="0.003" /><testcase classname="tests.unit.conversation_intelligence.test_broker_router" name="test_c2_quote_input_digest_must_remain_exact_source_digest" time="0.004" /><testcase classname="tests.unit.conversation_intelligence.test_broker_router" name="test_gemini_uses_exact_free_or_paid_scope_without_fallback[0]" time="0.004" /><testcase classname="tests.unit.conversation_intelligence.test_broker_router" name="test_gemini_uses_exact_free_or_paid_scope_without_fallback[50]" time="0.004" /><testcase classname="tests.unit.conversation_intelligence.test_broker_router" name="test_gemini_router_checks_native_output_cap_before_child" time="0.003" /><testcase classname="tests.unit.conversation_intelligence.test_broker_router" name="test_c4_router_accepts_production_fact_recipe_and_payload" time="0.005" /><testcase classname="tests.unit.conversation_intelligence.test_broker_router" name="test_c5_router_accepts_production_coaching_recipe_and_frozen_profile" time="0.005" /><testcase classname="tests.unit.conversation_intelligence.test_broker_router" name="test_unexpected_child_error_is_sanitized" time="0.003" /><testcase classname="tests.unit.conversation_intelligence.test_broker_router" name="test_stable_broker_error_is_preserved" time="0.003" /><testcase classname="tests.unit.conversation_intelligence.test_broker_router" name="test_cancellation_is_not_converted_to_router_failure" time="0.003" /></testsuite></testsuites>