<?xml version="1.0" encoding="utf-8"?><testsuites name="pytest tests"><testsuite name="pytest" errors="0" failures="0" skipped="0" tests="3" time="103.326" timestamp="2026-09-14T00:20:05.091398+05:30" hostname="RSuyash"><testcase classname="tests.e2e.test_sales_xray_standalone_browser" name="test_standalone_sales_xray_password_workspace_and_logout_browser_proof" time="27.527" /><testcase classname="tests.e2e.test_sales_xray_report_browser" name="test_real_browser_saved_report_playback_and_local_upload" time="34.906" /><testcase classname="tests.e2e.test_sales_xray_report_browser" name="test_real_browser_durable_worker_report_playback" time="37.298" /></testsuite></testsuites>