<?xml version="1.0" encoding="utf-8"?><testsuites name="pytest tests"><testsuite name="pytest" errors="0" failures="0" skipped="1" tests="88" time="4.367" timestamp="2026-09-14T04:08:33.049932+05:30" hostname="RSuyash"><testcase classname="tests.unit.conversation_intelligence.test_acquisition_source" name="test_supported_header_is_only_a_type_hint[RIFF0000WAVE-audio/wav]" time="0.001" /><testcase classname="tests.unit.conversation_intelligence.test_acquisition_source" name="test_supported_header_is_only_a_type_hint[RF640000WAVE-audio/wav]" time="0.001" /><testcase classname="tests.unit.conversation_intelligence.test_acquisition_source" name="test_supported_header_is_only_a_type_hint[OggS0000-audio/ogg]" time="0.001" /><testcase classname="tests.unit.conversation_intelligence.test_acquisition_source" name="test_supported_header_is_only_a_type_hint[fLaC0000-audio/flac]" time="0.001" /><testcase classname="tests.unit.conversation_intelligence.test_acquisition_source" name="test_supported_header_is_only_a_type_hint[0000ftypM4A -audio/mp4]" time="0.001" /><testcase classname="tests.unit.conversation_intelligence.test_acquisition_source" name="test_supported_header_is_only_a_type_hint[ID300000-audio/mpeg]" time="0.001" /><testcase classname="tests.unit.conversation_intelligence.test_acquisition_source" name="test_supported_header_is_only_a_type_hint[\xff\xfb00000-audio/mpeg]" time="0.001" /><testcase classname="tests.unit.conversation_intelligence.test_acquisition_source" name="test_unsupported_header_is_rejected[]" time="0.001" /><testcase classname="tests.unit.conversation_intelligence.test_acquisition_source" name="test_unsupported_header_is_rejected[RIFF0000AVI ]" time="0.001" /><testcase classname="tests.unit.conversation_intelligence.test_acquisition_source" name="test_unsupported_header_is_rejected[&lt;html&gt;]" time="0.001" /><testcase classname="tests.unit.conversation_intelligence.test_acquisition_source" name="test_unsupported_header_is_rejected[https://audio.invalid/]" time="0.001" /><testcase classname="tests.unit.conversation_intelligence.test_acquisition_source" name="test_duration_is_bound_to_validated_native_file" time="0.021" /><testcase classname="tests.unit.conversation_intelligence.test_acquisition_source" name="test_mismatched_or_corrupted_receipt_cannot_reserve_minutes[duration]" time="0.019" /><testcase classname="tests.unit.conversation_intelligence.test_acquisition_source" name="test_mismatched_or_corrupted_receipt_cannot_reserve_minutes[boolean_duration]" time="0.020" /><testcase classname="tests.unit.conversation_intelligence.test_acquisition_source" name="test_mismatched_or_corrupted_receipt_cannot_reserve_minutes[source]" time="0.019" /><testcase classname="tests.unit.conversation_intelligence.test_acquisition_source" name="test_mismatched_or_corrupted_receipt_cannot_reserve_minutes[samples]" time="0.018" /><testcase classname="tests.unit.conversation_intelligence.test_acquisition_source" name="test_mismatched_or_corrupted_receipt_cannot_reserve_minutes[forged_samples]" time="0.021" /><testcase classname="tests.unit.conversation_intelligence.test_acquisition_source" name="test_mismatched_or_corrupted_receipt_cannot_reserve_minutes[rate]" time="0.020" /><testcase classname="tests.unit.conversation_intelligence.test_acquisition_source" name="test_mismatched_or_corrupted_receipt_cannot_reserve_minutes[features]" time="0.021" /><testcase classname="tests.unit.conversation_intelligence.test_acquisition_source" name="test_mismatched_or_corrupted_receipt_cannot_reserve_minutes[returned]" time="0.018" /><testcase classname="tests.unit.conversation_intelligence.test_acquisition_source" name="test_wrong_original_hash_is_rejected_before_native_call" time="0.006" /><testcase classname="tests.unit.conversation_intelligence.test_acquisition_source" name="test_actual_offline_native_preflight_measures_original_samples" time="0.325" /><testcase classname="tests.unit.conversation_intelligence.test_native_runtime" name="test_cleanup_requires_confirmed_container_absence[0-container-id\n]" time="0.003" /><testcase classname="tests.unit.conversation_intelligence.test_native_runtime" name="test_cleanup_requires_confirmed_container_absence[1-]" time="0.003" /><testcase classname="tests.unit.conversation_intelligence.test_native_runtime" name="test_cleanup_accepts_already_auto_removed_container" time="0.003" /><testcase classname="tests.unit.conversation_intelligence.test_native_runtime" name="test_docker_adapter_uses_fixed_isolated_command_and_promotes_verified_output" time="0.023" /><testcase classname="tests.unit.conversation_intelligence.test_native_runtime" name="test_docker_adapter_stages_on_helper_quota_root_and_publishes_to_worker_root" time="0.030" /><testcase classname="tests.unit.conversation_intelligence.test_native_runtime" name="test_helper_peer_credentials_use_uid_slot" time="0.001" /><testcase classname="tests.unit.conversation_intelligence.test_native_runtime" name="test_helper_ignores_disconnected_peer_when_sending_error" time="0.001" /><testcase classname="tests.unit.conversation_intelligence.test_native_runtime" name="test_helper_request_frame_has_one_bounded_deadline" time="0.001" /><testcase classname="tests.unit.conversation_intelligence.test_native_runtime" name="test_native_owner_is_applied_to_staging_and_published_files" time="0.001"><skipped type="pytest.skip" message="POSIX ownership is unavailable">D:\Projects\authority-closers-xray-guest-adapter\tests\unit\conversation_intelligence\test_native_runtime.py:283: POSIX ownership is unavailable</skipped></testcase><testcase classname="tests.unit.conversation_intelligence.test_native_runtime" name="test_socket_client_sends_only_bounded_paths_and_validates_output" time="0.018" /><testcase classname="tests.unit.conversation_intelligence.test_native_runtime" name="test_runtime_rejects_mutable_image_refs[ac-sales-xray:latest-native_runtime_configuration_invalid]" time="0.003" /><testcase classname="tests.unit.conversation_intelligence.test_native_runtime" name="test_runtime_rejects_mutable_image_refs[registry.example/ac-sales-xray:1-native_runtime_configuration_invalid]" time="0.004" /><testcase classname="tests.unit.conversation_intelligence.test_native_runtime" name="test_hosted_profile_rejects_48khz_and_output_outside_workspace" time="0.005" /><testcase classname="tests.unit.conversation_intelligence.test_native_runtime" name="test_checkpoint_source_or_feature_damage_is_rejected_and_staging_is_clean" time="0.023" /><testcase classname="tests.unit.conversation_intelligence.test_signals" name="test_native_source_preserved" time="0.013" /><testcase classname="tests.unit.conversation_intelligence.test_signals" name="test_packing_retains_integer_support_tail_and_missing_pitch" time="0.010" /><testcase classname="tests.unit.conversation_intelligence.test_signals" name="test_packing_is_byte_deterministic" time="0.011" /><testcase classname="tests.unit.conversation_intelligence.test_signals" name="test_packing_float32_error_is_bounded" time="0.010" /><testcase classname="tests.unit.conversation_intelligence.test_signals" name="test_packing_rejects_corrupt_support_and_removes_output[0-1]" time="0.017" /><testcase classname="tests.unit.conversation_intelligence.test_signals" name="test_packing_rejects_corrupt_support_and_removes_output[1-1]" time="0.013" /><testcase classname="tests.unit.conversation_intelligence.test_signals" name="test_packing_rejects_corrupt_support_and_removes_output[2-639]" time="0.014" /><testcase classname="tests.unit.conversation_intelligence.test_signals" name="test_packing_rejects_corrupt_support_and_removes_output[17--1]" time="0.012" /><testcase classname="tests.unit.conversation_intelligence.test_signals" name="test_packing_rejects_corrupt_support_and_removes_output[17-0.5]" time="0.014" /><testcase classname="tests.unit.conversation_intelligence.test_signals" name="test_nonfinite_native_output_rejected_and_cleaned[nan]" time="0.013" /><testcase classname="tests.unit.conversation_intelligence.test_signals" name="test_nonfinite_native_output_rejected_and_cleaned[inf]" time="0.015" /><testcase classname="tests.unit.conversation_intelligence.test_signals" name="test_nonfinite_native_output_rejected_and_cleaned[-inf]" time="0.012" /><testcase classname="tests.unit.conversation_intelligence.test_signals" name="test_existing_feature_output_never_overwritten" time="0.011" /><testcase classname="tests.unit.conversation_intelligence.test_signals" name="test_feature_reader_rejects_corruption[truncate]" time="0.011" /><testcase classname="tests.unit.conversation_intelligence.test_signals" name="test_feature_reader_rejects_corruption[append]" time="0.015" /><testcase classname="tests.unit.conversation_intelligence.test_signals" name="test_feature_reader_rejects_corruption[magic]" time="0.012" /><testcase classname="tests.unit.conversation_intelligence.test_signals" name="test_feature_reader_rejects_corruption[position]" time="0.013" /><testcase classname="tests.unit.conversation_intelligence.test_signals" name="test_feature_reader_rejects_corruption[flags]" time="0.014" /><testcase classname="tests.unit.conversation_intelligence.test_signals" name="test_metadata_and_artifact_digest_must_match" time="0.009" /><testcase classname="tests.unit.conversation_intelligence.test_signals" name="test_summary_masks_tail_and_bounds_display" time="0.017" /><testcase classname="tests.unit.conversation_intelligence.test_signals" name="test_fusion_uses_full_window_containment_not_centers" time="0.016" /><testcase classname="tests.unit.conversation_intelligence.test_signals" name="test_mono_overlap_abstains_even_with_channel_mapping[False]" time="0.017" /><testcase classname="tests.unit.conversation_intelligence.test_signals" name="test_mono_overlap_abstains_even_with_channel_mapping[True]" time="0.015" /><testcase classname="tests.unit.conversation_intelligence.test_signals" name="test_stereo_attribution_requires_verified_isolated_channels" time="0.027" /><testcase classname="tests.unit.conversation_intelligence.test_signals" name="test_fusion_rejects_cross_source_or_unmapped_clocks[source_sha256-bbbbbbbbbbbbbbbbbbbbbbbbbbbbbbbbbbbbbbbbbbbbbbbbbbbbbbbbbbbbbbbb-source_mismatch]" time="0.015" /><testcase classname="tests.unit.conversation_intelligence.test_signals" name="test_fusion_rejects_cross_source_or_unmapped_clocks[clock-container-clock_unmapped]" time="0.015" /><testcase classname="tests.unit.conversation_intelligence.test_signals" name="test_process_timeout_does_not_return_child_content" time="0.063" /><testcase classname="tests.unit.conversation_intelligence.test_signals" name="test_process_stdout_is_bounded" time="0.073" /><testcase classname="tests.unit.conversation_intelligence.test_signals" name="test_process_error_sanitizes_stderr" time="0.073" /><testcase classname="tests.unit.conversation_intelligence.test_signals" name="test_process_derivative_size_is_bounded" time="0.100" /><testcase classname="tests.unit.conversation_intelligence.test_signals" name="test_process_excludes_provider_credentials" time="0.071" /><testcase classname="tests.unit.conversation_intelligence.test_signals" name="test_inspection_failure_cleans_every_temporary_derivative[probe]" time="0.008" /><testcase classname="tests.unit.conversation_intelligence.test_signals" name="test_inspection_failure_cleans_every_temporary_derivative[decode]" time="0.008" /><testcase classname="tests.unit.conversation_intelligence.test_signals" name="test_inspection_failure_cleans_every_temporary_derivative[native]" time="0.010" /><testcase classname="tests.unit.conversation_intelligence.test_signals" name="test_inspection_failure_cleans_every_temporary_derivative[pack]" time="0.009" /><testcase classname="tests.unit.conversation_intelligence.test_signals" name="test_inspection_failure_cleans_every_temporary_derivative[summary]" time="0.012" /><testcase classname="tests.unit.conversation_intelligence.test_signals" name="test_native_pitch_on_controlled_tones[60]" time="0.068" /><testcase classname="tests.unit.conversation_intelligence.test_signals" name="test_native_pitch_on_controlled_tones[100]" time="0.052" /><testcase classname="tests.unit.conversation_intelligence.test_signals" name="test_native_pitch_on_controlled_tones[200]" time="0.063" /><testcase classname="tests.unit.conversation_intelligence.test_signals" name="test_native_pitch_on_controlled_tones[300]" time="0.053" /><testcase classname="tests.unit.conversation_intelligence.test_signals" name="test_native_pitch_on_controlled_tones[440]" time="0.052" /><testcase classname="tests.unit.conversation_intelligence.test_signals" name="test_native_pitch_on_controlled_tones[660]" time="0.051" /><testcase classname="tests.unit.conversation_intelligence.test_signals" name="test_native_pitch_on_controlled_tones[880]" time="0.051" /><testcase classname="tests.unit.conversation_intelligence.test_signals" name="test_native_fft_matches_direct_autocorrelation[8000]" time="0.095" /><testcase classname="tests.unit.conversation_intelligence.test_signals" name="test_native_fft_matches_direct_autocorrelation[16000]" time="0.109" /><testcase classname="tests.unit.conversation_intelligence.test_signals" name="test_native_fft_matches_direct_autocorrelation[48000]" time="0.138" /><testcase classname="tests.unit.conversation_intelligence.test_signals" name="test_native_preserves_opposite_phase_stereo" time="0.063" /><testcase classname="tests.unit.conversation_intelligence.test_signals" name="test_native_invalid_samples_flagged_and_not_attributed" time="0.055" /><testcase classname="tests.unit.conversation_intelligence.test_signals" name="test_native_gain_dbfs_invariant" time="0.109" /><testcase classname="tests.unit.conversation_intelligence.test_signals" name="test_tail_peak_is_retained_without_fabricating_usable_pitch" time="0.051" /><testcase classname="tests.unit.conversation_intelligence.test_signals" name="test_real_decoder_synthetic_wav_roundtrip" time="0.371" /><testcase classname="tests.unit.conversation_intelligence.test_signals" name="test_real_decoder_rejects_playlist_without_resolving_source" time="0.182" /></testsuite></testsuites>