<?xml version="1.0" encoding="utf-8"?><testsuites name="pytest tests"><testsuite name="pytest" errors="0" failures="0" skipped="0" tests="4" time="23.475" timestamp="2026-09-14T04:21:28.328334+05:30" hostname="RSuyash"><testcase classname="tests.database.test_conversation_submission_http_postgresql" name="test_original_upload_worker_and_expired_lease_playback_are_owner_bound" time="10.842" /><testcase classname="tests.database.test_conversation_submission_http_postgresql" name="test_create_app_mounts_guest_flow_and_streams_more_than_generic_body_limit" time="4.088" /><testcase classname="tests.database.test_conversation_submission_http_postgresql" name="test_guest_http_plan_reaches_source_bound_overview_and_settles_without_browser" time="4.005" /><testcase classname="tests.database.test_conversation_submission_http_postgresql" name="test_upload_boundary_rejects_selector_cookie_origin_and_source_tampering" time="1.273" /></testsuite></testsuites>