<?xml version="1.0" encoding="utf-8"?><testsuites name="pytest tests"><testsuite name="pytest" errors="0" failures="0" skipped="0" tests="233" time="21.653" timestamp="2026-09-14T04:26:47.793944+05:30" hostname="RSuyash"><testcase classname="tests.unit.http.test_app_composition" name="test_shipped_application_mounts_g1_command_and_query_routes" time="0.847" /><testcase classname="tests.unit.http.test_app_composition" name="test_deployment_composition_omits_unconfigured_playback_routes[staging]" time="0.880" /><testcase classname="tests.unit.http.test_app_composition" name="test_deployment_composition_omits_unconfigured_playback_routes[production]" time="0.790" /><testcase classname="tests.unit.http.test_app_composition" name="test_deployment_composes_explicit_filesystem_video_profile[staging]" time="0.549" /><testcase classname="tests.unit.http.test_app_composition" name="test_deployment_composes_explicit_filesystem_video_profile[production]" time="0.173" /><testcase classname="tests.unit.http.test_app_composition" name="test_deployment_composition_rejects_injected_unverified_media_runtime[staging]" time="0.009" /><testcase classname="tests.unit.http.test_app_composition" name="test_deployment_composition_rejects_injected_unverified_media_runtime[production]" time="0.010" /><testcase classname="tests.unit.http.test_app_composition" name="test_non_local_composition_rejects_enabled_media_settings[staging]" time="0.005" /><testcase classname="tests.unit.http.test_app_composition" name="test_non_local_composition_rejects_enabled_media_settings[production]" time="0.006" /><testcase classname="tests.unit.http.test_app_composition" name="test_public_api_documentation_is_available_outside_deployments" time="0.132" /><testcase classname="tests.unit.http.test_app_composition" name="test_staging_and_production_disable_public_api_documentation" time="0.267" /><testcase classname="tests.unit.http.test_app_composition" name="test_deployment_composition_rejects_missing_google_oauth_pair" time="0.005" /><testcase classname="tests.unit.http.test_app_composition" name="test_deployment_composition_rejects_injected_identity_providers[disabled-staging]" time="0.007" /><testcase classname="tests.unit.http.test_app_composition" name="test_deployment_composition_rejects_injected_identity_providers[disabled-production]" time="0.005" /><testcase classname="tests.unit.http.test_app_composition" name="test_deployment_composition_rejects_injected_identity_providers[custom-staging]" time="0.005" /><testcase classname="tests.unit.http.test_app_composition" name="test_deployment_composition_rejects_injected_identity_providers[custom-production]" time="0.005" /><testcase classname="tests.unit.http.test_app_composition" name="test_non_deployment_composition_preserves_identity_provider_injection[test]" time="0.127" /><testcase classname="tests.unit.http.test_app_composition" name="test_non_deployment_composition_preserves_identity_provider_injection[development]" time="0.292" /><testcase classname="tests.unit.http.test_app_composition" name="test_deployment_constructs_google_provider_only_from_settings[staging]" time="0.138" /><testcase classname="tests.unit.http.test_app_composition" name="test_deployment_constructs_google_provider_only_from_settings[production]" time="0.133" /><testcase classname="tests.unit.http.test_app_composition" name="test_deployment_composition_does_not_enable_cross_surface_browser_cors" time="0.133" /><testcase classname="tests.unit.http.test_app_composition" name="test_local_cors_allows_exact_quote_header_for_intake" time="0.142" /><testcase classname="tests.unit.http.test_app_composition" name="test_deployment_coach_host_is_trusted_but_restricted_before_identity_resolution" time="0.435" /><testcase classname="tests.unit.http.test_app_composition" name="test_deployment_trusted_host_accepts_only_canonical_public_and_internal_api_hosts[staging-api.staging.ac.internal.invalid-api-staging.authorityclosers.com]" time="0.267" /><testcase classname="tests.unit.http.test_app_composition" name="test_deployment_trusted_host_accepts_only_canonical_public_and_internal_api_hosts[production-api.production.ac.internal.invalid-api.authorityclosers.com]" time="0.345" /><testcase classname="tests.unit.http.test_studio_video_bytes" name="test_success_streams_outside_authority_and_rechecks_before_private_publish[coach]" time="0.583" /><testcase classname="tests.unit.http.test_studio_video_bytes" name="test_success_streams_outside_authority_and_rechecks_before_private_publish[admin]" time="0.214" /><testcase classname="tests.unit.http.test_studio_video_bytes" name="test_explicit_body_limit_allows_bounded_multiframe_upload_above_one_megabyte" time="0.266" /><testcase classname="tests.unit.http.test_studio_video_bytes" name="test_default_body_limit_remains_one_megabyte_when_studio_opt_in_is_disabled" time="0.262" /><testcase classname="tests.unit.http.test_studio_video_bytes" name="test_non_exact_path_method_or_uuid_cannot_escape_generic_body_limit[PUT-/extra]" time="0.157" /><testcase classname="tests.unit.http.test_studio_video_bytes" name="test_non_exact_path_method_or_uuid_cannot_escape_generic_body_limit[POST-]" time="0.183" /><testcase classname="tests.unit.http.test_studio_video_bytes" name="test_non_exact_path_method_or_uuid_cannot_escape_generic_body_limit[PUT-/not-a-uuid/bytes]" time="0.158" /><testcase classname="tests.unit.http.test_studio_video_bytes" name="test_immutable_retry_does_not_reconsume_body_and_limiter_is_released" time="0.253" /><testcase classname="tests.unit.http.test_studio_video_bytes" name="test_fresh_reauthorization_rejects_revoked_session_before_publish" time="0.352" /><testcase classname="tests.unit.http.test_studio_video_bytes" name="test_partial_or_disconnected_transfer_never_publishes_and_releases_slot[chunks0-None]" time="0.226" /><testcase classname="tests.unit.http.test_studio_video_bytes" name="test_partial_or_disconnected_transfer_never_publishes_and_releases_slot[chunks1-1]" time="0.223" /><testcase classname="tests.unit.http.test_studio_video_bytes" name="test_checksum_failure_cleans_storage_and_allows_a_valid_retry" time="0.219" /><testcase classname="tests.unit.http.test_studio_video_bytes" name="test_expired_or_processing_intent_is_not_a_byte_target[expired]" time="0.192" /><testcase classname="tests.unit.http.test_studio_video_bytes" name="test_expired_or_processing_intent_is_not_a_byte_target[processing]" time="0.180" /><testcase classname="tests.unit.http.test_studio_video_bytes" name="test_revoked_course_grant_and_wrong_program_cannot_stream" time="0.187" /><testcase classname="tests.unit.http.test_studio_video_bytes" name="test_envelope_scope_and_encoding_guards_reject_before_body[kwargs0-413]" time="0.170" /><testcase classname="tests.unit.http.test_studio_video_bytes" name="test_envelope_scope_and_encoding_guards_reject_before_body[kwargs1-400]" time="0.170" /><testcase classname="tests.unit.http.test_studio_video_bytes" name="test_envelope_scope_and_encoding_guards_reject_before_body[kwargs2-413]" time="0.362" /><testcase classname="tests.unit.http.test_studio_video_bytes" name="test_envelope_scope_and_encoding_guards_reject_before_body[kwargs3-400]" time="0.220" /><testcase classname="tests.unit.http.test_studio_video_bytes" name="test_envelope_scope_and_encoding_guards_reject_before_body[kwargs4-413]" time="0.414" /><testcase classname="tests.unit.http.test_studio_video_bytes" name="test_envelope_scope_and_encoding_guards_reject_before_body[kwargs5-400]" time="0.749" /><testcase classname="tests.unit.http.test_studio_video_bytes" name="test_envelope_scope_and_encoding_guards_reject_before_body[kwargs6-413]" time="0.282" /><testcase classname="tests.unit.http.test_studio_video_bytes" name="test_envelope_scope_and_encoding_guards_reject_before_body[kwargs7-400]" time="0.231" /><testcase classname="tests.unit.http.test_studio_video_bytes" name="test_foreign_origin_on_the_coach_host_is_rejected_before_body" time="0.219" /><testcase classname="tests.unit.http.test_studio_video_bytes" name="test_valid_shaped_but_forged_envelope_cannot_change_admission[content-length-1773]" time="0.199" /><testcase classname="tests.unit.http.test_studio_video_bytes" name="test_valid_shaped_but_forged_envelope_cannot_change_admission[x-content-sha256-bbbbbbbbbbbbbbbbbbbbbbbbbbbbbbbbbbbbbbbbbbbbbbbbbbbbbbbbbbbbbbbb]" time="0.205" /><testcase classname="tests.unit.http.test_studio_video_bytes" name="test_body_frame_larger_than_bound_and_overflow_are_rejected_and_cleaned" time="0.291" /><testcase classname="tests.unit.http.test_studio_video_bytes" name="test_idle_timeout_is_bounded_and_slot_can_be_reused" time="0.461" /><testcase classname="tests.unit.http.test_studio_video_bytes" name="test_unauthenticated_body_request_is_rejected_before_streaming" time="0.405" /><testcase classname="tests.unit.http.test_studio_video_bytes" name="test_local_cross_app_exception_does_not_authorize_admin_upload" time="0.183" /><testcase classname="tests.unit.http.test_studio_video_bytes" name="test_duplicate_origin_is_rejected_before_body_or_identity" time="0.186" /><testcase classname="tests.unit.http.test_studio_video_bytes" name="test_native_request_cancellation_owns_disk_cleanup_before_releasing_capacity" time="0.288" /><testcase classname="tests.unit.http.test_studio_video_bytes" name="test_byte_concurrency_cannot_exceed_two_active_writers[True]" time="0.142" /><testcase classname="tests.unit.http.test_studio_video_bytes" name="test_byte_concurrency_cannot_exceed_two_active_writers[0]" time="0.142" /><testcase classname="tests.unit.http.test_studio_video_bytes" name="test_byte_concurrency_cannot_exceed_two_active_writers[3]" time="0.144" /><testcase classname="tests.unit.http.test_studio_video_bytes" name="test_byte_concurrency_cannot_exceed_two_active_writers[4]" time="0.149" /><testcase classname="tests.unit.http.test_studio_video_bytes" name="test_byte_concurrency_cannot_exceed_two_active_writers[1.5]" time="0.144" /><testcase classname="tests.unit.http.test_studio_video_bytes" name="test_native_cancel_around_authority_never_exposes_new_private_bytes[initial_authority]" time="0.268" /><testcase classname="tests.unit.http.test_studio_video_bytes" name="test_native_cancel_around_authority_never_exposes_new_private_bytes[final_authority]" time="0.257" /><testcase classname="tests.unit.http.test_studio_video_bytes" name="test_native_cancel_during_stalled_receive_drains_by_idle_deadline" time="0.467" /><testcase classname="tests.unit.http.test_studio_video_bytes" name="test_cancel_after_final_authority_can_commit_private_bytes_but_drains_before_return" time="0.317" /><testcase classname="tests.unit.application.test_settings" name="test_blank_optional_public_learner_tenant_is_unconfigured" time="0.005" /><testcase classname="tests.unit.application.test_settings" name="test_public_learner_and_operations_tenants_must_be_distinct" time="0.007" /><testcase classname="tests.unit.application.test_settings" name="test_public_learner_tenant_requires_an_operations_tenant" time="0.005" /><testcase classname="tests.unit.application.test_settings" name="test_production_rejects_local_identity_material[overrides0-AC_SESSION_TOKEN_PEPPER]" time="0.006" /><testcase classname="tests.unit.application.test_settings" name="test_production_rejects_local_identity_material[overrides1-AC_OAUTH_TRANSACTION_SECRET]" time="0.006" /><testcase classname="tests.unit.application.test_settings" name="test_production_rejects_local_identity_material[overrides2-AC_EMAIL_CHALLENGE_SECRET]" time="0.006" /><testcase classname="tests.unit.application.test_settings" name="test_production_accepts_independent_non_default_identity_material" time="0.005" /><testcase classname="tests.unit.application.test_settings" name="test_production_runtime_does_not_require_migration_credential" time="0.005" /><testcase classname="tests.unit.application.test_settings" name="test_deployment_requires_an_exact_operations_control_tenant_before_release" time="0.005" /><testcase classname="tests.unit.application.test_settings" name="test_deployment_allows_empty_control_tenant_only_while_side_effects_are_held" time="0.005" /><testcase classname="tests.unit.application.test_settings" name="test_staging_is_production_shaped_but_uses_isolated_origins" time="0.010" /><testcase classname="tests.unit.application.test_settings" name="test_deployment_rejects_non_canonical_raw_origins[staging-public_app_url-trailing-query-delimiter-https://staging.authorityclosers.com?]" time="0.005" /><testcase classname="tests.unit.application.test_settings" name="test_deployment_rejects_non_canonical_raw_origins[staging-public_app_url-trailing-fragment-delimiter-https://staging.authorityclosers.com#]" time="0.005" /><testcase classname="tests.unit.application.test_settings" name="test_deployment_rejects_non_canonical_raw_origins[staging-public_app_url-trailing-colon-https://staging.authorityclosers.com:]" time="0.005" /><testcase classname="tests.unit.application.test_settings" name="test_deployment_rejects_non_canonical_raw_origins[staging-public_app_url-default-port-https://staging.authorityclosers.com:443]" time="0.005" /><testcase classname="tests.unit.application.test_settings" name="test_deployment_rejects_non_canonical_raw_origins[staging-public_app_url-alternate-port-https://staging.authorityclosers.com:8443]" time="0.005" /><testcase classname="tests.unit.application.test_settings" name="test_deployment_rejects_non_canonical_raw_origins[staging-public_app_url-username-https://user@staging.authorityclosers.com]" time="0.005" /><testcase classname="tests.unit.application.test_settings" name="test_deployment_rejects_non_canonical_raw_origins[staging-public_app_url-password-https://user:password@staging.authorityclosers.com]" time="0.005" /><testcase classname="tests.unit.application.test_settings" name="test_deployment_rejects_non_canonical_raw_origins[staging-public_app_url-query-https://staging.authorityclosers.com?surface=learner]" time="0.005" /><testcase classname="tests.unit.application.test_settings" name="test_deployment_rejects_non_canonical_raw_origins[staging-public_app_url-fragment-https://staging.authorityclosers.com#home]" time="0.005" /><testcase classname="tests.unit.application.test_settings" name="test_deployment_rejects_non_canonical_raw_origins[staging-public_app_url-non-root-path-https://staging.authorityclosers.com/v1]" time="0.005" /><testcase classname="tests.unit.application.test_settings" name="test_deployment_rejects_non_canonical_raw_origins[staging-public_app_url-wrong-scheme-http://staging.authorityclosers.com]" time="0.005" /><testcase classname="tests.unit.application.test_settings" name="test_deployment_rejects_non_canonical_raw_origins[staging-public_app_url-wrong-host-https://staging.example.com]" time="0.005" /><testcase classname="tests.unit.application.test_settings" name="test_deployment_rejects_non_canonical_raw_origins[staging-public_app_url-leading-whitespace- https://staging.authorityclosers.com]" time="0.005" /><testcase classname="tests.unit.application.test_settings" name="test_deployment_rejects_non_canonical_raw_origins[staging-public_app_url-trailing-whitespace-https://staging.authorityclosers.com ]" time="0.005" /><testcase classname="tests.unit.application.test_settings" name="test_deployment_rejects_non_canonical_raw_origins[staging-admin_app_url-trailing-query-delimiter-https://admin-staging.authorityclosers.com?]" time="0.005" /><testcase classname="tests.unit.application.test_settings" name="test_deployment_rejects_non_canonical_raw_origins[staging-admin_app_url-trailing-fragment-delimiter-https://admin-staging.authorityclosers.com#]" time="0.005" /><testcase classname="tests.unit.application.test_settings" name="test_deployment_rejects_non_canonical_raw_origins[staging-admin_app_url-trailing-colon-https://admin-staging.authorityclosers.com:]" time="0.005" /><testcase classname="tests.unit.application.test_settings" name="test_deployment_rejects_non_canonical_raw_origins[staging-admin_app_url-default-port-https://admin-staging.authorityclosers.com:443]" time="0.006" /><testcase classname="tests.unit.application.test_settings" name="test_deployment_rejects_non_canonical_raw_origins[staging-admin_app_url-alternate-port-https://admin-staging.authorityclosers.com:8443]" time="0.005" /><testcase classname="tests.unit.application.test_settings" name="test_deployment_rejects_non_canonical_raw_origins[staging-admin_app_url-username-https://user@admin-staging.authorityclosers.com]" time="0.005" /><testcase classname="tests.unit.application.test_settings" name="test_deployment_rejects_non_canonical_raw_origins[staging-admin_app_url-password-https://user:password@admin-staging.authorityclosers.com]" time="0.006" /><testcase classname="tests.unit.application.test_settings" name="test_deployment_rejects_non_canonical_raw_origins[staging-admin_app_url-query-https://admin-staging.authorityclosers.com?surface=learner]" time="0.005" /><testcase classname="tests.unit.application.test_settings" name="test_deployment_rejects_non_canonical_raw_origins[staging-admin_app_url-fragment-https://admin-staging.authorityclosers.com#home]" time="0.005" /><testcase classname="tests.unit.application.test_settings" name="test_deployment_rejects_non_canonical_raw_origins[staging-admin_app_url-non-root-path-https://admin-staging.authorityclosers.com/v1]" time="0.005" /><testcase classname="tests.unit.application.test_settings" name="test_deployment_rejects_non_canonical_raw_origins[staging-admin_app_url-wrong-scheme-http://admin-staging.authorityclosers.com]" time="0.005" /><testcase classname="tests.unit.application.test_settings" name="test_deployment_rejects_non_canonical_raw_origins[staging-admin_app_url-wrong-host-https://admin-staging.example.com]" time="0.005" /><testcase classname="tests.unit.application.test_settings" name="test_deployment_rejects_non_canonical_raw_origins[staging-admin_app_url-leading-whitespace- https://admin-staging.authorityclosers.com]" time="0.005" /><testcase classname="tests.unit.application.test_settings" name="test_deployment_rejects_non_canonical_raw_origins[staging-admin_app_url-trailing-whitespace-https://admin-staging.authorityclosers.com ]" time="0.005" /><testcase classname="tests.unit.application.test_settings" name="test_deployment_rejects_non_canonical_raw_origins[staging-coach_app_url-trailing-query-delimiter-https://coach-staging.authorityclosers.com?]" time="0.005" /><testcase classname="tests.unit.application.test_settings" name="test_deployment_rejects_non_canonical_raw_origins[staging-coach_app_url-trailing-fragment-delimiter-https://coach-staging.authorityclosers.com#]" time="0.005" /><testcase classname="tests.unit.application.test_settings" name="test_deployment_rejects_non_canonical_raw_origins[staging-coach_app_url-trailing-colon-https://coach-staging.authorityclosers.com:]" time="0.005" /><testcase classname="tests.unit.application.test_settings" name="test_deployment_rejects_non_canonical_raw_origins[staging-coach_app_url-default-port-https://coach-staging.authorityclosers.com:443]" time="0.005" /><testcase classname="tests.unit.application.test_settings" name="test_deployment_rejects_non_canonical_raw_origins[staging-coach_app_url-alternate-port-https://coach-staging.authorityclosers.com:8443]" time="0.005" /><testcase classname="tests.unit.application.test_settings" name="test_deployment_rejects_non_canonical_raw_origins[staging-coach_app_url-username-https://user@coach-staging.authorityclosers.com]" time="0.005" /><testcase classname="tests.unit.application.test_settings" name="test_deployment_rejects_non_canonical_raw_origins[staging-coach_app_url-password-https://user:password@coach-staging.authorityclosers.com]" time="0.005" /><testcase classname="tests.unit.application.test_settings" name="test_deployment_rejects_non_canonical_raw_origins[staging-coach_app_url-query-https://coach-staging.authorityclosers.com?surface=learner]" time="0.005" /><testcase classname="tests.unit.application.test_settings" name="test_deployment_rejects_non_canonical_raw_origins[staging-coach_app_url-fragment-https://coach-staging.authorityclosers.com#home]" time="0.005" /><testcase classname="tests.unit.application.test_settings" name="test_deployment_rejects_non_canonical_raw_origins[staging-coach_app_url-non-root-path-https://coach-staging.authorityclosers.com/v1]" time="0.005" /><testcase classname="tests.unit.application.test_settings" name="test_deployment_rejects_non_canonical_raw_origins[staging-coach_app_url-wrong-scheme-http://coach-staging.authorityclosers.com]" time="0.005" /><testcase classname="tests.unit.application.test_settings" name="test_deployment_rejects_non_canonical_raw_origins[staging-coach_app_url-wrong-host-https://coach-staging.example.com]" time="0.005" /><testcase classname="tests.unit.application.test_settings" name="test_deployment_rejects_non_canonical_raw_origins[staging-coach_app_url-leading-whitespace- https://coach-staging.authorityclosers.com]" time="0.005" /><testcase classname="tests.unit.application.test_settings" name="test_deployment_rejects_non_canonical_raw_origins[staging-coach_app_url-trailing-whitespace-https://coach-staging.authorityclosers.com ]" time="0.005" /><testcase classname="tests.unit.application.test_settings" name="test_deployment_rejects_non_canonical_raw_origins[staging-api_url-trailing-query-delimiter-https://api-staging.authorityclosers.com?]" time="0.005" /><testcase classname="tests.unit.application.test_settings" name="test_deployment_rejects_non_canonical_raw_origins[staging-api_url-trailing-fragment-delimiter-https://api-staging.authorityclosers.com#]" time="0.006" /><testcase classname="tests.unit.application.test_settings" name="test_deployment_rejects_non_canonical_raw_origins[staging-api_url-trailing-colon-https://api-staging.authorityclosers.com:]" time="0.005" /><testcase classname="tests.unit.application.test_settings" name="test_deployment_rejects_non_canonical_raw_origins[staging-api_url-default-port-https://api-staging.authorityclosers.com:443]" time="0.005" /><testcase classname="tests.unit.application.test_settings" name="test_deployment_rejects_non_canonical_raw_origins[staging-api_url-alternate-port-https://api-staging.authorityclosers.com:8443]" time="0.005" /><testcase classname="tests.unit.application.test_settings" name="test_deployment_rejects_non_canonical_raw_origins[staging-api_url-username-https://user@api-staging.authorityclosers.com]" time="0.005" /><testcase classname="tests.unit.application.test_settings" name="test_deployment_rejects_non_canonical_raw_origins[staging-api_url-password-https://user:password@api-staging.authorityclosers.com]" time="0.005" /><testcase classname="tests.unit.application.test_settings" name="test_deployment_rejects_non_canonical_raw_origins[staging-api_url-query-https://api-staging.authorityclosers.com?surface=learner]" time="0.005" /><testcase classname="tests.unit.application.test_settings" name="test_deployment_rejects_non_canonical_raw_origins[staging-api_url-fragment-https://api-staging.authorityclosers.com#home]" time="0.005" /><testcase classname="tests.unit.application.test_settings" name="test_deployment_rejects_non_canonical_raw_origins[staging-api_url-non-root-path-https://api-staging.authorityclosers.com/v1]" time="0.005" /><testcase classname="tests.unit.application.test_settings" name="test_deployment_rejects_non_canonical_raw_origins[staging-api_url-wrong-scheme-http://api-staging.authorityclosers.com]" time="0.005" /><testcase classname="tests.unit.application.test_settings" name="test_deployment_rejects_non_canonical_raw_origins[staging-api_url-wrong-host-https://api-staging.example.com]" time="0.005" /><testcase classname="tests.unit.application.test_settings" name="test_deployment_rejects_non_canonical_raw_origins[staging-api_url-leading-whitespace- https://api-staging.authorityclosers.com]" time="0.005" /><testcase classname="tests.unit.application.test_settings" name="test_deployment_rejects_non_canonical_raw_origins[staging-api_url-trailing-whitespace-https://api-staging.authorityclosers.com ]" time="0.005" /><testcase classname="tests.unit.application.test_settings" name="test_deployment_rejects_non_canonical_raw_origins[production-public_app_url-trailing-query-delimiter-https://app.authorityclosers.com?]" time="0.005" /><testcase classname="tests.unit.application.test_settings" name="test_deployment_rejects_non_canonical_raw_origins[production-public_app_url-trailing-fragment-delimiter-https://app.authorityclosers.com#]" time="0.006" /><testcase classname="tests.unit.application.test_settings" name="test_deployment_rejects_non_canonical_raw_origins[production-public_app_url-trailing-colon-https://app.authorityclosers.com:]" time="0.005" /><testcase classname="tests.unit.application.test_settings" name="test_deployment_rejects_non_canonical_raw_origins[production-public_app_url-default-port-https://app.authorityclosers.com:443]" time="0.005" /><testcase classname="tests.unit.application.test_settings" name="test_deployment_rejects_non_canonical_raw_origins[production-public_app_url-alternate-port-https://app.authorityclosers.com:8443]" time="0.005" /><testcase classname="tests.unit.application.test_settings" name="test_deployment_rejects_non_canonical_raw_origins[production-public_app_url-username-https://user@app.authorityclosers.com]" time="0.005" /><testcase classname="tests.unit.application.test_settings" name="test_deployment_rejects_non_canonical_raw_origins[production-public_app_url-password-https://user:password@app.authorityclosers.com]" time="0.005" /><testcase classname="tests.unit.application.test_settings" name="test_deployment_rejects_non_canonical_raw_origins[production-public_app_url-query-https://app.authorityclosers.com?surface=learner]" time="0.005" /><testcase classname="tests.unit.application.test_settings" name="test_deployment_rejects_non_canonical_raw_origins[production-public_app_url-fragment-https://app.authorityclosers.com#home]" time="0.005" /><testcase classname="tests.unit.application.test_settings" name="test_deployment_rejects_non_canonical_raw_origins[production-public_app_url-non-root-path-https://app.authorityclosers.com/v1]" time="0.005" /><testcase classname="tests.unit.application.test_settings" name="test_deployment_rejects_non_canonical_raw_origins[production-public_app_url-wrong-scheme-http://app.authorityclosers.com]" time="0.005" /><testcase classname="tests.unit.application.test_settings" name="test_deployment_rejects_non_canonical_raw_origins[production-public_app_url-wrong-host-https://app.example.com]" time="0.005" /><testcase classname="tests.unit.application.test_settings" name="test_deployment_rejects_non_canonical_raw_origins[production-public_app_url-leading-whitespace- https://app.authorityclosers.com]" time="0.005" /><testcase classname="tests.unit.application.test_settings" name="test_deployment_rejects_non_canonical_raw_origins[production-public_app_url-trailing-whitespace-https://app.authorityclosers.com ]" time="0.005" /><testcase classname="tests.unit.application.test_settings" name="test_deployment_rejects_non_canonical_raw_origins[production-admin_app_url-trailing-query-delimiter-https://admin.authorityclosers.com?]" time="0.005" /><testcase classname="tests.unit.application.test_settings" name="test_deployment_rejects_non_canonical_raw_origins[production-admin_app_url-trailing-fragment-delimiter-https://admin.authorityclosers.com#]" time="0.006" /><testcase classname="tests.unit.application.test_settings" name="test_deployment_rejects_non_canonical_raw_origins[production-admin_app_url-trailing-colon-https://admin.authorityclosers.com:]" time="0.005" /><testcase classname="tests.unit.application.test_settings" name="test_deployment_rejects_non_canonical_raw_origins[production-admin_app_url-default-port-https://admin.authorityclosers.com:443]" time="0.005" /><testcase classname="tests.unit.application.test_settings" name="test_deployment_rejects_non_canonical_raw_origins[production-admin_app_url-alternate-port-https://admin.authorityclosers.com:8443]" time="0.005" /><testcase classname="tests.unit.application.test_settings" name="test_deployment_rejects_non_canonical_raw_origins[production-admin_app_url-username-https://user@admin.authorityclosers.com]" time="0.005" /><testcase classname="tests.unit.application.test_settings" name="test_deployment_rejects_non_canonical_raw_origins[production-admin_app_url-password-https://user:password@admin.authorityclosers.com]" time="0.005" /><testcase classname="tests.unit.application.test_settings" name="test_deployment_rejects_non_canonical_raw_origins[production-admin_app_url-query-https://admin.authorityclosers.com?surface=learner]" time="0.005" /><testcase classname="tests.unit.application.test_settings" name="test_deployment_rejects_non_canonical_raw_origins[production-admin_app_url-fragment-https://admin.authorityclosers.com#home]" time="0.005" /><testcase classname="tests.unit.application.test_settings" name="test_deployment_rejects_non_canonical_raw_origins[production-admin_app_url-non-root-path-https://admin.authorityclosers.com/v1]" time="0.005" /><testcase classname="tests.unit.application.test_settings" name="test_deployment_rejects_non_canonical_raw_origins[production-admin_app_url-wrong-scheme-http://admin.authorityclosers.com]" time="0.005" /><testcase classname="tests.unit.application.test_settings" name="test_deployment_rejects_non_canonical_raw_origins[production-admin_app_url-wrong-host-https://admin.example.com]" time="0.005" /><testcase classname="tests.unit.application.test_settings" name="test_deployment_rejects_non_canonical_raw_origins[production-admin_app_url-leading-whitespace- https://admin.authorityclosers.com]" time="0.005" /><testcase classname="tests.unit.application.test_settings" name="test_deployment_rejects_non_canonical_raw_origins[production-admin_app_url-trailing-whitespace-https://admin.authorityclosers.com ]" time="0.005" /><testcase classname="tests.unit.application.test_settings" name="test_deployment_rejects_non_canonical_raw_origins[production-coach_app_url-trailing-query-delimiter-https://coach.authorityclosers.com?]" time="0.005" /><testcase classname="tests.unit.application.test_settings" name="test_deployment_rejects_non_canonical_raw_origins[production-coach_app_url-trailing-fragment-delimiter-https://coach.authorityclosers.com#]" time="0.005" /><testcase classname="tests.unit.application.test_settings" name="test_deployment_rejects_non_canonical_raw_origins[production-coach_app_url-trailing-colon-https://coach.authorityclosers.com:]" time="0.006" /><testcase classname="tests.unit.application.test_settings" name="test_deployment_rejects_non_canonical_raw_origins[production-coach_app_url-default-port-https://coach.authorityclosers.com:443]" time="0.005" /><testcase classname="tests.unit.application.test_settings" name="test_deployment_rejects_non_canonical_raw_origins[production-coach_app_url-alternate-port-https://coach.authorityclosers.com:8443]" time="0.005" /><testcase classname="tests.unit.application.test_settings" name="test_deployment_rejects_non_canonical_raw_origins[production-coach_app_url-username-https://user@coach.authorityclosers.com]" time="0.005" /><testcase classname="tests.unit.application.test_settings" name="test_deployment_rejects_non_canonical_raw_origins[production-coach_app_url-password-https://user:password@coach.authorityclosers.com]" time="0.005" /><testcase classname="tests.unit.application.test_settings" name="test_deployment_rejects_non_canonical_raw_origins[production-coach_app_url-query-https://coach.authorityclosers.com?surface=learner]" time="0.005" /><testcase classname="tests.unit.application.test_settings" name="test_deployment_rejects_non_canonical_raw_origins[production-coach_app_url-fragment-https://coach.authorityclosers.com#home]" time="0.005" /><testcase classname="tests.unit.application.test_settings" name="test_deployment_rejects_non_canonical_raw_origins[production-coach_app_url-non-root-path-https://coach.authorityclosers.com/v1]" time="0.005" /><testcase classname="tests.unit.application.test_settings" name="test_deployment_rejects_non_canonical_raw_origins[production-coach_app_url-wrong-scheme-http://coach.authorityclosers.com]" time="0.005" /><testcase classname="tests.unit.application.test_settings" name="test_deployment_rejects_non_canonical_raw_origins[production-coach_app_url-wrong-host-https://coach.example.com]" time="0.005" /><testcase classname="tests.unit.application.test_settings" name="test_deployment_rejects_non_canonical_raw_origins[production-coach_app_url-leading-whitespace- https://coach.authorityclosers.com]" time="0.005" /><testcase classname="tests.unit.application.test_settings" name="test_deployment_rejects_non_canonical_raw_origins[production-coach_app_url-trailing-whitespace-https://coach.authorityclosers.com ]" time="0.005" /><testcase classname="tests.unit.application.test_settings" name="test_deployment_rejects_non_canonical_raw_origins[production-api_url-trailing-query-delimiter-https://api.authorityclosers.com?]" time="0.005" /><testcase classname="tests.unit.application.test_settings" name="test_deployment_rejects_non_canonical_raw_origins[production-api_url-trailing-fragment-delimiter-https://api.authorityclosers.com#]" time="0.005" /><testcase classname="tests.unit.application.test_settings" name="test_deployment_rejects_non_canonical_raw_origins[production-api_url-trailing-colon-https://api.authorityclosers.com:]" time="0.005" /><testcase classname="tests.unit.application.test_settings" name="test_deployment_rejects_non_canonical_raw_origins[production-api_url-default-port-https://api.authorityclosers.com:443]" time="0.005" /><testcase classname="tests.unit.application.test_settings" name="test_deployment_rejects_non_canonical_raw_origins[production-api_url-alternate-port-https://api.authorityclosers.com:8443]" time="0.005" /><testcase classname="tests.unit.application.test_settings" name="test_deployment_rejects_non_canonical_raw_origins[production-api_url-username-https://user@api.authorityclosers.com]" time="0.005" /><testcase classname="tests.unit.application.test_settings" name="test_deployment_rejects_non_canonical_raw_origins[production-api_url-password-https://user:password@api.authorityclosers.com]" time="0.005" /><testcase classname="tests.unit.application.test_settings" name="test_deployment_rejects_non_canonical_raw_origins[production-api_url-query-https://api.authorityclosers.com?surface=learner]" time="0.005" /><testcase classname="tests.unit.application.test_settings" name="test_deployment_rejects_non_canonical_raw_origins[production-api_url-fragment-https://api.authorityclosers.com#home]" time="0.005" /><testcase classname="tests.unit.application.test_settings" name="test_deployment_rejects_non_canonical_raw_origins[production-api_url-non-root-path-https://api.authorityclosers.com/v1]" time="0.005" /><testcase classname="tests.unit.application.test_settings" name="test_deployment_rejects_non_canonical_raw_origins[production-api_url-wrong-scheme-http://api.authorityclosers.com]" time="0.005" /><testcase classname="tests.unit.application.test_settings" name="test_deployment_rejects_non_canonical_raw_origins[production-api_url-wrong-host-https://api.example.com]" time="0.005" /><testcase classname="tests.unit.application.test_settings" name="test_deployment_rejects_non_canonical_raw_origins[production-api_url-leading-whitespace- https://api.authorityclosers.com]" time="0.005" /><testcase classname="tests.unit.application.test_settings" name="test_deployment_rejects_non_canonical_raw_origins[production-api_url-trailing-whitespace-https://api.authorityclosers.com ]" time="0.005" /><testcase classname="tests.unit.application.test_settings" name="test_deployment_rejects_preparsed_origins[staging-public_app_url-https://staging.authorityclosers.com-]" time="0.005" /><testcase classname="tests.unit.application.test_settings" name="test_deployment_rejects_preparsed_origins[staging-public_app_url-https://staging.authorityclosers.com-:443]" time="0.005" /><testcase classname="tests.unit.application.test_settings" name="test_deployment_rejects_preparsed_origins[staging-admin_app_url-https://admin-staging.authorityclosers.com-]" time="0.005" /><testcase classname="tests.unit.application.test_settings" name="test_deployment_rejects_preparsed_origins[staging-admin_app_url-https://admin-staging.authorityclosers.com-:443]" time="0.005" /><testcase classname="tests.unit.application.test_settings" name="test_deployment_rejects_preparsed_origins[staging-coach_app_url-https://coach-staging.authorityclosers.com-]" time="0.005" /><testcase classname="tests.unit.application.test_settings" name="test_deployment_rejects_preparsed_origins[staging-coach_app_url-https://coach-staging.authorityclosers.com-:443]" time="0.005" /><testcase classname="tests.unit.application.test_settings" name="test_deployment_rejects_preparsed_origins[staging-api_url-https://api-staging.authorityclosers.com-]" time="0.005" /><testcase classname="tests.unit.application.test_settings" name="test_deployment_rejects_preparsed_origins[staging-api_url-https://api-staging.authorityclosers.com-:443]" time="0.005" /><testcase classname="tests.unit.application.test_settings" name="test_deployment_rejects_preparsed_origins[production-public_app_url-https://app.authorityclosers.com-]" time="0.005" /><testcase classname="tests.unit.application.test_settings" name="test_deployment_rejects_preparsed_origins[production-public_app_url-https://app.authorityclosers.com-:443]" time="0.005" /><testcase classname="tests.unit.application.test_settings" name="test_deployment_rejects_preparsed_origins[production-admin_app_url-https://admin.authorityclosers.com-]" time="0.005" /><testcase classname="tests.unit.application.test_settings" name="test_deployment_rejects_preparsed_origins[production-admin_app_url-https://admin.authorityclosers.com-:443]" time="0.005" /><testcase classname="tests.unit.application.test_settings" name="test_deployment_rejects_preparsed_origins[production-coach_app_url-https://coach.authorityclosers.com-]" time="0.005" /><testcase classname="tests.unit.application.test_settings" name="test_deployment_rejects_preparsed_origins[production-coach_app_url-https://coach.authorityclosers.com-:443]" time="0.005" /><testcase classname="tests.unit.application.test_settings" name="test_deployment_rejects_preparsed_origins[production-api_url-https://api.authorityclosers.com-]" time="0.005" /><testcase classname="tests.unit.application.test_settings" name="test_deployment_rejects_preparsed_origins[production-api_url-https://api.authorityclosers.com-:443]" time="0.005" /><testcase classname="tests.unit.application.test_settings" name="test_deployment_accepts_canonical_origins_with_root_slashes[staging]" time="0.005" /><testcase classname="tests.unit.application.test_settings" name="test_deployment_accepts_canonical_origins_with_root_slashes[production]" time="0.005" /><testcase classname="tests.unit.application.test_settings" name="test_deployment_rejects_noncanonical_internal_api_host[staging-api.production.ac.internal.invalid]" time="0.005" /><testcase classname="tests.unit.application.test_settings" name="test_deployment_rejects_noncanonical_internal_api_host[staging-api-staging.authorityclosers.com]" time="0.005" /><testcase classname="tests.unit.application.test_settings" name="test_deployment_rejects_noncanonical_internal_api_host[staging- api.staging.ac.internal.invalid]" time="0.005" /><testcase classname="tests.unit.application.test_settings" name="test_deployment_rejects_noncanonical_internal_api_host[production-api.staging.ac.internal.invalid]" time="0.005" /><testcase classname="tests.unit.application.test_settings" name="test_deployment_rejects_noncanonical_internal_api_host[production-api.authorityclosers.com]" time="0.005" /><testcase classname="tests.unit.application.test_settings" name="test_deployment_rejects_noncanonical_internal_api_host[production-api.production.ac.internal.invalid.]" time="0.005" /><testcase classname="tests.unit.application.test_settings" name="test_deployment_requires_exact_host_only_cookie_names[session_cookie_name-ac_session-AC_SESSION_COOKIE_NAME]" time="0.005" /><testcase classname="tests.unit.application.test_settings" name="test_deployment_requires_exact_host_only_cookie_names[session_cookie_name-__Secure-ac_session-AC_SESSION_COOKIE_NAME]" time="0.005" /><testcase classname="tests.unit.application.test_settings" name="test_deployment_requires_exact_host_only_cookie_names[oauth_transaction_cookie_name-ac_oauth_transaction-AC_OAUTH_TRANSACTION_COOKIE_NAME]" time="0.006" /><testcase classname="tests.unit.application.test_settings" name="test_deployment_requires_exact_host_only_cookie_names[oauth_transaction_cookie_name-__Host-ac_oauth_transaction -AC_OAUTH_TRANSACTION_COOKIE_NAME]" time="0.005" /><testcase classname="tests.unit.application.test_settings" name="test_test_environment_keeps_developer_cookie_names" time="0.004" /><testcase classname="tests.unit.application.test_settings" name="test_deployment_requires_a_non_empty_google_oauth_pair[overrides0]" time="0.005" /><testcase classname="tests.unit.application.test_settings" name="test_deployment_requires_a_non_empty_google_oauth_pair[overrides1]" time="0.005" /><testcase classname="tests.unit.application.test_settings" name="test_production_rejects_local_release_database_and_origins[release_id-local-unreleased-AC_RELEASE_ID]" time="0.006" /><testcase classname="tests.unit.application.test_settings" name="test_production_rejects_local_release_database_and_origins[database_url-postgresql+psycopg://ac_runtime:local-runtime-only@localhost/ac_platform-AC_DATABASE_URL]" time="0.006" /><testcase classname="tests.unit.application.test_settings" name="test_production_rejects_local_release_database_and_origins[database_migrator_url-postgresql+psycopg://ac_runtime:runtime-production-password@postgres/ac_platform-AC_DATABASE_MIGRATOR_URL]" time="0.005" /><testcase classname="tests.unit.application.test_settings" name="test_production_rejects_local_release_database_and_origins[public_app_url-http://localhost:3000-AC_PUBLIC_APP_URL]" time="0.006" /><testcase classname="tests.unit.application.test_settings" name="test_production_rejects_reused_identity_secret" time="0.005" /><testcase classname="tests.unit.application.test_settings" name="test_production_rejects_email_challenge_secret_reused_as_session_pepper" time="0.005" /><testcase classname="tests.unit.application.test_settings" name="test_google_oauth_credentials_are_all_or_nothing" time="0.005" /><testcase classname="tests.unit.application.test_settings" name="test_google_oauth_web_client_pair_enables_provider_composition" time="0.005" /><testcase classname="tests.unit.application.test_settings" name="test_resend_provider_requires_secret_and_sender_as_one_fail_closed_pair" time="0.013" /><testcase classname="tests.unit.application.test_settings" name="test_blank_google_oauth_values_remain_unconfigured[test]" time="0.005" /><testcase classname="tests.unit.application.test_settings" name="test_blank_google_oauth_values_remain_unconfigured[development]" time="0.005" /><testcase classname="tests.unit.application.test_settings" name="test_deployment_requires_exact_trusted_proxy_addresses" time="0.014" /><testcase classname="tests.unit.application.test_settings" name="test_trusted_proxy_addresses_are_normalized_and_deduplicated" time="0.006" /></testsuite></testsuites>