<?xml version="1.0" encoding="utf-8"?><testsuites name="pytest tests"><testsuite name="pytest" errors="0" failures="0" skipped="0" tests="8" time="6.062" timestamp="2026-09-14T04:25:36.850276+05:30" hostname="RSuyash"><testcase classname="tests.unit.conversation_intelligence.test_acquisition_runtime" name="test_missing_guest_config_preserves_core_api[False]" time="2.159" /><testcase classname="tests.unit.conversation_intelligence.test_acquisition_runtime" name="test_missing_guest_config_preserves_core_api[True]" time="1.145" /><testcase classname="tests.unit.conversation_intelligence.test_acquisition_runtime" name="test_narrow_challenge_file_is_redacted_and_never_reads_env_bundle" time="0.030" /><testcase classname="tests.unit.conversation_intelligence.test_acquisition_runtime" name="test_secret_reference_rejects_unsafe_or_unavailable_file[absent]" time="0.004" /><testcase classname="tests.unit.conversation_intelligence.test_acquisition_runtime" name="test_secret_reference_rejects_unsafe_or_unavailable_file[oversized]" time="0.009" /><testcase classname="tests.unit.conversation_intelligence.test_acquisition_runtime" name="test_secret_reference_rejects_unsafe_or_unavailable_file[directory]" time="0.004" /><testcase classname="tests.unit.conversation_intelligence.test_acquisition_runtime" name="test_secret_reference_rejects_unsafe_or_unavailable_file[repository]" time="0.006" /><testcase classname="tests.unit.conversation_intelligence.test_acquisition_runtime" name="test_secret_reference_rejects_unsafe_or_unavailable_file[relative]" time="0.003" /></testsuite></testsuites>