<?xml version="1.0" encoding="utf-8"?><testsuites name="pytest tests"><testsuite name="pytest" errors="0" failures="0" skipped="0" tests="2" time="15.729" timestamp="2026-09-14T07:38:51.104237+05:30" hostname="RSuyash"><testcase classname="tests.e2e.test_sales_xray_turnstile_csp_browser" name="test_sales_xray_policy_loads_only_the_approved_challenge_origin[staging]" time="12.283" /><testcase classname="tests.e2e.test_sales_xray_turnstile_csp_browser" name="test_sales_xray_policy_loads_only_the_approved_challenge_origin[production]" time="3.182" /></testsuite></testsuites>