<?xml version="1.0" encoding="utf-8"?><testsuites name="pytest tests"><testsuite name="pytest" errors="0" failures="0" skipped="0" tests="4" time="0.330" timestamp="2026-09-14T07:39:37.647520+05:30" hostname="RSuyash"><testcase classname="tests.infra.test_application_release" name="test_edge_and_application_logs_redact_oauth_and_media_credentials" time="0.001" /><testcase classname="tests.infra.test_application_release" name="test_caddy_routes_only_named_application_hosts" time="0.001" /><testcase classname="tests.infra.test_application_release" name="test_caddy_imports_independent_release_owned_environment_routes" time="0.001" /><testcase classname="tests.infra.test_application_release" name="test_foundation_bootstrap_holds_unreleased_canonical_hosts" time="0.001" /></testsuite></testsuites>