<?xml version="1.0" encoding="utf-8"?><testsuites name="pytest tests"><testsuite name="pytest" errors="0" failures="0" skipped="0" tests="2" time="79.673" timestamp="2026-09-13T23:49:37.596597+05:30" hostname="RSuyash"><testcase classname="tests.e2e.test_sales_xray_report_browser" name="test_real_browser_saved_report_playback_and_local_upload" time="36.930" /><testcase classname="tests.e2e.test_sales_xray_report_browser" name="test_real_browser_durable_worker_report_playback" time="39.353" /></testsuite></testsuites>