<?xml version="1.0" encoding="utf-8"?><testsuites name="pytest tests"><testsuite name="pytest" errors="0" failures="0" skipped="0" tests="6" time="86.379" timestamp="2026-09-14T05:04:47.349396+05:30" hostname="RSuyash"><testcase classname="tests.database.test_conversation_submission_http_postgresql" name="test_original_upload_worker_and_expired_lease_playback_are_owner_bound" time="17.892" /><testcase classname="tests.database.test_conversation_submission_http_postgresql" name="test_exact_owned_upload_retry_survives_exhausted_allowance" time="3.270" /><testcase classname="tests.database.test_conversation_submission_http_postgresql" name="test_create_app_mounts_guest_flow_and_streams_more_than_generic_body_limit" time="6.074" /><testcase classname="tests.database.test_conversation_submission_http_postgresql" name="test_guest_http_plan_reaches_source_bound_overview_and_settles_without_browser" time="7.198" /><testcase classname="tests.database.test_conversation_submission_http_postgresql" name="test_upload_boundary_rejects_selector_cookie_origin_and_source_tampering" time="1.855" /><testcase classname="tests.e2e.test_sales_xray_acquisition_browser" name="test_compiled_guest_upload_report_reload_claim_and_deletion" time="45.059" /></testsuite></testsuites>