<?xml version="1.0" encoding="utf-8"?><testsuites name="pytest tests"><testsuite name="pytest" errors="0" failures="0" skipped="0" tests="9" time="107.197" timestamp="2026-09-14T02:48:56.453229+05:30" hostname="RSuyash"><testcase classname="tests.database.test_conversation_reporting_pipeline_postgresql" name="test_saved_transcript_to_private_report_and_profile_reuse[False]" time="14.818" /><testcase classname="tests.database.test_conversation_reporting_pipeline_postgresql" name="test_saved_transcript_to_private_report_and_profile_reuse[True]" time="13.395" /><testcase classname="tests.database.test_conversation_reports_postgresql" name="test_source_bound_report_import_read_and_replay" time="10.105" /><testcase classname="tests.database.test_conversation_reports_postgresql" name="test_non_control_admin_cannot_import_a_private_draft" time="10.675" /><testcase classname="tests.database.test_conversation_reports_postgresql" name="test_forged_native_hash_quote_and_timing_are_rejected" time="13.872" /><testcase classname="tests.database.test_conversation_reports_postgresql" name="test_another_owner_and_tenant_cannot_read_or_import_source_bound_report" time="11.431" /><testcase classname="tests.database.test_conversation_reports_postgresql" name="test_revoked_recording_permission_denies_report_read" time="9.930" /><testcase classname="tests.database.test_conversation_reports_postgresql" name="test_report_draft_update_and_delete_are_rejected" time="9.561" /><testcase classname="tests.database.test_conversation_reports_postgresql" name="test_worker_deletion_erases_report_content_and_preserves_audit" time="10.999" /></testsuite></testsuites>