<?xml version="1.0" encoding="utf-8"?><testsuites name="pytest tests"><testsuite name="pytest" errors="0" failures="0" skipped="0" tests="7" time="152.509" timestamp="2026-09-14T02:51:54.522678+05:30" hostname="RSuyash"><testcase classname="tests.database.test_conversation_processing_plan_postgresql" name="test_processing_plan_quote_is_explicit_and_side_effect_free" time="12.522" /><testcase classname="tests.database.test_conversation_processing_plan_postgresql" name="test_processing_plan_finishes_after_last_audio_minute_with_zero_cost_provider_stages" time="12.423" /><testcase classname="tests.database.test_conversation_processing_plan_postgresql" name="test_processing_plan_acceptance_drives_c2_to_c6_with_exact_bindings" time="24.587" /><testcase classname="tests.database.test_conversation_processing_plan_postgresql" name="test_processing_plan_acceptance_and_scheduler_restart_do_not_duplicate_effects" time="24.787" /><testcase classname="tests.database.test_conversation_processing_plan_postgresql" name="test_processing_plan_rejects_cross_owner_and_session_reads_or_acceptance" time="28.734" /><testcase classname="tests.database.test_conversation_processing_plan_postgresql" name="test_processing_plan_queued_stage_is_fenced_by_current_authority" time="26.112" /><testcase classname="tests.database.test_conversation_processing_plan_postgresql" name="test_processing_plan_history_is_immutable_and_erasure_only_erases_content" time="20.091" /></testsuite></testsuites>