<?xml version="1.0" encoding="utf-8"?><testsuites name="pytest tests"><testsuite name="pytest" errors="0" failures="0" skipped="1" tests="551" time="16.746" timestamp="2026-09-14T02:58:05.689051+05:30" hostname="RSuyash"><testcase classname="tests.unit.conversation_intelligence.test_activation_contract" name="test_bundle_round_trips_canonical_json_and_current_window" time="0.005" /><testcase classname="tests.unit.conversation_intelligence.test_activation_contract" name="test_zero_quote_requires_explicit_price_allocation_and_overage_evidence[zero_cost_basis]" time="0.003" /><testcase classname="tests.unit.conversation_intelligence.test_activation_contract" name="test_zero_quote_requires_explicit_price_allocation_and_overage_evidence[price_evidence_sha256]" time="0.001" /><testcase classname="tests.unit.conversation_intelligence.test_activation_contract" name="test_zero_quote_requires_explicit_price_allocation_and_overage_evidence[free_allowance_ref]" time="0.001" /><testcase classname="tests.unit.conversation_intelligence.test_activation_contract" name="test_zero_quote_requires_explicit_price_allocation_and_overage_evidence[no_paid_overage_ref]" time="0.002" /><testcase classname="tests.unit.conversation_intelligence.test_activation_contract" name="test_current_requires_exact_environment_and_active_strict_time[999-test-approval_bundle_inactive]" time="0.001" /><testcase classname="tests.unit.conversation_intelligence.test_activation_contract" name="test_current_requires_exact_environment_and_active_strict_time[2000-test-approval_bundle_inactive]" time="0.001" /><testcase classname="tests.unit.conversation_intelligence.test_activation_contract" name="test_current_requires_exact_environment_and_active_strict_time[1500-production-approval_environment_mismatch]" time="0.001" /><testcase classname="tests.unit.conversation_intelligence.test_activation_contract" name="test_current_requires_exact_environment_and_active_strict_time[True-test-approval_now_invalid]" time="0.001" /><testcase classname="tests.unit.conversation_intelligence.test_activation_contract" name="test_loader_rejects_urls_and_credential_shaped_references[deployment_ref]" time="0.002" /><testcase classname="tests.unit.conversation_intelligence.test_activation_contract" name="test_loader_rejects_urls_and_credential_shaped_references[budget_authorization_ref]" time="0.002" /><testcase classname="tests.unit.conversation_intelligence.test_activation_contract" name="test_loader_rejects_urls_and_credential_shaped_references[intake_authorization_ref]" time="0.003" /><testcase classname="tests.unit.conversation_intelligence.test_activation_contract" name="test_loader_rejects_urls_and_credential_shaped_references[intake_retention_ref]" time="0.002" /><testcase classname="tests.unit.conversation_intelligence.test_activation_contract" name="test_loader_rejects_duplicate_ids_recipients_and_stage_scope" time="0.002" /><testcase classname="tests.unit.conversation_intelligence.test_activation_contract" name="test_loader_rejects_stage_expiry_outside_bundle_and_unknown_paid_fields" time="0.002" /><testcase classname="tests.unit.conversation_intelligence.test_activation_contract" name="test_loader_enforces_explicit_source_and_stored_capacity_bounds" time="0.002" /><testcase classname="tests.unit.conversation_intelligence.test_activation_contract" name="test_loader_rejects_capacity_types_and_out_of_range_values" time="0.003" /><testcase classname="tests.unit.conversation_intelligence.test_activation_contract" name="test_stage_entitlement_completion_and_profile_constraints[c2-entitlement]" time="0.002" /><testcase classname="tests.unit.conversation_intelligence.test_activation_contract" name="test_stage_entitlement_completion_and_profile_constraints[c4-missing-entitlement]" time="0.002" /><testcase classname="tests.unit.conversation_intelligence.test_activation_contract" name="test_stage_entitlement_completion_and_profile_constraints[c4-zero-completion]" time="0.002" /><testcase classname="tests.unit.conversation_intelligence.test_activation_contract" name="test_stage_entitlement_completion_and_profile_constraints[c5-profile-missing]" time="0.001" /><testcase classname="tests.unit.conversation_intelligence.test_activation_contract" name="test_provider_stage_cannot_add_a_second_audio_minute_charge" time="0.002" /><testcase classname="tests.unit.conversation_intelligence.test_activation_contract" name="test_c5_requires_profile_digest_and_text_stage_accepts_zero_allowance" time="0.001" /><testcase classname="tests.unit.conversation_intelligence.test_activation_contract" name="test_strict_bounds_reject_boolean_and_oversized_values_without_leaking_input" time="0.002" /><testcase classname="tests.unit.conversation_intelligence.test_activation_contract" name="test_model_copy_is_revalidated_by_loader" time="0.001" /><testcase classname="tests.unit.conversation_intelligence.test_alignment" name="test_build_alignment_accepts_current_scribe_shape_and_is_deterministic" time="0.001" /><testcase classname="tests.unit.conversation_intelligence.test_alignment" name="test_shared_decoded_clock_reports_support_without_measurements" time="0.001" /><testcase classname="tests.unit.conversation_intelligence.test_alignment" name="test_alignment_rejects_cross_source_or_duration_mismatch[source_sha256-dddddddddddddddddddddddddddddddddddddddddddddddddddddddddddddddd-alignment_source_mismatch]" time="0.001" /><testcase classname="tests.unit.conversation_intelligence.test_alignment" name="test_alignment_rejects_cross_source_or_duration_mismatch[media_duration_ms-999-alignment_duration_mismatch]" time="0.001" /><testcase classname="tests.unit.conversation_intelligence.test_alignment" name="test_alignment_rejects_cross_source_or_duration_mismatch[feature_sha256-dddddddddddddddddddddddddddddddddddddddddddddddddddddddddddddddd-alignment_feature_hash_mismatch]" time="0.001" /><testcase classname="tests.unit.conversation_intelligence.test_alignment" name="test_alignment_requires_declared_audioatlas_provenance[profile-other-profile-alignment_acoustics_metadata_invalid]" time="0.001" /><testcase classname="tests.unit.conversation_intelligence.test_alignment" name="test_alignment_requires_declared_audioatlas_provenance[source_rate-44100-alignment_source_rate_mismatch]" time="0.002" /><testcase classname="tests.unit.conversation_intelligence.test_alignment" name="test_alignment_requires_declared_audioatlas_provenance[source_channels-2-alignment_source_channels_mismatch]" time="0.001" /><testcase classname="tests.unit.conversation_intelligence.test_alignment" name="test_alignment_requires_declared_audioatlas_provenance[source_mapping_status-certified-alignment_timebase_metadata_invalid]" time="0.002" /><testcase classname="tests.unit.conversation_intelligence.test_alignment" name="test_alignment_requires_declared_audioatlas_provenance[binary_sha256-short-alignment_native_binary_sha256_invalid]" time="0.001" /><testcase classname="tests.unit.conversation_intelligence.test_alignment" name="test_alignment_requires_declared_audioatlas_provenance[interchangeable-True-alignment_audioatlas_provenance_invalid]" time="0.001" /><testcase classname="tests.unit.conversation_intelligence.test_alignment" name="test_alignment_rejects_malformed_segment_timing[&lt;lambda&gt;-alignment_segment_start_ms_invalid]" time="0.001" /><testcase classname="tests.unit.conversation_intelligence.test_alignment" name="test_alignment_rejects_malformed_segment_timing[&lt;lambda&gt;-alignment_segment_bounds_invalid]" time="0.001" /><testcase classname="tests.unit.conversation_intelligence.test_alignment" name="test_alignment_rejects_malformed_segment_timing[&lt;lambda&gt;-alignment_duplicate_segment_id]" time="0.001" /><testcase classname="tests.unit.conversation_intelligence.test_alignment" name="test_alignment_rejects_malformed_segment_timing[&lt;lambda&gt;-alignment_segments_out_of_order]" time="0.001" /><testcase classname="tests.unit.conversation_intelligence.test_alignment" name="test_alignment_rejects_ambiguous_or_claimed_clock_mapping" time="0.001" /><testcase classname="tests.unit.conversation_intelligence.test_alignment" name="test_alignment_preserves_overlap_as_uncertain_support" time="0.001" /><testcase classname="tests.unit.conversation_intelligence.test_alignment" name="test_alignment_does_not_mutate_input_payloads" time="0.001" /><testcase classname="tests.unit.conversation_intelligence.test_application" name="test_register_replays_exact_command_without_extra_audit" time="0.238" /><testcase classname="tests.unit.conversation_intelligence.test_application" name="test_guessed_id_never_grants_read_or_checkpoint_access[person]" time="0.092" /><testcase classname="tests.unit.conversation_intelligence.test_application" name="test_guessed_id_never_grants_read_or_checkpoint_access[tenant]" time="0.189" /><testcase classname="tests.unit.conversation_intelligence.test_application" name="test_guessed_id_never_grants_read_or_checkpoint_access[missing_tenant]" time="0.109" /><testcase classname="tests.unit.conversation_intelligence.test_application" name="test_guessed_id_never_grants_read_or_checkpoint_access[session]" time="0.113" /><testcase classname="tests.unit.conversation_intelligence.test_application" name="test_guessed_id_never_grants_read_or_checkpoint_access[random]" time="0.113" /><testcase classname="tests.unit.conversation_intelligence.test_application" name="test_fresh_server_authority_is_required[expired_session]" time="0.104" /><testcase classname="tests.unit.conversation_intelligence.test_application" name="test_fresh_server_authority_is_required[revoked_session]" time="0.100" /><testcase classname="tests.unit.conversation_intelligence.test_application" name="test_fresh_server_authority_is_required[inactive_person]" time="0.099" /><testcase classname="tests.unit.conversation_intelligence.test_application" name="test_fresh_server_authority_is_required[unverified_person]" time="0.103" /><testcase classname="tests.unit.conversation_intelligence.test_application" name="test_fresh_server_authority_is_required[inactive_tenant]" time="0.095" /><testcase classname="tests.unit.conversation_intelligence.test_application" name="test_fresh_server_authority_is_required[inactive_member]" time="0.093" /><testcase classname="tests.unit.conversation_intelligence.test_application" name="test_fresh_server_authority_is_required[ended_member]" time="0.091" /><testcase classname="tests.unit.conversation_intelligence.test_application" name="test_fresh_server_authority_is_required[expired_permission]" time="0.103" /><testcase classname="tests.unit.conversation_intelligence.test_application" name="test_fresh_server_authority_is_required[revoked_permission]" time="0.108" /><testcase classname="tests.unit.conversation_intelligence.test_application" name="test_fresh_server_authority_is_required[retention]" time="0.089" /><testcase classname="tests.unit.conversation_intelligence.test_application" name="test_permission_reference_is_resolved_not_trusted[random]" time="0.086" /><testcase classname="tests.unit.conversation_intelligence.test_application" name="test_permission_reference_is_resolved_not_trusted[different_source]" time="0.100" /><testcase classname="tests.unit.conversation_intelligence.test_application" name="test_permission_reference_is_resolved_not_trusted[different_owner]" time="0.253" /><testcase classname="tests.unit.conversation_intelligence.test_application" name="test_deletion_revokes_reads_and_enqueues_exactly_one_durable_job" time="0.103" /><testcase classname="tests.unit.conversation_intelligence.test_application" name="test_same_tenant_admin_cannot_read_another_persons_recording" time="0.098" /><testcase classname="tests.unit.conversation_intelligence.test_approved_call_test" name="test_exact_source_and_current_permission_checked_before_dispatch" time="0.049" /><testcase classname="tests.unit.conversation_intelligence.test_approved_call_test" name="test_native_response_persisted_and_journal_blocks_retranscription" time="0.098" /><testcase classname="tests.unit.conversation_intelligence.test_approved_call_test" name="test_denied_approval_never_dispatches" time="0.034" /><testcase classname="tests.unit.conversation_intelligence.test_broker_router" name="test_exact_current_approval_selects_only_fixed_provider_child" time="0.003" /><testcase classname="tests.unit.conversation_intelligence.test_broker_router" name="test_changed_credential_reference_is_rejected_before_child" time="0.003" /><testcase classname="tests.unit.conversation_intelligence.test_broker_router" name="test_unknown_provider_has_no_fallback_child" time="0.003" /><testcase classname="tests.unit.conversation_intelligence.test_broker_router" name="test_stale_stage_approval_is_rejected_before_child" time="0.003" /><testcase classname="tests.unit.conversation_intelligence.test_broker_router" name="test_permission_authorization_is_bound_to_current_bundle_digest" time="0.003" /><testcase classname="tests.unit.conversation_intelligence.test_broker_router" name="test_child_result_is_bound_to_reservation_and_raw_receipt[provider-elevenlabs-forged]" time="0.003" /><testcase classname="tests.unit.conversation_intelligence.test_broker_router" name="test_child_result_is_bound_to_reservation_and_raw_receipt[model-different-model]" time="0.003" /><testcase classname="tests.unit.conversation_intelligence.test_broker_router" name="test_child_result_is_bound_to_reservation_and_raw_receipt[input_sha256-ffffffffffffffffffffffffffffffffffffffffffffffffffffffffffffffff]" time="0.004" /><testcase classname="tests.unit.conversation_intelligence.test_broker_router" name="test_child_result_is_bound_to_reservation_and_raw_receipt[response_sha256-ffffffffffffffffffffffffffffffffffffffffffffffffffffffffffffffff]" time="0.004" /><testcase classname="tests.unit.conversation_intelligence.test_broker_router" name="test_child_result_is_bound_to_reservation_and_raw_receipt[raw_json-value4]" time="0.003" /><testcase classname="tests.unit.conversation_intelligence.test_broker_router" name="test_wrong_child_result_type_is_rejected" time="0.004" /><testcase classname="tests.unit.conversation_intelligence.test_broker_router" name="test_c2_quote_input_digest_must_remain_exact_source_digest" time="0.003" /><testcase classname="tests.unit.conversation_intelligence.test_broker_router" name="test_c4_router_accepts_production_fact_recipe_and_payload" time="0.003" /><testcase classname="tests.unit.conversation_intelligence.test_broker_router" name="test_c5_router_accepts_production_coaching_recipe_and_frozen_profile" time="0.006" /><testcase classname="tests.unit.conversation_intelligence.test_broker_router" name="test_unexpected_child_error_is_sanitized" time="0.004" /><testcase classname="tests.unit.conversation_intelligence.test_broker_router" name="test_stable_broker_error_is_preserved" time="0.003" /><testcase classname="tests.unit.conversation_intelligence.test_broker_router" name="test_cancellation_is_not_converted_to_router_failure" time="0.003" /><testcase classname="tests.unit.conversation_intelligence.test_checkpoints" name="test_profile_and_judge_change_reuse_transcript_and_measurements" time="0.002" /><testcase classname="tests.unit.conversation_intelligence.test_checkpoints" name="test_transcript_and_measurement_branches_are_independent" time="0.001" /><testcase classname="tests.unit.conversation_intelligence.test_checkpoints" name="test_acoustic_window_profiles_are_explicit_measurement_cache_inputs" time="0.002" /><testcase classname="tests.unit.conversation_intelligence.test_checkpoints" name="test_cache_isolated_by_tenant_recording_source_and_revision" time="0.002" /><testcase classname="tests.unit.conversation_intelligence.test_checkpoints" name="test_checkpoint_is_immutable_and_payload_conflict_is_not_overwritten" time="0.001" /><testcase classname="tests.unit.conversation_intelligence.test_checkpoints" name="test_parent_manifest_binds_payload_not_just_derivation" time="0.001" /><testcase classname="tests.unit.conversation_intelligence.test_checkpoints" name="test_requires_exact_same_source_parent_set" time="0.001" /><testcase classname="tests.unit.conversation_intelligence.test_checkpoints" name="test_global_coaching_config_rejected_at_cheap_checkpoint[config0]" time="0.001" /><testcase classname="tests.unit.conversation_intelligence.test_checkpoints" name="test_global_coaching_config_rejected_at_cheap_checkpoint[config1]" time="0.001" /><testcase classname="tests.unit.conversation_intelligence.test_checkpoints" name="test_json_and_hash_validation" time="0.001" /><testcase classname="tests.unit.conversation_intelligence.test_child_identity" name="test_child_reads_one_external_token_file_and_execs_only_fixed_command" time="0.008" /><testcase classname="tests.unit.conversation_intelligence.test_child_identity" name="test_missing_or_malformed_identity_file_returns_stable_redacted_frame" time="0.006" /><testcase classname="tests.unit.conversation_intelligence.test_child_identity" name="test_identity_file_rejects_symlinks_and_multiline_values" time="0.009" /><testcase classname="tests.unit.conversation_intelligence.test_child_identity" name="test_launcher_missing_identity_fails_closed_before_process_runner" time="0.001" /><testcase classname="tests.unit.conversation_intelligence.test_child_identity" name="test_real_child_identity_failure_is_bounded_and_redacted" time="0.450" /><testcase classname="tests.unit.conversation_intelligence.test_context" name="test_forged_or_unsupported_evidence_rejected[tenant_id-other]" time="0.001" /><testcase classname="tests.unit.conversation_intelligence.test_context" name="test_forged_or_unsupported_evidence_rejected[recording_id-other]" time="0.001" /><testcase classname="tests.unit.conversation_intelligence.test_context" name="test_forged_or_unsupported_evidence_rejected[source_sha256-2222222222222222222222222222222222222222222222222222222222222222]" time="0.001" /><testcase classname="tests.unit.conversation_intelligence.test_context" name="test_forged_or_unsupported_evidence_rejected[source_revision-old]" time="0.001" /><testcase classname="tests.unit.conversation_intelligence.test_context" name="test_forged_or_unsupported_evidence_rejected[timebase_id-resampled]" time="0.001" /><testcase classname="tests.unit.conversation_intelligence.test_context" name="test_forged_or_unsupported_evidence_rejected[transcript_revision-old]" time="0.001" /><testcase classname="tests.unit.conversation_intelligence.test_context" name="test_forged_or_unsupported_evidence_rejected[speaker_id-invented]" time="0.001" /><testcase classname="tests.unit.conversation_intelligence.test_context" name="test_forged_or_unsupported_evidence_rejected[quote-Money is available.]" time="0.001" /><testcase classname="tests.unit.conversation_intelligence.test_context" name="test_forged_or_unsupported_evidence_rejected[start_ms-1]" time="0.001" /><testcase classname="tests.unit.conversation_intelligence.test_context" name="test_forged_or_unsupported_evidence_rejected[end_ms-True]" time="0.001" /><testcase classname="tests.unit.conversation_intelligence.test_context" name="test_literal_quote_segment_support_and_explicit_word_support" time="0.001" /><testcase classname="tests.unit.conversation_intelligence.test_context" name="test_invalid_transcript_and_empty_evidence_fail_closed" time="0.001" /><testcase classname="tests.unit.conversation_intelligence.test_context" name="test_no_future_leak_and_malformed_future_is_still_rejected" time="0.001" /><testcase classname="tests.unit.conversation_intelligence.test_context" name="test_conflicts_duplicate_evidence_and_unknown_retained" time="0.002" /><testcase classname="tests.unit.conversation_intelligence.test_context" name="test_supersession_is_explicit_forward_only_and_retains_history" time="0.002" /><testcase classname="tests.unit.conversation_intelligence.test_context" name="test_safe_three_valued_policy_and_type_sensitive_values" time="0.002" /><testcase classname="tests.unit.conversation_intelligence.test_context" name="test_profile_invariance_and_unapproved_95_100_discrepancy" time="0.002" /><testcase classname="tests.unit.conversation_intelligence.test_context" name="test_minimal_pair_same_objection_differs_only_in_supported_context" time="0.002" /><testcase classname="tests.unit.conversation_intelligence.test_context" name="test_packet_preserves_mandatory_counterevidence_and_no_future" time="0.002" /><testcase classname="tests.unit.conversation_intelligence.test_context" name="test_packet_never_accepts_foreign_context" time="0.001" /><testcase classname="tests.unit.conversation_intelligence.test_contracts" name="test_caller_cannot_select_tenant_or_enable_providers" time="0.001" /><testcase classname="tests.unit.conversation_intelligence.test_contracts" name="test_example_is_authored_and_no_intake_or_paid_route_is_exposed" time="0.072" /><testcase classname="tests.unit.conversation_intelligence.test_entitlements" name="test_no_implicit_allowance_and_explicit_grant_is_immutable_idempotent" time="0.001" /><testcase classname="tests.unit.conversation_intelligence.test_entitlements" name="test_noninteger_and_negative_units_are_rejected[True]" time="0.001" /><testcase classname="tests.unit.conversation_intelligence.test_entitlements" name="test_noninteger_and_negative_units_are_rejected[-1]" time="0.001" /><testcase classname="tests.unit.conversation_intelligence.test_entitlements" name="test_noninteger_and_negative_units_are_rejected[1.5]" time="0.001" /><testcase classname="tests.unit.conversation_intelligence.test_entitlements" name="test_noninteger_and_negative_units_are_rejected[60]" time="0.001" /><testcase classname="tests.unit.conversation_intelligence.test_entitlements" name="test_meter_rounding_once[1-1]" time="0.001" /><testcase classname="tests.unit.conversation_intelligence.test_entitlements" name="test_meter_rounding_once[1000-1]" time="0.001" /><testcase classname="tests.unit.conversation_intelligence.test_entitlements" name="test_meter_rounding_once[1001-2]" time="0.001" /><testcase classname="tests.unit.conversation_intelligence.test_entitlements" name="test_meter_rounding_once[60001-61]" time="0.001" /><testcase classname="tests.unit.conversation_intelligence.test_entitlements" name="test_reservation_atomic_budget_failure_does_not_consume_minutes" time="0.001" /><testcase classname="tests.unit.conversation_intelligence.test_entitlements" name="test_reserve_idempotency_and_quote_expiry_before_dispatch" time="0.001" /><testcase classname="tests.unit.conversation_intelligence.test_entitlements" name="test_permission_binds_exact_recording_provider_privacy_and_quote[provider_id-another-provider]" time="0.001" /><testcase classname="tests.unit.conversation_intelligence.test_entitlements" name="test_permission_binds_exact_recording_provider_privacy_and_quote[privacy_revision-privacy-2]" time="0.001" /><testcase classname="tests.unit.conversation_intelligence.test_entitlements" name="test_permission_binds_exact_recording_provider_privacy_and_quote[permission_ref-another-purpose]" time="0.001" /><testcase classname="tests.unit.conversation_intelligence.test_entitlements" name="test_permission_binds_exact_recording_provider_privacy_and_quote[provider_terms_ref-terms-2]" time="0.001" /><testcase classname="tests.unit.conversation_intelligence.test_entitlements" name="test_permission_binds_exact_recording_provider_privacy_and_quote[retention_ref-retention-2]" time="0.001" /><testcase classname="tests.unit.conversation_intelligence.test_entitlements" name="test_permission_binds_exact_recording_provider_privacy_and_quote[recipe_revision-recipe-2]" time="0.002" /><testcase classname="tests.unit.conversation_intelligence.test_entitlements" name="test_permission_binds_exact_recording_provider_privacy_and_quote[input_sha256-3333333333333333333333333333333333333333333333333333333333333333]" time="0.001" /><testcase classname="tests.unit.conversation_intelligence.test_entitlements" name="test_permission_binds_exact_recording_provider_privacy_and_quote[expires_at_epoch-301]" time="0.001" /><testcase classname="tests.unit.conversation_intelligence.test_entitlements" name="test_permission_binds_exact_recording_provider_privacy_and_quote[max_cost_paise-2400]" time="0.001" /><testcase classname="tests.unit.conversation_intelligence.test_entitlements" name="test_cross_tenant_source_and_expired_permission_rejected" time="0.001" /><testcase classname="tests.unit.conversation_intelligence.test_entitlements" name="test_project_budget_is_shared_across_accounts" time="0.001" /><testcase classname="tests.unit.conversation_intelligence.test_entitlements" name="test_paired_divergent_snapshot_fails_before_any_transition" time="0.001" /><testcase classname="tests.unit.conversation_intelligence.test_entitlements" name="test_zero_priced_offline_and_profile_replay_quote_uses_only_explicit_seconds" time="0.001" /><testcase classname="tests.unit.conversation_intelligence.test_entitlements" name="test_settlement_is_idempotent_reclaims_unused_hold_and_cannot_release_again" time="0.002" /><testcase classname="tests.unit.conversation_intelligence.test_entitlements" name="test_cancellation_releases_once_and_replay_cannot_create_another_call" time="0.001" /><testcase classname="tests.unit.conversation_intelligence.test_entitlements" name="test_unknown_provider_outcome_keeps_both_reservations_until_reconciliation" time="0.001" /><testcase classname="tests.unit.conversation_intelligence.test_entitlements" name="test_overrun_is_explicit_actual_usage_hold_and_blocks_new_spend" time="0.001" /><testcase classname="tests.unit.conversation_intelligence.test_entitlements" name="test_normal_and_above_ceiling_cap_changes_require_new_exact_owner_approval" time="0.001" /><testcase classname="tests.unit.conversation_intelligence.test_entitlements" name="test_json_snapshots_roundtrip_and_reject_extra_fields_boolean_units_and_counterfeits" time="0.002" /><testcase classname="tests.unit.conversation_intelligence.test_entitlements" name="test_same_quote_new_source_revision_and_provider_receipt_cannot_cross_bind" time="0.001" /><testcase classname="tests.unit.conversation_intelligence.test_entitlements" name="test_two_requests_must_reload_shared_budget_after_first_commit" time="0.001" /><testcase classname="tests.unit.conversation_intelligence.test_hosted_runtime" name="test_disabled_runtime_does_not_create_storage" time="0.008" /><testcase classname="tests.unit.conversation_intelligence.test_hosted_runtime" name="test_complete_pinned_runtime_loads_and_rechecks_artifact" time="0.039" /><testcase classname="tests.unit.conversation_intelligence.test_hosted_runtime" name="test_incomplete_activation_cannot_mount_intake[sales_xray_approval_path]" time="0.008" /><testcase classname="tests.unit.conversation_intelligence.test_hosted_runtime" name="test_incomplete_activation_cannot_mount_intake[sales_xray_approval_sha256]" time="0.007" /><testcase classname="tests.unit.conversation_intelligence.test_hosted_runtime" name="test_incomplete_activation_cannot_mount_intake[sales_xray_storage_root]" time="0.008" /><testcase classname="tests.unit.conversation_intelligence.test_hosted_runtime" name="test_incomplete_activation_cannot_mount_intake[sales_xray_scratch_root]" time="0.009" /><testcase classname="tests.unit.conversation_intelligence.test_hosted_runtime" name="test_incomplete_activation_cannot_mount_intake[operations_tenant_id]" time="0.010" /><testcase classname="tests.unit.conversation_intelligence.test_hosted_runtime" name="test_invalid_approval_is_sanitized_before_storage_creation[digest]" time="0.021" /><testcase classname="tests.unit.conversation_intelligence.test_hosted_runtime" name="test_invalid_approval_is_sanitized_before_storage_creation[expired]" time="0.016" /><testcase classname="tests.unit.conversation_intelligence.test_hosted_runtime" name="test_invalid_approval_is_sanitized_before_storage_creation[environment]" time="0.036" /><testcase classname="tests.unit.conversation_intelligence.test_hosted_runtime" name="test_invalid_approval_is_sanitized_before_storage_creation[unknown]" time="0.025" /><testcase classname="tests.unit.conversation_intelligence.test_hosted_runtime" name="test_invalid_approval_is_sanitized_before_storage_creation[missing]" time="0.018" /><testcase classname="tests.unit.conversation_intelligence.test_hosted_runtime" name="test_private_roots_cannot_overlap" time="0.021" /><testcase classname="tests.unit.conversation_intelligence.test_hosted_runtime" name="test_approval_cannot_select_a_different_control_tenant" time="0.025" /><testcase classname="tests.unit.conversation_intelligence.test_hosted_runtime" name="test_loader_rejects_relative_path_and_malformed_digest" time="0.001" /><testcase classname="tests.unit.conversation_intelligence.test_hosted_runtime" name="test_unavailable_sales_approval_keeps_the_existing_api_available" time="1.829" /><testcase classname="tests.unit.conversation_intelligence.test_hosted_runtime" name="test_deployed_composition_has_owned_routes_without_local_proof_import[staging]" time="0.942" /><testcase classname="tests.unit.conversation_intelligence.test_hosted_runtime" name="test_deployed_composition_has_owned_routes_without_local_proof_import[production]" time="0.854" /><testcase classname="tests.unit.conversation_intelligence.test_hosted_runtime" name="test_learner_cannot_select_provider_settings[provider]" time="0.001" /><testcase classname="tests.unit.conversation_intelligence.test_hosted_runtime" name="test_learner_cannot_select_provider_settings[model]" time="0.001" /><testcase classname="tests.unit.conversation_intelligence.test_hosted_runtime" name="test_learner_cannot_select_provider_settings[profile]" time="0.001" /><testcase classname="tests.unit.conversation_intelligence.test_hosted_runtime" name="test_learner_cannot_select_provider_settings[credential_ref]" time="0.001" /><testcase classname="tests.unit.conversation_intelligence.test_hosted_runtime" name="test_learner_cannot_select_provider_settings[tenant_id]" time="0.001" /><testcase classname="tests.unit.conversation_intelligence.test_hosted_runtime" name="test_acceptance_requires_explicit_exact_owner_consent" time="0.001" /><testcase classname="tests.unit.conversation_intelligence.test_inference_broker" name="test_execute_binds_route_and_deserializes_only_raw_response" time="0.006" /><testcase classname="tests.unit.conversation_intelligence.test_inference_broker" name="test_execute_rejects_changed_input_before_child_launch" time="0.004" /><testcase classname="tests.unit.conversation_intelligence.test_inference_broker" name="test_launcher_passes_only_token_file_reference_to_sterile_child_environment" time="0.005" /><testcase classname="tests.unit.conversation_intelligence.test_inference_broker" name="test_execute_caps_input_without_echoing_source" time="0.003" /><testcase classname="tests.unit.conversation_intelligence.test_inference_broker" name="test_response_route_digest_and_duplicate_data_are_untrusted" time="0.005" /><testcase classname="tests.unit.conversation_intelligence.test_inference_broker" name="test_child_reads_only_the_exact_provider_credential_and_returns_raw_frame" time="0.004" /><testcase classname="tests.unit.conversation_intelligence.test_inference_broker" name="test_runner_exception_is_stable_and_does_not_echo_secret" time="0.003" /><testcase classname="tests.unit.conversation_intelligence.test_inference_broker" name="test_real_subprocess_timeout_terminates_and_joins_child" time="0.057" /><testcase classname="tests.unit.conversation_intelligence.test_inference_broker" name="test_timeout_kills_wrapper_spawned_descendant" time="0.781" /><testcase classname="tests.unit.conversation_intelligence.test_inference_broker" name="test_real_subprocess_cancellation_joins_child" time="0.062" /><testcase classname="tests.unit.conversation_intelligence.test_inference_broker" name="test_cancellation_kills_wrapper_spawned_descendant" time="0.752" /><testcase classname="tests.unit.conversation_intelligence.test_inference_broker" name="test_repeated_cancellation_waits_for_process_tree_join" time="0.050" /><testcase classname="tests.unit.conversation_intelligence.test_inference_broker" name="test_input_write_is_inside_whole_execution_deadline" time="0.049" /><testcase classname="tests.unit.conversation_intelligence.test_inference_broker" name="test_infisical_launcher_is_fixed_and_rejects_secret_like_references" time="0.001" /><testcase classname="tests.unit.conversation_intelligence.test_inference_broker" name="test_frame_rejects_truncated_or_oversized_payload" time="0.001" /><testcase classname="tests.unit.conversation_intelligence.test_inference_broker" name="test_error_response_does_not_accept_credential_shaped_code" time="0.001" /><testcase classname="tests.unit.conversation_intelligence.test_inference_broker" name="test_stale_reservation_is_rejected_without_launch" time="0.001" /><testcase classname="tests.unit.conversation_intelligence.test_inference_tasks" name="test_scribe_envelope_references_source_without_retaining_audio" time="0.001" /><testcase classname="tests.unit.conversation_intelligence.test_inference_tasks" name="test_scribe_result_is_source_bound_and_preserves_raw_receipt" time="0.001" /><testcase classname="tests.unit.conversation_intelligence.test_inference_tasks" name="test_fact_envelopes_cover_complete_chunks_without_profile" time="0.002" /><testcase classname="tests.unit.conversation_intelligence.test_inference_tasks" name="test_fact_result_validates_chunk_evidence_and_returns_fresh_json" time="0.001" /><testcase classname="tests.unit.conversation_intelligence.test_inference_tasks" name="test_coaching_envelope_uses_profile_revision_and_withholds_numeric_output" time="0.004" /><testcase classname="tests.unit.conversation_intelligence.test_inference_tasks" name="test_profile_changes_do_not_change_c2_envelope" time="0.002" /><testcase classname="tests.unit.conversation_intelligence.test_inference_tasks" name="test_raw_provider_provenance_cannot_name_different_parsed_content" time="0.001" /><testcase classname="tests.unit.conversation_intelligence.test_inference_worker_stages" name="test_text_stages_send_prepared_bytes_without_reading_audio" time="0.001" /><testcase classname="tests.unit.conversation_intelligence.test_inference_worker_stages" name="test_c2_payload_still_uses_fenced_audio_loader" time="0.001" /><testcase classname="tests.unit.conversation_intelligence.test_inference_worker_stages" name="test_c4_validation_binds_result_to_plan_transcript" time="0.001" /><testcase classname="tests.unit.conversation_intelligence.test_inference_worker_stages" name="test_c5_validation_passes_plan_transcript_and_profile" time="0.003" /><testcase classname="tests.unit.conversation_intelligence.test_inference_worker_stages" name="test_unknown_stage_cannot_become_a_provider_payload" time="0.001" /><testcase classname="tests.unit.conversation_intelligence.test_intake_transport" name="test_invalid_scope_and_origin_are_rejected_before_auth_or_body_read" time="0.007" /><testcase classname="tests.unit.conversation_intelligence.test_intake_transport" name="test_invalid_upload_headers_are_rejected_before_auth_or_body_read[zero bytes-headers0]" time="0.006" /><testcase classname="tests.unit.conversation_intelligence.test_intake_transport" name="test_invalid_upload_headers_are_rejected_before_auth_or_body_read[missing length-headers1]" time="0.006" /><testcase classname="tests.unit.conversation_intelligence.test_intake_transport" name="test_invalid_upload_headers_are_rejected_before_auth_or_body_read[over limit-headers2]" time="0.006" /><testcase classname="tests.unit.conversation_intelligence.test_intake_transport" name="test_invalid_upload_headers_are_rejected_before_auth_or_body_read[wrong content type-headers3]" time="0.016" /><testcase classname="tests.unit.conversation_intelligence.test_intake_transport" name="test_invalid_upload_headers_are_rejected_before_auth_or_body_read[transfer encoding-headers4]" time="0.006" /><testcase classname="tests.unit.conversation_intelligence.test_intake_transport" name="test_invalid_upload_headers_are_rejected_before_auth_or_body_read[duplicate length-headers5]" time="0.026" /><testcase classname="tests.unit.conversation_intelligence.test_measurement_view" name="test_display_views_rejects_duplicate_or_out_of_range_physical_channels" time="0.001" /><testcase classname="tests.unit.conversation_intelligence.test_measurement_view" name="test_display_views_rejects_nan_missing_series_and_invalid_frame_bounds" time="0.001" /><testcase classname="tests.unit.conversation_intelligence.test_measurement_view" name="test_display_views_rejects_negative_pitch_or_peak[f0_median_hz]" time="0.001" /><testcase classname="tests.unit.conversation_intelligence.test_measurement_view" name="test_display_views_rejects_negative_pitch_or_peak[max_sample_peak]" time="0.001" /><testcase classname="tests.unit.conversation_intelligence.test_measurement_view" name="test_display_views_rejects_point_after_decoded_duration" time="0.001" /><testcase classname="tests.unit.conversation_intelligence.test_native_runtime" name="test_cleanup_requires_confirmed_container_absence[0-container-id\n]" time="0.003" /><testcase classname="tests.unit.conversation_intelligence.test_native_runtime" name="test_cleanup_requires_confirmed_container_absence[1-]" time="0.003" /><testcase classname="tests.unit.conversation_intelligence.test_native_runtime" name="test_cleanup_accepts_already_auto_removed_container" time="0.003" /><testcase classname="tests.unit.conversation_intelligence.test_native_runtime" name="test_docker_adapter_uses_fixed_isolated_command_and_promotes_verified_output" time="0.023" /><testcase classname="tests.unit.conversation_intelligence.test_native_runtime" name="test_docker_adapter_stages_on_helper_quota_root_and_publishes_to_worker_root" time="0.022" /><testcase classname="tests.unit.conversation_intelligence.test_native_runtime" name="test_helper_peer_credentials_use_uid_slot" time="0.001" /><testcase classname="tests.unit.conversation_intelligence.test_native_runtime" name="test_helper_ignores_disconnected_peer_when_sending_error" time="0.001" /><testcase classname="tests.unit.conversation_intelligence.test_native_runtime" name="test_helper_request_frame_has_one_bounded_deadline" time="0.001" /><testcase classname="tests.unit.conversation_intelligence.test_native_runtime" name="test_native_owner_is_applied_to_staging_and_published_files" time="0.000"><skipped type="pytest.skip" message="POSIX ownership is unavailable">D:\Projects\authority-closers-xray-dipak-overview\tests\unit\conversation_intelligence\test_native_runtime.py:283: POSIX ownership is unavailable</skipped></testcase><testcase classname="tests.unit.conversation_intelligence.test_native_runtime" name="test_socket_client_sends_only_bounded_paths_and_validates_output" time="0.016" /><testcase classname="tests.unit.conversation_intelligence.test_native_runtime" name="test_runtime_rejects_mutable_image_refs[ac-sales-xray:latest-native_runtime_configuration_invalid]" time="0.003" /><testcase classname="tests.unit.conversation_intelligence.test_native_runtime" name="test_runtime_rejects_mutable_image_refs[registry.example/ac-sales-xray:1-native_runtime_configuration_invalid]" time="0.003" /><testcase classname="tests.unit.conversation_intelligence.test_native_runtime" name="test_hosted_profile_rejects_48khz_and_output_outside_workspace" time="0.005" /><testcase classname="tests.unit.conversation_intelligence.test_native_runtime" name="test_checkpoint_source_or_feature_damage_is_rejected_and_staging_is_clean" time="0.020" /><testcase classname="tests.unit.conversation_intelligence.test_playback_transport" name="test_byte_range_accepts_one_bounded_interval[None-10-expected0]" time="0.001" /><testcase classname="tests.unit.conversation_intelligence.test_playback_transport" name="test_byte_range_accepts_one_bounded_interval[bytes=2-5-10-expected1]" time="0.001" /><testcase classname="tests.unit.conversation_intelligence.test_playback_transport" name="test_byte_range_accepts_one_bounded_interval[bytes=2--10-expected2]" time="0.001" /><testcase classname="tests.unit.conversation_intelligence.test_playback_transport" name="test_byte_range_accepts_one_bounded_interval[bytes=-3-10-expected3]" time="0.001" /><testcase classname="tests.unit.conversation_intelligence.test_playback_transport" name="test_byte_range_accepts_one_bounded_interval[bytes=8-50-10-expected4]" time="0.001" /><testcase classname="tests.unit.conversation_intelligence.test_playback_transport" name="test_byte_range_rejects_malformed_or_unsatisfiable_interval[]" time="0.002" /><testcase classname="tests.unit.conversation_intelligence.test_playback_transport" name="test_byte_range_rejects_malformed_or_unsatisfiable_interval[bytes=]" time="0.001" /><testcase classname="tests.unit.conversation_intelligence.test_playback_transport" name="test_byte_range_rejects_malformed_or_unsatisfiable_interval[bytes=0-0,2-3]" time="0.001" /><testcase classname="tests.unit.conversation_intelligence.test_playback_transport" name="test_byte_range_rejects_malformed_or_unsatisfiable_interval[bytes=10-11]" time="0.001" /><testcase classname="tests.unit.conversation_intelligence.test_playback_transport" name="test_byte_range_rejects_malformed_or_unsatisfiable_interval[bytes=5-4]" time="0.001" /><testcase classname="tests.unit.conversation_intelligence.test_playback_transport" name="test_byte_range_rejects_malformed_or_unsatisfiable_interval[bytes=-0]" time="0.001" /><testcase classname="tests.unit.conversation_intelligence.test_playback_transport" name="test_private_audio_response_slices_chunks_and_closes_source" time="0.003" /><testcase classname="tests.unit.conversation_intelligence.test_playback_transport" name="test_private_audio_response_cancellation_closes_blocked_source" time="0.005" /><testcase classname="tests.unit.conversation_intelligence.test_processing_plan" name="test_one_explicit_boolean_click_is_required[False]" time="0.001" /><testcase classname="tests.unit.conversation_intelligence.test_processing_plan" name="test_one_explicit_boolean_click_is_required[1]" time="0.001" /><testcase classname="tests.unit.conversation_intelligence.test_processing_plan" name="test_one_explicit_boolean_click_is_required[true]" time="0.001" /><testcase classname="tests.unit.conversation_intelligence.test_processing_plan" name="test_one_explicit_boolean_click_is_required[None]" time="0.001" /><testcase classname="tests.unit.conversation_intelligence.test_processing_plan" name="test_learner_acceptance_cannot_change_provider_or_scope[provider]" time="0.001" /><testcase classname="tests.unit.conversation_intelligence.test_processing_plan" name="test_learner_acceptance_cannot_change_provider_or_scope[model]" time="0.001" /><testcase classname="tests.unit.conversation_intelligence.test_processing_plan" name="test_learner_acceptance_cannot_change_provider_or_scope[max_cost_paise]" time="0.001" /><testcase classname="tests.unit.conversation_intelligence.test_processing_plan" name="test_learner_acceptance_cannot_change_provider_or_scope[profile]" time="0.001" /><testcase classname="tests.unit.conversation_intelligence.test_processing_plan" name="test_saved_plan_preserves_actual_weight_discrepancy_and_finite_bound" time="0.002" /><testcase classname="tests.unit.conversation_intelligence.test_processing_plan" name="test_changed_saved_scope_cannot_become_authority[source]" time="0.002" /><testcase classname="tests.unit.conversation_intelligence.test_processing_plan" name="test_changed_saved_scope_cannot_become_authority[profile]" time="0.002" /><testcase classname="tests.unit.conversation_intelligence.test_processing_plan" name="test_changed_saved_scope_cannot_become_authority[price]" time="0.002" /><testcase classname="tests.unit.conversation_intelligence.test_processing_plan" name="test_changed_saved_scope_cannot_become_authority[recipient]" time="0.002" /><testcase classname="tests.unit.conversation_intelligence.test_processing_plan" name="test_changed_saved_scope_cannot_become_authority[erased]" time="0.001" /><testcase classname="tests.unit.conversation_intelligence.test_provider_registry" name="test_catalog_distinguishes_current_transport_from_planned_provider_options" time="0.001" /><testcase classname="tests.unit.conversation_intelligence.test_provider_registry" name="test_task_contracts_define_all_tasks_and_checkpoint_reuse" time="0.001" /><testcase classname="tests.unit.conversation_intelligence.test_provider_registry" name="test_config_round_trip_has_stable_digest_and_is_frozen" time="0.001" /><testcase classname="tests.unit.conversation_intelligence.test_provider_registry" name="test_provider_models_are_keyed_by_provider_and_model_for_independent_task_routes" time="0.001" /><testcase classname="tests.unit.conversation_intelligence.test_provider_registry" name="test_planned_provider_model_can_be_saved_as_dormant_but_never_dispatched" time="0.001" /><testcase classname="tests.unit.conversation_intelligence.test_provider_registry" name="test_zero_cost_asr_resolves_exact_permission_and_endpoint_without_transport" time="0.001" /><testcase classname="tests.unit.conversation_intelligence.test_provider_registry" name="test_dispatch_requires_current_config_digest_permission_and_input_stage" time="0.001" /><testcase classname="tests.unit.conversation_intelligence.test_provider_registry" name="test_contract_only_generation_cannot_be_presented_as_implemented_task_adapter" time="0.001" /><testcase classname="tests.unit.conversation_intelligence.test_provider_registry" name="test_missing_provider_evidence_blocks_dispatch[provider_terms_ref]" time="0.001" /><testcase classname="tests.unit.conversation_intelligence.test_provider_registry" name="test_missing_provider_evidence_blocks_dispatch[privacy_ref]" time="0.001" /><testcase classname="tests.unit.conversation_intelligence.test_provider_registry" name="test_missing_provider_evidence_blocks_dispatch[pricing_ref]" time="0.001" /><testcase classname="tests.unit.conversation_intelligence.test_provider_registry" name="test_missing_provider_evidence_blocks_dispatch[free_allowance_ref]" time="0.002" /><testcase classname="tests.unit.conversation_intelligence.test_provider_registry" name="test_paid_policy_is_explicit_and_auto_purchase_is_always_forbidden" time="0.001" /><testcase classname="tests.unit.conversation_intelligence.test_provider_registry" name="test_endpoint_credentials_queries_and_remote_http_are_rejected[https://user:password@example.invalid/v1-credentials_forbidden]" time="0.001" /><testcase classname="tests.unit.conversation_intelligence.test_provider_registry" name="test_endpoint_credentials_queries_and_remote_http_are_rejected[https://api.elevenlabs.io/v1/speech-to-text?key=secret-query_forbidden]" time="0.001" /><testcase classname="tests.unit.conversation_intelligence.test_provider_registry" name="test_endpoint_credentials_queries_and_remote_http_are_rejected[http://10.0.0.1:11434/api-http_endpoint_must_be_local]" time="0.001" /><testcase classname="tests.unit.conversation_intelligence.test_provider_registry" name="test_exact_endpoint_digest_and_catalog_binding_are_required" time="0.001" /><testcase classname="tests.unit.conversation_intelligence.test_provider_registry" name="test_local_http_endpoint_requires_explicit_operator_approval" time="0.001" /><testcase classname="tests.unit.conversation_intelligence.test_provider_registry" name="test_raw_credentials_and_url_references_never_parse" time="0.001" /><testcase classname="tests.unit.conversation_intelligence.test_provider_registry" name="test_provider_key_formats_are_rejected_even_inside_reference_prefixes[sk_aaaaaaaaaaaaaaaaaaaaaaaaa]" time="0.001" /><testcase classname="tests.unit.conversation_intelligence.test_provider_registry" name="test_provider_key_formats_are_rejected_even_inside_reference_prefixes[AQ.aaaaaaaaaaaaaaaaaaaaaaaaaaaaaaaaaaa]" time="0.001" /><testcase classname="tests.unit.conversation_intelligence.test_provider_registry" name="test_provider_key_formats_are_rejected_even_inside_reference_prefixes[ref:secret:sk_aaaaaaaaaaaaaaaaaaaaaaaaa]" time="0.001" /><testcase classname="tests.unit.conversation_intelligence.test_provider_registry" name="test_provider_key_formats_are_rejected_even_inside_reference_prefixes[ref:secret:AQ.aaaaaaaaaaaaaaaaaaaaaaaaaaaaaaaaaaa]" time="0.001" /><testcase classname="tests.unit.conversation_intelligence.test_provider_registry" name="test_registry_record_limits_are_bounded" time="0.009" /><testcase classname="tests.unit.conversation_intelligence.test_provider_registry" name="test_typed_protocol_payloads_require_immutable_digest_bound_bytes" time="0.001" /><testcase classname="tests.unit.conversation_intelligence.test_providers" name="test_generation_fixed_endpoint_bound_output_and_usage" time="0.002" /><testcase classname="tests.unit.conversation_intelligence.test_providers" name="test_groq_generation_uses_the_fixed_endpoint_and_declared_model" time="0.001" /><testcase classname="tests.unit.conversation_intelligence.test_providers" name="test_result_and_failures_never_retain_provider_content_or_credentials" time="0.002" /><testcase classname="tests.unit.conversation_intelligence.test_providers" name="test_no_redirect_or_retry_and_no_error_body_disclosure[302]" time="0.001" /><testcase classname="tests.unit.conversation_intelligence.test_providers" name="test_no_redirect_or_retry_and_no_error_body_disclosure[401]" time="0.001" /><testcase classname="tests.unit.conversation_intelligence.test_providers" name="test_no_redirect_or_retry_and_no_error_body_disclosure[403]" time="0.001" /><testcase classname="tests.unit.conversation_intelligence.test_providers" name="test_no_redirect_or_retry_and_no_error_body_disclosure[429]" time="0.001" /><testcase classname="tests.unit.conversation_intelligence.test_providers" name="test_no_redirect_or_retry_and_no_error_body_disclosure[500]" time="0.001" /><testcase classname="tests.unit.conversation_intelligence.test_providers" name="test_transport_exception_is_stable_and_not_retried" time="0.001" /><testcase classname="tests.unit.conversation_intelligence.test_providers" name="test_changed_input_and_stale_grant_never_dispatch" time="0.001" /><testcase classname="tests.unit.conversation_intelligence.test_providers" name="test_non_object_generation_payload_fails_with_a_stable_provider_error" time="0.001" /><testcase classname="tests.unit.conversation_intelligence.test_providers" name="test_authority_is_checked_at_dispatch" time="0.001" /><testcase classname="tests.unit.conversation_intelligence.test_providers" name="test_authorization_uses_a_canonical_body_snapshot_before_send" time="0.001" /><testcase classname="tests.unit.conversation_intelligence.test_providers" name="test_transport_timeout_is_finite_and_single_shot" time="0.002" /><testcase classname="tests.unit.conversation_intelligence.test_providers" name="test_streaming_response_has_a_whole_execution_deadline" time="0.001" /><testcase classname="tests.unit.conversation_intelligence.test_providers" name="test_response_bound" time="0.012" /><testcase classname="tests.unit.conversation_intelligence.test_providers" name="test_scribe_native_text_and_unverified_identity_preserved" time="0.002" /><testcase classname="tests.unit.conversation_intelligence.test_providers" name="test_scribe_output_remains_bound_to_the_exact_source_hash" time="0.001" /><testcase classname="tests.unit.conversation_intelligence.test_providers" name="test_scribe_bad_response_shapes_fail_closed[payload0-scribe_transcript_invalid]" time="0.001" /><testcase classname="tests.unit.conversation_intelligence.test_providers" name="test_scribe_bad_response_shapes_fail_closed[payload1-scribe_words_invalid]" time="0.002" /><testcase classname="tests.unit.conversation_intelligence.test_providers" name="test_scribe_bad_response_shapes_fail_closed[payload2-scribe_word_invalid]" time="0.002" /><testcase classname="tests.unit.conversation_intelligence.test_providers" name="test_scribe_bad_response_shapes_fail_closed[payload3-scribe_timing_invalid]" time="0.001" /><testcase classname="tests.unit.conversation_intelligence.test_providers" name="test_scribe_bad_response_shapes_fail_closed[payload4-scribe_timing_invalid]" time="0.001" /><testcase classname="tests.unit.conversation_intelligence.test_providers" name="test_scribe_bad_response_shapes_fail_closed[payload5-scribe_timing_invalid]" time="0.001" /><testcase classname="tests.unit.conversation_intelligence.test_providers" name="test_scribe_bad_response_shapes_fail_closed[payload6-scribe_speaker_invalid]" time="0.001" /><testcase classname="tests.unit.conversation_intelligence.test_providers" name="test_scribe_preserves_overlapping_native_words_without_shrinking_timing" time="0.001" /><testcase classname="tests.unit.conversation_intelligence.test_providers" name="test_scribe_rejects_mutable_audio_payload_before_network" time="0.003" /><testcase classname="tests.unit.conversation_intelligence.test_providers" name="test_cross_source_scribe_and_oversized_output_budget_rejected" time="0.001" /><testcase classname="tests.unit.conversation_intelligence.test_report_export" name="test_html_escapes_untrusted_report_and_transcript_text" time="0.145" /><testcase classname="tests.unit.conversation_intelligence.test_report_export" name="test_markdown_escapes_raw_html_links_and_images" time="0.002" /><testcase classname="tests.unit.conversation_intelligence.test_report_export" name="test_export_does_not_invent_source_review_and_retains_binding_metadata" time="0.002" /><testcase classname="tests.unit.conversation_intelligence.test_report_export" name="test_html_has_no_external_connections_or_assets_and_dynamic_segment_count" time="0.002" /><testcase classname="tests.unit.conversation_intelligence.test_report_export" name="test_export_requires_exact_audio_and_transcript_binding" time="0.002" /><testcase classname="tests.unit.conversation_intelligence.test_report_export" name="test_export_uses_derived_segment_bounds_for_timestamps" time="0.002" /><testcase classname="tests.unit.conversation_intelligence.test_report_overview" name="test_new_overview_preserves_source_and_old_reports_keep_their_serialized_shape" time="0.003" /><testcase classname="tests.unit.conversation_intelligence.test_report_overview" name="test_missing_or_invented_template_data_fails[progress-value0]" time="0.002" /><testcase classname="tests.unit.conversation_intelligence.test_report_overview" name="test_missing_or_invented_template_data_fails[version-future-auto-approved]" time="0.002" /><testcase classname="tests.unit.conversation_intelligence.test_report_overview" name="test_missing_or_invented_template_data_fails[strength_details-value2]" time="0.002" /><testcase classname="tests.unit.conversation_intelligence.test_report_overview" name="test_missing_or_invented_template_data_fails[next_call_focus-None]" time="0.002" /><testcase classname="tests.unit.conversation_intelligence.test_report_overview" name="test_missing_or_invented_template_data_fails[practice-None]" time="0.002" /><testcase classname="tests.unit.conversation_intelligence.test_report_overview" name="test_missing_or_invented_template_data_fails[diagnosis-value5]" time="0.002" /><testcase classname="tests.unit.conversation_intelligence.test_report_overview" name="test_missing_or_invented_template_data_fails[golden_moments-value6]" time="0.002" /><testcase classname="tests.unit.conversation_intelligence.test_report_overview" name="test_missing_or_invented_template_data_fails[improvement_details-value7]" time="0.002" /><testcase classname="tests.unit.conversation_intelligence.test_report_overview" name="test_new_nested_evidence_cannot_change_the_source[quote]" time="0.002" /><testcase classname="tests.unit.conversation_intelligence.test_report_overview" name="test_new_nested_evidence_cannot_change_the_source[start_ms]" time="0.002" /><testcase classname="tests.unit.conversation_intelligence.test_report_overview" name="test_new_nested_evidence_cannot_change_the_source[segment_id]" time="0.001" /><testcase classname="tests.unit.conversation_intelligence.test_report_overview" name="test_financial_estimates_traits_and_boolean_focus_indices_are_rejected" time="0.003" /><testcase classname="tests.unit.conversation_intelligence.test_report_overview" name="test_interpretation_and_change_require_source_and_chronological_context" time="0.003" /><testcase classname="tests.unit.conversation_intelligence.test_report_overview" name="test_duplicate_references_and_duplicate_rewatch_clips_are_rejected" time="0.004" /><testcase classname="tests.unit.conversation_intelligence.test_report_overview" name="test_new_template_changes_only_coaching_input_and_preserves_token_ceiling" time="0.003" /><testcase classname="tests.unit.conversation_intelligence.test_report_overview" name="test_shared_browser_fixture_passes_the_authoritative_backend_parser" time="0.007" /><testcase classname="tests.unit.conversation_intelligence.test_report_overview" name="test_detailed_response_allocation_cannot_raise_the_owner_approved_cap" time="0.001" /><testcase classname="tests.unit.conversation_intelligence.test_report_profile" name="test_profile_is_source_pinned_nonnumeric_and_complete" time="0.001" /><testcase classname="tests.unit.conversation_intelligence.test_report_profile" name="test_profile_contains_eight_cited_dimensions_and_report_sections" time="0.001" /><testcase classname="tests.unit.conversation_intelligence.test_report_profile" name="test_profile_preserves_context_exceptions_and_evidence_boundaries" time="0.001" /><testcase classname="tests.unit.conversation_intelligence.test_report_profile" name="test_profile_prompt_stays_concise" time="0.001" /><testcase classname="tests.unit.conversation_intelligence.test_report_store_contract" name="test_non_json_report_content_is_a_validation_error[not-json]" time="0.002" /><testcase classname="tests.unit.conversation_intelligence.test_report_store_contract" name="test_non_json_report_content_is_a_validation_error[invalid1]" time="0.001" /><testcase classname="tests.unit.conversation_intelligence.test_report_store_contract" name="test_non_json_report_content_is_a_validation_error[nan]" time="0.001" /><testcase classname="tests.unit.conversation_intelligence.test_report_store_contract" name="test_non_json_report_content_is_a_validation_error[\ud800]" time="0.001" /><testcase classname="tests.unit.conversation_intelligence.test_reporting_runtime" name="test_disabled_composition_is_inert_and_does_not_construct_provider_children" time="0.005" /><testcase classname="tests.unit.conversation_intelligence.test_reporting_runtime" name="test_current_approval_binds_shared_authority_store_and_db_seam_without_starting_workers" time="0.006" /><testcase classname="tests.unit.conversation_intelligence.test_reporting_runtime" name="test_launcher_scope_must_equal_approved_credential_references[missing-approved-reference]" time="0.006" /><testcase classname="tests.unit.conversation_intelligence.test_reporting_runtime" name="test_launcher_scope_must_equal_approved_credential_references[extra-reference]" time="0.006" /><testcase classname="tests.unit.conversation_intelligence.test_reporting_runtime" name="test_launcher_provider_identity_must_match_the_approved_route" time="0.006" /><testcase classname="tests.unit.conversation_intelligence.test_reporting_runtime" name="test_provider_reference_ambiguity_is_rejected_before_any_child_is_created" time="0.006" /><testcase classname="tests.unit.conversation_intelligence.test_reporting_runtime" name="test_empty_approval_has_no_provider_mapping_or_fallback" time="0.005" /><testcase classname="tests.unit.conversation_intelligence.test_reporting_runtime" name="test_expired_approval_is_denied_before_storage_or_provider_composition" time="0.005" /><testcase classname="tests.unit.conversation_intelligence.test_reporting_runtime" name="test_forged_invalid_bundle_is_reparsed_and_denied" time="0.006" /><testcase classname="tests.unit.conversation_intelligence.test_reports" name="test_parser_binds_source_and_derives_profile_metadata" time="0.002" /><testcase classname="tests.unit.conversation_intelligence.test_reports" name="test_parser_rejects_unknown_numeric_and_unbound_evidence" time="0.002" /><testcase classname="tests.unit.conversation_intelligence.test_reports" name="test_parser_rejects_unsupported_citation_and_empty_transcript" time="0.002" /><testcase classname="tests.unit.conversation_intelligence.test_reports" name="test_fact_packet_is_profile_independent" time="0.001" /><testcase classname="tests.unit.conversation_intelligence.test_reports" name="test_chunking_preserves_all_segments_and_rejects_silent_truncation" time="0.001" /><testcase classname="tests.unit.conversation_intelligence.test_reports" name="test_groq_prompt_is_bounded_and_has_complete_chunk_source" time="0.002" /><testcase classname="tests.unit.conversation_intelligence.test_reports" name="test_fact_packet_accepts_compact_observations_and_requires_full_coverage" time="0.001" /><testcase classname="tests.unit.conversation_intelligence.test_reports" name="test_merge_fact_packets_rejects_duplicate_coverage_and_timebase_drift" time="0.001" /><testcase classname="tests.unit.conversation_intelligence.test_reports" name="test_merge_fact_packets_revalidates_evidence_against_transcript" time="0.001" /><testcase classname="tests.unit.conversation_intelligence.test_reports" name="test_fact_prompt_has_no_profile_and_report_prompt_is_single_judge_call" time="0.002" /><testcase classname="tests.unit.conversation_intelligence.test_reports" name="test_groq_envelope_parser_keeps_raw_response_out_of_draft" time="0.001" /><testcase classname="tests.unit.conversation_intelligence.test_review" name="test_every_revision_and_tenant_is_bound[tenant_id]" time="0.001" /><testcase classname="tests.unit.conversation_intelligence.test_review" name="test_every_revision_and_tenant_is_bound[run_id]" time="0.001" /><testcase classname="tests.unit.conversation_intelligence.test_review" name="test_every_revision_and_tenant_is_bound[run_revision]" time="0.001" /><testcase classname="tests.unit.conversation_intelligence.test_review" name="test_every_revision_and_tenant_is_bound[transcript_revision]" time="0.001" /><testcase classname="tests.unit.conversation_intelligence.test_review" name="test_every_revision_and_tenant_is_bound[measurement_revision]" time="0.001" /><testcase classname="tests.unit.conversation_intelligence.test_review" name="test_every_revision_and_tenant_is_bound[profile_revision]" time="0.001" /><testcase classname="tests.unit.conversation_intelligence.test_review" name="test_lane_and_authenticated_reviewer_cannot_be_inferred_from_display_name" time="0.001" /><testcase classname="tests.unit.conversation_intelligence.test_review" name="test_thumbs_down_or_imported_approval_cannot_train_or_promote" time="0.001" /><testcase classname="tests.unit.conversation_intelligence.test_review" name="test_import_strictly_after_cursor_with_hash_chain_and_atomic_failure" time="0.001" /><testcase classname="tests.unit.conversation_intelligence.test_review" name="test_foreign_feed_or_reviewer_cannot_import" time="0.001" /><testcase classname="tests.unit.conversation_intelligence.test_review" name="test_review_id_conflict_does_not_overwrite_history" time="0.002" /><testcase classname="tests.unit.conversation_intelligence.test_review" name="test_reproduction_is_targeted_permission_bound_and_never_holdout" time="0.001" /><testcase classname="tests.unit.conversation_intelligence.test_review" name="test_development_manifest_seals_holdout_and_rejects_partition_leak" time="0.001" /><testcase classname="tests.unit.conversation_intelligence.test_review" name="test_passing_receipts_need_exact_explicit_approval_and_never_publish_numbers" time="0.001" /><testcase classname="tests.unit.conversation_intelligence.test_review" name="test_gate_blocks_severe_errors_holdout_leak_and_bad_test_receipts[severe]" time="0.001" /><testcase classname="tests.unit.conversation_intelligence.test_review" name="test_gate_blocks_severe_errors_holdout_leak_and_bad_test_receipts[holdout]" time="0.001" /><testcase classname="tests.unit.conversation_intelligence.test_review" name="test_gate_blocks_severe_errors_holdout_leak_and_bad_test_receipts[failed]" time="0.001" /><testcase classname="tests.unit.conversation_intelligence.test_review" name="test_gate_blocks_severe_errors_holdout_leak_and_bad_test_receipts[stale]" time="0.001" /><testcase classname="tests.unit.conversation_intelligence.test_review" name="test_gate_blocks_severe_errors_holdout_leak_and_bad_test_receipts[missing]" time="0.001" /><testcase classname="tests.unit.conversation_intelligence.test_review_contracts" name="test_assignment_round_trips_server_managed_lineage" time="0.001" /><testcase classname="tests.unit.conversation_intelligence.test_review_contracts" name="test_assignment_rejects_cross_tenant_source_and_duplicate_lenses" time="0.002" /><testcase classname="tests.unit.conversation_intelligence.test_review_contracts" name="test_admin_create_request_does_not_accept_client_lineage_or_author" time="0.001" /><testcase classname="tests.unit.conversation_intelligence.test_review_contracts" name="test_feedback_binds_authenticated_author_and_existing_span" time="0.001" /><testcase classname="tests.unit.conversation_intelligence.test_review_contracts" name="test_stored_submission_round_trips_from_normal_json" time="0.001" /><testcase classname="tests.unit.conversation_intelligence.test_review_contracts" name="test_feedback_request_accepts_normal_json_arrays_and_uuid_strings" time="0.001" /><testcase classname="tests.unit.conversation_intelligence.test_review_contracts" name="test_feedback_rejects_disallowed_lens_and_unknown_span[updates0-not allowed]" time="0.001" /><testcase classname="tests.unit.conversation_intelligence.test_review_contracts" name="test_feedback_rejects_disallowed_lens_and_unknown_span[updates1-not an existing]" time="0.001" /><testcase classname="tests.unit.conversation_intelligence.test_review_contracts" name="test_feedback_rejects_expired_revoked_and_wrong_reviewer" time="0.001" /><testcase classname="tests.unit.conversation_intelligence.test_review_contracts" name="test_lens_maps_to_existing_lane_and_ux_is_metadata_only" time="0.001" /><testcase classname="tests.unit.conversation_intelligence.test_review_contracts" name="test_canonical_correction_uses_existing_review_proposal_validator" time="0.002" /><testcase classname="tests.unit.conversation_intelligence.test_review_contracts" name="test_long_feedback_stays_in_submission_and_legacy_rationale_is_bounded" time="0.001" /><testcase classname="tests.unit.conversation_intelligence.test_review_contracts" name="test_ux_metadata_is_not_promoted_through_existing_review_validator" time="0.001" /><testcase classname="tests.unit.conversation_intelligence.test_review_contracts" name="test_feedback_body_cannot_smuggle_canonical_or_training_authority[automatic_retraining]" time="0.001" /><testcase classname="tests.unit.conversation_intelligence.test_review_contracts" name="test_feedback_body_cannot_smuggle_canonical_or_training_authority[training_label]" time="0.001" /><testcase classname="tests.unit.conversation_intelligence.test_review_contracts" name="test_feedback_body_cannot_smuggle_canonical_or_training_authority[canonical_change]" time="0.001" /><testcase classname="tests.unit.conversation_intelligence.test_review_contracts" name="test_request_fingerprint_is_stable_and_changes_with_content" time="0.001" /><testcase classname="tests.unit.conversation_intelligence.test_review_contracts" name="test_submission_rejects_client_derived_lane_or_different_author" time="0.001" /><testcase classname="tests.unit.conversation_intelligence.test_review_contracts" name="test_canonical_correction_fields_fit_existing_require_text_bound" time="0.001" /><testcase classname="tests.unit.conversation_intelligence.test_review_invitation_security" name="test_non_ascii_invitation_token_is_generic_not_found" time="0.004" /><testcase classname="tests.unit.conversation_intelligence.test_runner" name="test_cycle_order_and_content_free_summary" time="0.002" /><testcase classname="tests.unit.conversation_intelligence.test_runner" name="test_all_idle_cycles_back_off_and_stop_bounds_polling" time="0.002" /><testcase classname="tests.unit.conversation_intelligence.test_runner" name="test_recovery_gate_uses_bounded_backoff_without_invoking_later_components" time="0.002" /><testcase classname="tests.unit.conversation_intelligence.test_runner" name="test_stop_during_cycle_drains_accepted_call_without_new_work" time="0.002" /><testcase classname="tests.unit.conversation_intelligence.test_runner" name="test_repeated_cancellation_drains_owned_call_and_holds_admission" time="0.003" /><testcase classname="tests.unit.conversation_intelligence.test_runner" name="test_unexpected_component_error_propagates_without_retry_or_later_stages" time="0.002" /><testcase classname="tests.unit.conversation_intelligence.test_runner" name="test_non_boolean_component_result_is_rejected" time="0.002" /><testcase classname="tests.unit.conversation_intelligence.test_runner" name="test_delay_configuration_is_bounded[idle_min0-idle_max0]" time="0.001" /><testcase classname="tests.unit.conversation_intelligence.test_runner" name="test_delay_configuration_is_bounded[idle_min1-idle_max1]" time="0.001" /><testcase classname="tests.unit.conversation_intelligence.test_runner" name="test_delay_configuration_is_bounded[idle_min2-idle_max2]" time="0.001" /><testcase classname="tests.unit.conversation_intelligence.test_runner" name="test_recovery_backoff_is_bounded" time="0.001" /><testcase classname="tests.unit.conversation_intelligence.test_service" name="test_worker_refuses_inherited_application_or_provider_environment[AC_DATABASE_URL]" time="0.001" /><testcase classname="tests.unit.conversation_intelligence.test_service" name="test_worker_refuses_inherited_application_or_provider_environment[AC_SESSION_TOKEN_PEPPER]" time="0.001" /><testcase classname="tests.unit.conversation_intelligence.test_service" name="test_worker_refuses_inherited_application_or_provider_environment[GROQ_API_KEY]" time="0.001" /><testcase classname="tests.unit.conversation_intelligence.test_service" name="test_worker_refuses_inherited_application_or_provider_environment[INFISICAL_TOKEN]" time="0.001" /><testcase classname="tests.unit.conversation_intelligence.test_service" name="test_worker_refuses_inherited_application_or_provider_environment[PYTHONPATH]" time="0.001" /><testcase classname="tests.unit.conversation_intelligence.test_service" name="test_worker_refuses_inherited_application_or_provider_environment[HTTP_PROXY]" time="0.001" /><testcase classname="tests.unit.conversation_intelligence.test_service" name="test_worker_refuses_inherited_application_or_provider_environment[LD_PRELOAD]" time="0.001" /><testcase classname="tests.unit.conversation_intelligence.test_service" name="test_check_only_never_reads_credentials_or_starts_worker" time="0.021" /><testcase classname="tests.unit.conversation_intelligence.test_service" name="test_prepare_initializes_and_rechecks_owned_roots_without_reading_credentials" time="0.057" /><testcase classname="tests.unit.conversation_intelligence.test_service" name="test_shutdown_disposes_engine_and_stops_new_work[False]" time="0.020" /><testcase classname="tests.unit.conversation_intelligence.test_service" name="test_shutdown_disposes_engine_and_stops_new_work[True]" time="0.016" /><testcase classname="tests.unit.conversation_intelligence.test_service" name="test_cli_failure_outputs_no_exception_payload" time="0.003" /><testcase classname="tests.unit.conversation_intelligence.test_service_config" name="test_configuration_check_reads_no_credential_or_dotenv" time="0.021" /><testcase classname="tests.unit.conversation_intelligence.test_service_config" name="test_rejects_modified_or_ambiguous_configuration[tamper]" time="0.021" /><testcase classname="tests.unit.conversation_intelligence.test_service_config" name="test_rejects_modified_or_ambiguous_configuration[duplicate]" time="0.022" /><testcase classname="tests.unit.conversation_intelligence.test_service_config" name="test_rejects_modified_or_ambiguous_configuration[unexpected]" time="0.015" /><testcase classname="tests.unit.conversation_intelligence.test_service_config" name="test_rejects_modified_or_ambiguous_configuration[local]" time="0.016" /><testcase classname="tests.unit.conversation_intelligence.test_service_config" name="test_rejects_modified_or_ambiguous_configuration[alias]" time="0.017" /><testcase classname="tests.unit.conversation_intelligence.test_service_config" name="test_rejects_credentials_inside_audio_storage[sales_xray_storage_root]" time="0.016" /><testcase classname="tests.unit.conversation_intelligence.test_service_config" name="test_rejects_credentials_inside_audio_storage[sales_xray_scratch_root]" time="0.015" /><testcase classname="tests.unit.conversation_intelligence.test_service_config" name="test_worker_requires_an_explicit_canonical_operations_tenant[None]" time="0.017" /><testcase classname="tests.unit.conversation_intelligence.test_service_config" name="test_worker_requires_an_explicit_canonical_operations_tenant[]" time="0.015" /><testcase classname="tests.unit.conversation_intelligence.test_service_config" name="test_worker_requires_an_explicit_canonical_operations_tenant[not-a-uuid]" time="0.016" /><testcase classname="tests.unit.conversation_intelligence.test_service_config" name="test_worker_requires_an_explicit_canonical_operations_tenant[123]" time="0.016" /><testcase classname="tests.unit.conversation_intelligence.test_service_config" name="test_database_read_uses_only_bounded_external_file_and_redacts_errors" time="0.008" /><testcase classname="tests.unit.conversation_intelligence.test_service_config" name="test_oversized_config_fails_before_parsing" time="0.025" /><testcase classname="tests.unit.conversation_intelligence.test_signals" name="test_native_source_preserved" time="0.004" /><testcase classname="tests.unit.conversation_intelligence.test_signals" name="test_packing_retains_integer_support_tail_and_missing_pitch" time="0.008" /><testcase classname="tests.unit.conversation_intelligence.test_signals" name="test_packing_is_byte_deterministic" time="0.012" /><testcase classname="tests.unit.conversation_intelligence.test_signals" name="test_packing_float32_error_is_bounded" time="0.010" /><testcase classname="tests.unit.conversation_intelligence.test_signals" name="test_packing_rejects_corrupt_support_and_removes_output[0-1]" time="0.012" /><testcase classname="tests.unit.conversation_intelligence.test_signals" name="test_packing_rejects_corrupt_support_and_removes_output[1-1]" time="0.012" /><testcase classname="tests.unit.conversation_intelligence.test_signals" name="test_packing_rejects_corrupt_support_and_removes_output[2-639]" time="0.012" /><testcase classname="tests.unit.conversation_intelligence.test_signals" name="test_packing_rejects_corrupt_support_and_removes_output[17--1]" time="0.013" /><testcase classname="tests.unit.conversation_intelligence.test_signals" name="test_packing_rejects_corrupt_support_and_removes_output[17-0.5]" time="0.013" /><testcase classname="tests.unit.conversation_intelligence.test_signals" name="test_nonfinite_native_output_rejected_and_cleaned[nan]" time="0.012" /><testcase classname="tests.unit.conversation_intelligence.test_signals" name="test_nonfinite_native_output_rejected_and_cleaned[inf]" time="0.013" /><testcase classname="tests.unit.conversation_intelligence.test_signals" name="test_nonfinite_native_output_rejected_and_cleaned[-inf]" time="0.013" /><testcase classname="tests.unit.conversation_intelligence.test_signals" name="test_existing_feature_output_never_overwritten" time="0.009" /><testcase classname="tests.unit.conversation_intelligence.test_signals" name="test_feature_reader_rejects_corruption[truncate]" time="0.010" /><testcase classname="tests.unit.conversation_intelligence.test_signals" name="test_feature_reader_rejects_corruption[append]" time="0.011" /><testcase classname="tests.unit.conversation_intelligence.test_signals" name="test_feature_reader_rejects_corruption[magic]" time="0.010" /><testcase classname="tests.unit.conversation_intelligence.test_signals" name="test_feature_reader_rejects_corruption[position]" time="0.010" /><testcase classname="tests.unit.conversation_intelligence.test_signals" name="test_feature_reader_rejects_corruption[flags]" time="0.012" /><testcase classname="tests.unit.conversation_intelligence.test_signals" name="test_metadata_and_artifact_digest_must_match" time="0.009" /><testcase classname="tests.unit.conversation_intelligence.test_signals" name="test_summary_masks_tail_and_bounds_display" time="0.019" /><testcase classname="tests.unit.conversation_intelligence.test_signals" name="test_fusion_uses_full_window_containment_not_centers" time="0.016" /><testcase classname="tests.unit.conversation_intelligence.test_signals" name="test_mono_overlap_abstains_even_with_channel_mapping[False]" time="0.017" /><testcase classname="tests.unit.conversation_intelligence.test_signals" name="test_mono_overlap_abstains_even_with_channel_mapping[True]" time="0.017" /><testcase classname="tests.unit.conversation_intelligence.test_signals" name="test_stereo_attribution_requires_verified_isolated_channels" time="0.028" /><testcase classname="tests.unit.conversation_intelligence.test_signals" name="test_fusion_rejects_cross_source_or_unmapped_clocks[source_sha256-bbbbbbbbbbbbbbbbbbbbbbbbbbbbbbbbbbbbbbbbbbbbbbbbbbbbbbbbbbbbbbbb-source_mismatch]" time="0.016" /><testcase classname="tests.unit.conversation_intelligence.test_signals" name="test_fusion_rejects_cross_source_or_unmapped_clocks[clock-container-clock_unmapped]" time="0.016" /><testcase classname="tests.unit.conversation_intelligence.test_signals" name="test_process_timeout_does_not_return_child_content" time="0.070" /><testcase classname="tests.unit.conversation_intelligence.test_signals" name="test_process_stdout_is_bounded" time="0.073" /><testcase classname="tests.unit.conversation_intelligence.test_signals" name="test_process_error_sanitizes_stderr" time="0.085" /><testcase classname="tests.unit.conversation_intelligence.test_signals" name="test_process_derivative_size_is_bounded" time="0.108" /><testcase classname="tests.unit.conversation_intelligence.test_signals" name="test_process_excludes_provider_credentials" time="0.081" /><testcase classname="tests.unit.conversation_intelligence.test_signals" name="test_inspection_failure_cleans_every_temporary_derivative[probe]" time="0.008" /><testcase classname="tests.unit.conversation_intelligence.test_signals" name="test_inspection_failure_cleans_every_temporary_derivative[decode]" time="0.009" /><testcase classname="tests.unit.conversation_intelligence.test_signals" name="test_inspection_failure_cleans_every_temporary_derivative[native]" time="0.010" /><testcase classname="tests.unit.conversation_intelligence.test_signals" name="test_inspection_failure_cleans_every_temporary_derivative[pack]" time="0.010" /><testcase classname="tests.unit.conversation_intelligence.test_signals" name="test_inspection_failure_cleans_every_temporary_derivative[summary]" time="0.015" /><testcase classname="tests.unit.conversation_intelligence.test_signals" name="test_native_pitch_on_controlled_tones[60]" time="0.067" /><testcase classname="tests.unit.conversation_intelligence.test_signals" name="test_native_pitch_on_controlled_tones[100]" time="0.074" /><testcase classname="tests.unit.conversation_intelligence.test_signals" name="test_native_pitch_on_controlled_tones[200]" time="0.063" /><testcase classname="tests.unit.conversation_intelligence.test_signals" name="test_native_pitch_on_controlled_tones[300]" time="0.062" /><testcase classname="tests.unit.conversation_intelligence.test_signals" name="test_native_pitch_on_controlled_tones[440]" time="0.061" /><testcase classname="tests.unit.conversation_intelligence.test_signals" name="test_native_pitch_on_controlled_tones[660]" time="0.061" /><testcase classname="tests.unit.conversation_intelligence.test_signals" name="test_native_pitch_on_controlled_tones[880]" time="0.049" /><testcase classname="tests.unit.conversation_intelligence.test_signals" name="test_native_fft_matches_direct_autocorrelation[8000]" time="0.096" /><testcase classname="tests.unit.conversation_intelligence.test_signals" name="test_native_fft_matches_direct_autocorrelation[16000]" time="0.114" /><testcase classname="tests.unit.conversation_intelligence.test_signals" name="test_native_fft_matches_direct_autocorrelation[48000]" time="0.149" /><testcase classname="tests.unit.conversation_intelligence.test_signals" name="test_native_preserves_opposite_phase_stereo" time="0.069" /><testcase classname="tests.unit.conversation_intelligence.test_signals" name="test_native_invalid_samples_flagged_and_not_attributed" time="0.057" /><testcase classname="tests.unit.conversation_intelligence.test_signals" name="test_native_gain_dbfs_invariant" time="0.122" /><testcase classname="tests.unit.conversation_intelligence.test_signals" name="test_tail_peak_is_retained_without_fabricating_usable_pitch" time="0.052" /><testcase classname="tests.unit.conversation_intelligence.test_signals" name="test_real_decoder_synthetic_wav_roundtrip" time="0.417" /><testcase classname="tests.unit.conversation_intelligence.test_signals" name="test_real_decoder_rejects_playlist_without_resolving_source" time="0.187" /><testcase classname="tests.unit.conversation_intelligence.test_storage" name="test_stream_put_verified_read_and_idempotent_delete" time="0.031" /><testcase classname="tests.unit.conversation_intelligence.test_storage" name="test_server_uuid_and_enum_keys_only" time="0.001" /><testcase classname="tests.unit.conversation_intelligence.test_storage" name="test_tenant_recording_and_kind_namespaces_do_not_alias" time="0.062" /><testcase classname="tests.unit.conversation_intelligence.test_storage" name="test_existing_object_is_not_overwritten" time="0.035" /><testcase classname="tests.unit.conversation_intelligence.test_storage" name="test_invalid_stream_has_no_published_or_temporary_object[digest]" time="0.017" /><testcase classname="tests.unit.conversation_intelligence.test_storage" name="test_invalid_stream_has_no_published_or_temporary_object[bytes]" time="0.017" /><testcase classname="tests.unit.conversation_intelligence.test_storage" name="test_invalid_stream_has_no_published_or_temporary_object[limit]" time="0.016" /><testcase classname="tests.unit.conversation_intelligence.test_storage" name="test_invalid_stream_has_no_published_or_temporary_object[empty]" time="0.017" /><testcase classname="tests.unit.conversation_intelligence.test_storage" name="test_invalid_stream_has_no_published_or_temporary_object[chunk]" time="0.019" /><testcase classname="tests.unit.conversation_intelligence.test_storage" name="test_invalid_stream_has_no_published_or_temporary_object[large-chunk]" time="0.019" /><testcase classname="tests.unit.conversation_intelligence.test_storage" name="test_stream_exception_and_publish_failure_clean_temporary_files" time="0.026" /><testcase classname="tests.unit.conversation_intelligence.test_storage" name="test_hash_mismatch_fails_before_any_read_bytes_are_yielded" time="0.024" /><testcase classname="tests.unit.conversation_intelligence.test_storage" name="test_corrupt_oversized_object_is_not_read" time="0.026" /><testcase classname="tests.unit.conversation_intelligence.test_storage" name="test_reopen_marked_root_and_refuse_unrelated_directory" time="0.037" /><testcase classname="tests.unit.conversation_intelligence.test_storage" name="test_unsafe_root_configuration_rejected[path0]" time="0.001" /><testcase classname="tests.unit.conversation_intelligence.test_storage" name="test_unsafe_root_configuration_rejected[path1]" time="0.001" /><testcase classname="tests.unit.conversation_intelligence.test_storage" name="test_unsafe_root_configuration_rejected[path2]" time="0.001" /><testcase classname="tests.unit.conversation_intelligence.test_storage" name="test_repository_root_is_never_storage" time="0.004" /><testcase classname="tests.unit.conversation_intelligence.test_storage" name="test_missing_read_returns_sanitized_code" time="0.014" /><testcase classname="tests.unit.conversation_intelligence.test_storage" name="test_symlink_root_and_parent_are_rejected" time="0.010" /><testcase classname="tests.unit.conversation_intelligence.test_storage" name="test_symlink_tenant_and_object_are_not_followed" time="0.040" /><testcase classname="tests.unit.conversation_intelligence.test_storage" name="test_hardlinked_alias_is_not_read_or_deleted" time="0.029" /><testcase classname="tests.unit.conversation_intelligence.test_storage" name="test_put_does_not_recreate_deleted_root_without_private_initialization" time="0.013" /><testcase classname="tests.unit.conversation_intelligence.test_storage" name="test_private_root_and_file_permissions" time="0.021" /><testcase classname="tests.unit.conversation_intelligence.test_storage" name="test_recording_deletion_checks_inventory_and_preserves_other_recordings" time="0.084" /><testcase classname="tests.unit.conversation_intelligence.test_storage" name="test_recording_deletion_rejects_cross_scope_inventory" time="0.013" /><testcase classname="tests.unit.conversation_intelligence.test_storage" name="test_recording_deletion_rejects_inflight_or_unexpected_files" time="0.029" /><testcase classname="tests.unit.conversation_intelligence.test_storage" name="test_new_object_during_deletion_prevents_empty_receipt" time="0.036" /><testcase classname="tests.unit.conversation_intelligence.test_worker_sandbox_contract" name="test_offline_worker_candidate_preserves_runtime_boundaries" time="0.003" /><testcase classname="tests.unit.conversation_intelligence.test_worker_sandbox_contract" name="test_runtime_preflight_program_is_valid_python_and_calls_only_offline_cli" time="0.003" /><testcase classname="tests.unit.conversation_intelligence.test_worker_sandbox_contract" name="test_fixed_preflight_rejects_simulated_weaker_effective_controls[none]" time="0.004" /><testcase classname="tests.unit.conversation_intelligence.test_worker_sandbox_contract" name="test_fixed_preflight_rejects_simulated_weaker_effective_controls[root-user]" time="0.002" /><testcase classname="tests.unit.conversation_intelligence.test_worker_sandbox_contract" name="test_fixed_preflight_rejects_simulated_weaker_effective_controls[capability]" time="0.002" /><testcase classname="tests.unit.conversation_intelligence.test_worker_sandbox_contract" name="test_fixed_preflight_rejects_simulated_weaker_effective_controls[privileges]" time="0.002" /><testcase classname="tests.unit.conversation_intelligence.test_worker_sandbox_contract" name="test_fixed_preflight_rejects_simulated_weaker_effective_controls[seccomp]" time="0.002" /><testcase classname="tests.unit.conversation_intelligence.test_worker_sandbox_contract" name="test_fixed_preflight_rejects_simulated_weaker_effective_controls[network]" time="0.003" /><testcase classname="tests.unit.conversation_intelligence.test_worker_sandbox_contract" name="test_fixed_preflight_rejects_simulated_weaker_effective_controls[memory]" time="0.003" /><testcase classname="tests.unit.conversation_intelligence.test_worker_sandbox_contract" name="test_fixed_preflight_rejects_simulated_weaker_effective_controls[swap]" time="0.002" /><testcase classname="tests.unit.conversation_intelligence.test_worker_sandbox_contract" name="test_fixed_preflight_rejects_simulated_weaker_effective_controls[pids]" time="0.002" /><testcase classname="tests.unit.conversation_intelligence.test_worker_sandbox_contract" name="test_fixed_preflight_rejects_simulated_weaker_effective_controls[cpu]" time="0.002" /><testcase classname="tests.unit.conversation_intelligence.test_worker_sandbox_contract" name="test_fixed_preflight_rejects_simulated_weaker_effective_controls[root-write]" time="0.003" /><testcase classname="tests.unit.conversation_intelligence.test_worker_sandbox_contract" name="test_fixed_preflight_rejects_simulated_weaker_effective_controls[source-write]" time="0.003" /><testcase classname="tests.unit.conversation_intelligence.test_worker_sandbox_contract" name="test_fixed_preflight_rejects_simulated_weaker_effective_controls[scratch-exec]" time="0.002" /><testcase classname="tests.unit.conversation_intelligence.test_worker_sandbox_contract" name="test_fixed_preflight_rejects_simulated_weaker_effective_controls[scratch-size]" time="0.002" /><testcase classname="tests.unit.conversation_intelligence.test_worker_sandbox_contract" name="test_fixed_preflight_rejects_simulated_weaker_effective_controls[output-size]" time="0.002" /><testcase classname="tests.unit.conversation_intelligence.test_worker_sandbox_contract" name="test_fixed_preflight_rejects_simulated_weaker_effective_controls[output-mode]" time="0.003" /><testcase classname="tests.unit.conversation_intelligence.test_worker_sandbox_contract" name="test_fixed_preflight_rejects_simulated_weaker_effective_controls[optimized-python]" time="0.003" /><testcase classname="tests.unit.conversation_intelligence.test_worker_sandbox_contract" name="test_static_policy_detects_removed_security_controls[--network=none]" time="0.001" /><testcase classname="tests.unit.conversation_intelligence.test_worker_sandbox_contract" name="test_static_policy_detects_removed_security_controls[--read-only]" time="0.001" /><testcase classname="tests.unit.conversation_intelligence.test_worker_sandbox_contract" name="test_static_policy_detects_removed_security_controls[--cap-drop=ALL]" time="0.001" /><testcase classname="tests.unit.conversation_intelligence.test_worker_sandbox_contract" name="test_static_policy_detects_removed_security_controls[--security-opt=no-new-privileges:true]" time="0.002" /><testcase classname="tests.unit.conversation_intelligence.test_worker_sandbox_contract" name="test_static_policy_detects_removed_security_controls[--memory=768m]" time="0.002" /><testcase classname="tests.unit.conversation_intelligence.test_worker_sandbox_contract" name="test_static_policy_detects_removed_security_controls[--pids-limit=32]" time="0.002" /><testcase classname="tests.unit.conversation_intelligence.test_worker_sandbox_contract" name="test_static_policy_detects_removed_security_controls[--cpus=1]" time="0.002" /><testcase classname="tests.unit.conversation_intelligence.test_worker_sandbox_contract" name="test_static_policy_detects_removed_security_controls[target=/input/source.media,readonly,bind-propagation=rprivate]" time="0.002" /><testcase classname="tests.unit.conversation_intelligence.test_worker_sandbox_contract" name="test_static_policy_detects_injected_unsafe_runtime_flags[--privileged]" time="0.001" /><testcase classname="tests.unit.conversation_intelligence.test_worker_sandbox_contract" name="test_static_policy_detects_injected_unsafe_runtime_flags[--env-file=/private/provider.env]" time="0.001" /><testcase classname="tests.unit.conversation_intelligence.test_worker_sandbox_contract" name="test_static_policy_detects_injected_unsafe_runtime_flags[--security-opt=seccomp=unconfined]" time="0.001" /><testcase classname="tests.unit.conversation_intelligence.test_worker_sandbox_contract" name="test_static_policy_detects_broad_copy_and_unpinned_image" time="0.002" /></testsuite></testsuites>