<?xml version="1.0" encoding="UTF-8" ?>
<testsuites name="vitest tests" tests="90" failures="0" errors="0" time="4.1747364">
    <testsuite name="app/call-studio.test.tsx" timestamp="2026-09-13T20:04:13.721Z" hostname="RSuyash" tests="23" failures="0" errors="0" skipped="0" time="2.1924481">
        <testcase classname="app/call-studio.test.tsx" name="CallStudio &gt; uses the embedded variant for the LMS mount without its standalone header" time="0.0739218">
        </testcase>
        <testcase classname="app/call-studio.test.tsx" name="CallStudio &gt; keeps developer testing labels out of the standalone learner surface" time="0.0286585">
        </testcase>
        <testcase classname="app/call-studio.test.tsx" name="CallStudio &gt; keeps source selection local and clears a quote when the source changes" time="0.0759192">
        </testcase>
        <testcase classname="app/call-studio.test.tsx" name="CallStudio &gt; requires the quote and permission before sending exact source bytes" time="0.0789246">
        </testcase>
        <testcase classname="app/call-studio.test.tsx" name="CallStudio &gt; polls for the report, renders evidence, and seeks the local audio" time="0.3025172">
        </testcase>
        <testcase classname="app/call-studio.test.tsx" name="CallStudio &gt; shows source-derived report measurements in an English shell" time="0.239082">
        </testcase>
        <testcase classname="app/call-studio.test.tsx" name="CallStudio &gt; preserves mixed-script source text and report findings without translating the shell" time="0.0750611">
        </testcase>
        <testcase classname="app/call-studio.test.tsx" name="CallStudio &gt; polls report status before transcript and continues when the report arrives later" time="0.0753904">
        </testcase>
        <testcase classname="app/call-studio.test.tsx" name="CallStudio &gt; stops polling after a completed plan has no report" time="0.0501778">
        </testcase>
        <testcase classname="app/call-studio.test.tsx" name="CallStudio &gt; rejects a report bound to a different source and keeps it hidden" time="0.188247">
        </testcase>
        <testcase classname="app/call-studio.test.tsx" name="CallStudio &gt; rejects a report status bound to a different run or recording" time="0.1733021">
        </testcase>
        <testcase classname="app/call-studio.test.tsx" name="CallStudio &gt; shows held plans honestly and requires a fresh quote to resume" time="0.1595674">
        </testcase>
        <testcase classname="app/call-studio.test.tsx" name="CallStudio &gt; rejects a nonzero-cost plan response before showing a report" time="0.1267649">
        </testcase>
        <testcase classname="app/call-studio.test.tsx" name="CallStudio &gt; keeps a deferred report read alive while the plan view updates" time="0.1331709">
        </testcase>
        <testcase classname="app/call-studio.test.tsx" name="CallStudio &gt; restores an active plan for a saved call and polls its current stage" time="0.0260263">
        </testcase>
        <testcase classname="app/call-studio.test.tsx" name="CallStudio &gt; prepares the report plan for a completed hosted 16 kHz measurement" time="0.0197721">
        </testcase>
        <testcase classname="app/call-studio.test.tsx" name="CallStudio &gt; shows upload failures, allows retry, and never invents a report" time="0.0286798">
        </testcase>
        <testcase classname="app/call-studio.test.tsx" name="CallStudio &gt; does not send source bytes when the server rejects quote approval" time="0.0260627">
        </testcase>
        <testcase classname="app/call-studio.test.tsx" name="CallStudio &gt; opens a saved audioatlas-48000-v1 recording, binds its report, and returns to the saved draft" time="0.0426756">
        </testcase>
        <testcase classname="app/call-studio.test.tsx" name="CallStudio &gt; opens a saved audioatlas-16000-v1 recording, binds its report, and returns to the saved draft" time="0.0645384">
        </testcase>
        <testcase classname="app/call-studio.test.tsx" name="CallStudio &gt; plays a pending saved call without requiring a transcript" time="0.0180336">
        </testcase>
        <testcase classname="app/call-studio.test.tsx" name="CallStudio &gt; clears old playback before a saved-call selection that fails" time="0.0640631">
        </testcase>
        <testcase classname="app/call-studio.test.tsx" name="CallStudio &gt; never persists selected source data in browser storage" time="0.1192385">
        </testcase>
    </testsuite>
    <testsuite name="app/dipak-overview.test.tsx" timestamp="2026-09-13T20:04:13.734Z" hostname="RSuyash" tests="7" failures="0" errors="0" skipped="0" time="0.5195872">
        <testcase classname="app/dipak-overview.test.tsx" name="presents the supplied priorities and one focus without generating scores, estimates or history" time="0.2067153">
        </testcase>
        <testcase classname="app/dipak-overview.test.tsx" name="presents each distinct detailed field, its uncertainty and its stored next-call target" time="0.1380644">
        </testcase>
        <testcase classname="app/dipak-overview.test.tsx" name="does not relabel unselected strengths as assessed golden moments" time="0.0415188">
        </testcase>
        <testcase classname="app/dipak-overview.test.tsx" name="replays literal mixed-script evidence with its exact source span and no HTML execution" time="0.0361037">
        </testcase>
        <testcase classname="app/dipak-overview.test.tsx" name="curates at most one clip per category without duplicating a source span" time="0.0312962">
        </testcase>
        <testcase classname="app/dipak-overview.test.tsx" name="does not pad an empty report with template examples or invented improvements" time="0.023816">
        </testcase>
        <testcase classname="app/dipak-overview.test.tsx" name="prints every review point and nested quote then restores both disclosure states" time="0.0383898">
        </testcase>
    </testsuite>
    <testsuite name="app/measurement-contract.test.ts" timestamp="2026-09-13T20:04:13.738Z" hostname="RSuyash" tests="16" failures="0" errors="0" skipped="0" time="0.0238877">
        <testcase classname="app/measurement-contract.test.ts" name="saved measurement binding &gt; preserves saved precision, coverage and missing gaps without inventing a score" time="0.0049585">
        </testcase>
        <testcase classname="app/measurement-contract.test.ts" name="saved measurement binding &gt; keeps unavailable values distinct from measured zero" time="0.0008018">
        </testcase>
        <testcase classname="app/measurement-contract.test.ts" name="saved measurement binding &gt; rejects recording mismatches" time="0.0018149">
        </testcase>
        <testcase classname="app/measurement-contract.test.ts" name="saved measurement binding &gt; rejects source hash mismatches" time="0.0005488">
        </testcase>
        <testcase classname="app/measurement-contract.test.ts" name="saved measurement binding &gt; rejects clock mismatches" time="0.0005371">
        </testcase>
        <testcase classname="app/measurement-contract.test.ts" name="saved measurement binding &gt; rejects window mismatches" time="0.000732">
        </testcase>
        <testcase classname="app/measurement-contract.test.ts" name="saved measurement binding &gt; rejects duration mismatches" time="0.0005286">
        </testcase>
        <testcase classname="app/measurement-contract.test.ts" name="saved measurement binding &gt; rejects infinite value mismatches" time="0.0018319">
        </testcase>
        <testcase classname="app/measurement-contract.test.ts" name="saved measurement binding &gt; rejects negative pitch mismatches" time="0.0013631">
        </testcase>
        <testcase classname="app/measurement-contract.test.ts" name="saved measurement binding &gt; rejects invalid coverage mismatches" time="0.0009782">
        </testcase>
        <testcase classname="app/measurement-contract.test.ts" name="saved measurement binding &gt; rejects wrong unit mismatches" time="0.0009629">
        </testcase>
        <testcase classname="app/measurement-contract.test.ts" name="saved measurement binding &gt; rejects duplicate time mismatches" time="0.000837">
        </testcase>
        <testcase classname="app/measurement-contract.test.ts" name="saved measurement binding &gt; rejects past track end mismatches" time="0.0005943">
        </testcase>
        <testcase classname="app/measurement-contract.test.ts" name="saved measurement binding &gt; rejects oversized plot mismatches" time="0.0010141">
        </testcase>
        <testcase classname="app/measurement-contract.test.ts" name="saved measurement binding &gt; rejects duplicate series mismatches" time="0.0004395">
        </testcase>
        <testcase classname="app/measurement-contract.test.ts" name="saved measurement binding &gt; rejects unknown presented as measured mismatches" time="0.0005512">
        </testcase>
    </testsuite>
    <testsuite name="app/overview-contract.test.ts" timestamp="2026-09-13T20:04:13.746Z" hostname="RSuyash" tests="12" failures="0" errors="0" skipped="0" time="0.0353777">
        <testcase classname="app/overview-contract.test.ts" name="reads the same complete synthetic overview validated by the Python parser" time="0.0093011">
        </testcase>
        <testcase classname="app/overview-contract.test.ts" name="keeps legacy report bytes compatible without fabricating detailed fields" time="0.0024497">
        </testcase>
        <testcase classname="app/overview-contract.test.ts" name="rejects unknown version" time="0.0020165">
        </testcase>
        <testcase classname="app/overview-contract.test.ts" name="rejects history" time="0.0015387">
        </testcase>
        <testcase classname="app/overview-contract.test.ts" name="rejects numeric publication" time="0.0012775">
        </testcase>
        <testcase classname="app/overview-contract.test.ts" name="rejects missing field" time="0.0013671">
        </testcase>
        <testcase classname="app/overview-contract.test.ts" name="rejects missing strength context" time="0.0012991">
        </testcase>
        <testcase classname="app/overview-contract.test.ts" name="rejects unsupported golden moment" time="0.0011206">
        </testcase>
        <testcase classname="app/overview-contract.test.ts" name="rejects missing drill" time="0.0015219">
        </testcase>
        <testcase classname="app/overview-contract.test.ts" name="rejects boolean focus index" time="0.0019574">
        </testcase>
        <testcase classname="app/overview-contract.test.ts" name="rejects modified nested quotations, fabricated subsegment timing and reordered changes" time="0.0056303">
        </testcase>
        <testcase classname="app/overview-contract.test.ts" name="rejects duplicate clips, financial expansion, and inferred concerns labeled as fact" time="0.00273">
        </testcase>
    </testsuite>
    <testsuite name="app/recording-measurements.test.tsx" timestamp="2026-09-13T20:04:13.752Z" hostname="RSuyash" tests="3" failures="0" errors="0" skipped="0" time="0.269562">
        <testcase classname="app/recording-measurements.test.tsx" name="saved recording sound view &gt; loads only on expansion, renders saved figures and switches plots" time="0.1779018">
        </testcase>
        <testcase classname="app/recording-measurements.test.tsx" name="saved recording sound view &gt; shows unavailable for missing or mismatched data and retries only a read" time="0.0368943">
        </testcase>
        <testcase classname="app/recording-measurements.test.tsx" name="saved recording sound view &gt; does not render the last call&apos;s values after selecting a different recording" time="0.0489959">
        </testcase>
    </testsuite>
    <testsuite name="app/report-contract.test.ts" timestamp="2026-09-13T20:04:13.755Z" hostname="RSuyash" tests="6" failures="0" errors="0" skipped="0" time="0.0160479">
        <testcase classname="app/report-contract.test.ts" name="CallStudio report contract &gt; normalizes a strict report without practice or model review text" time="0.0051792">
        </testcase>
        <testcase classname="app/report-contract.test.ts" name="CallStudio report contract &gt; rejects a report whose source hash differs from the selected file" time="0.0009255">
        </testcase>
        <testcase classname="app/report-contract.test.ts" name="CallStudio report contract &gt; rejects evidence outside the selected recording duration" time="0.0012945">
        </testcase>
        <testcase classname="app/report-contract.test.ts" name="CallStudio report contract &gt; rejects unknown fields and a provider supplied review status" time="0.0007281">
        </testcase>
        <testcase classname="app/report-contract.test.ts" name="CallStudio report contract &gt; binds report evidence to the native transcript span and revision" time="0.0024493">
        </testcase>
        <testcase classname="app/report-contract.test.ts" name="CallStudio report contract &gt; parses bounded saved recordings and rejects unsafe path IDs" time="0.0020052">
        </testcase>
    </testsuite>
    <testsuite name="app/report-explorer.test.tsx" timestamp="2026-09-13T20:04:13.759Z" hostname="RSuyash" tests="3" failures="0" errors="0" skipped="0" time="0.1698479">
        <testcase classname="app/report-explorer.test.tsx" name="preserves search state and selection through section and language changes" time="0.0821028">
        </testcase>
        <testcase classname="app/report-explorer.test.tsx" name="supports roving keyboard focus, wraparound and labelled panels" time="0.0519055">
        </testcase>
        <testcase classname="app/report-explorer.test.tsx" name="falls back to a permitted panel if the selected section is removed" time="0.0316694">
        </testcase>
    </testsuite>
    <testsuite name="app/report-transcript.test.tsx" timestamp="2026-09-13T20:04:13.761Z" hostname="RSuyash" tests="4" failures="0" errors="0" skipped="0" time="0.3287589">
        <testcase classname="app/report-transcript.test.tsx" name="ReportTranscript &gt; expands, searches, filters by unverified speaker label, and returns the source segment" time="0.1454671">
        </testcase>
        <testcase classname="app/report-transcript.test.tsx" name="ReportTranscript &gt; shows at most 50 source rows and loads the next bounded page" time="0.1334589">
        </testcase>
        <testcase classname="app/report-transcript.test.tsx" name="ReportTranscript &gt; localizes report controls while preserving source text, speaker IDs, and observations" time="0.0425577">
        </testcase>
        <testcase classname="app/report-transcript.test.tsx" name="ReportTranscript &gt; hides the interactive transcript from print output" time="0.0029605">
        </testcase>
    </testsuite>
    <testsuite name="app/standalone-studio.test.tsx" timestamp="2026-09-13T20:04:13.763Z" hostname="RSuyash" tests="4" failures="0" errors="0" skipped="0" time="0.1141949">
        <testcase classname="app/standalone-studio.test.tsx" name="passes through unauthenticated sessions and selected sessions without context activation" time="0.0613336">
        </testcase>
        <testcase classname="app/standalone-studio.test.tsx" name="never auto-selects a sole workspace and posts only a listed tenant on explicit choice" time="0.0197025">
        </testcase>
        <testcase classname="app/standalone-studio.test.tsx" name="dismisses a late context response after unmount" time="0.0159278">
        </testcase>
        <testcase classname="app/standalone-studio.test.tsx" name="keeps the studio closed after a forbidden context selection" time="0.0155469">
        </testcase>
    </testsuite>
    <testsuite name="app/styles.integration.test.ts" timestamp="2026-09-13T20:04:13.766Z" hostname="RSuyash" tests="2" failures="0" errors="0" skipped="0" time="0.0121234">
        <testcase classname="app/styles.integration.test.ts" name="integrated Sales Xray boundary &gt; keeps generic Sales Xray rules inside the component scope" time="0.0073302">
        </testcase>
        <testcase classname="app/styles.integration.test.ts" name="integrated Sales Xray boundary &gt; uses the real learner route without query supplied scope" time="0.0009155">
        </testcase>
    </testsuite>
    <testsuite name="app/workbench.test.tsx" timestamp="2026-09-13T20:04:13.767Z" hostname="RSuyash" tests="5" failures="0" errors="0" skipped="0" time="0.2827866">
        <testcase classname="app/workbench.test.tsx" name="renders literal Unicode evidence, with no HTML execution or numeric score" time="0.0935756">
        </testcase>
        <testcase classname="app/workbench.test.tsx" name="offers retry on a real service failure without silently replacing it with fabricated analysis" time="0.0214543">
        </testcase>
        <testcase classname="app/workbench.test.tsx" name="keeps unsubmitted review lanes distinct and requires evidence before preparing a proposal" time="0.0602065">
        </testcase>
        <testcase classname="app/workbench.test.tsx" name="keeps the original profile discrepancy visible in evidence" time="0.0564751">
        </testcase>
        <testcase classname="app/workbench.test.tsx" name="changes appearance without persisting conversation data" time="0.0489084">
        </testcase>
    </testsuite>
    <testsuite name="app/login/login-form.test.tsx" timestamp="2026-09-13T20:04:13.771Z" hostname="RSuyash" tests="5" failures="0" errors="0" skipped="0" time="0.2101141">
        <testcase classname="app/login/login-form.test.tsx" name="keeps canonical learner links bound to the two owned source hosts" time="0.0188725">
        </testcase>
        <testcase classname="app/login/login-form.test.tsx" name="posts only email and password with same-origin credentials, then opens home" time="0.0845773">
        </testcase>
        <testcase classname="app/login/login-form.test.tsx" name="shows a friendly existence-neutral error and clears the password after rejection" time="0.0506539">
        </testcase>
        <testcase classname="app/login/login-form.test.tsx" name="disables and deduplicates the submit while login is pending" time="0.0268191">
        </testcase>
        <testcase classname="app/login/login-form.test.tsx" name="submits successfully after React StrictMode replays the lifecycle effect" time="0.0268918">
        </testcase>
    </testsuite>
</testsuites>
