<?xml version="1.0" encoding="UTF-8" ?>
<testsuites name="vitest tests" tests="90" failures="0" errors="0" time="0.5954692">
    <testsuite name="app/components/operations-login.test.tsx" timestamp="2026-09-13T23:58:03.532Z" hostname="RSuyash" tests="23" failures="0" errors="0" skipped="0" time="0.3345397">
        <testcase classname="app/components/operations-login.test.tsx" name="renders POST-only SSR forms with every credential field disabled until hydration" time="0.0355791">
        </testcase>
        <testcase classname="app/components/operations-login.test.tsx" name="recovers OAuth-returned memberships with reads only and requires an explicit named selection" time="0.0458509">
        </testcase>
        <testcase classname="app/components/operations-login.test.tsx" name="offers explicit Platform Admin navigation without inventing an academy assignment" time="0.0137126">
        </testcase>
        <testcase classname="app/components/operations-login.test.tsx" name="lets a returning platform admin choose an academy even with selected context null" time="0.0163885">
        </testcase>
        <testcase classname="app/components/operations-login.test.tsx" name="lets a returning platform admin choose an academy even with selected context 33333333-3333-4333-8333-333333333333" time="0.0177593">
        </testcase>
        <testcase classname="app/components/operations-login.test.tsx" name="does not combine platform and workspace reads from different scopes {&quot;personId&quot;:&quot;44444444-4444-4444-8444-444444444444&quot;}" time="0.0124495">
        </testcase>
        <testcase classname="app/components/operations-login.test.tsx" name="does not combine platform and workspace reads from different scopes {&quot;sessionId&quot;:&quot;44444444-4444-4444-8444-444444444444&quot;}" time="0.0068721">
        </testcase>
        <testcase classname="app/components/operations-login.test.tsx" name="does not combine platform and workspace reads from different scopes {&quot;selectedTenantId&quot;:&quot;44444444-4444-4444-8444-444444444444&quot;}" time="0.0048976">
        </testcase>
        <testcase classname="app/components/operations-login.test.tsx" name="never consults Platform Admin admission for a Coach login" time="0.0089515">
        </testcase>
        <testcase classname="app/components/operations-login.test.tsx" name="lands an explicitly selected Coach workspace on the dashboard" time="0.0137584">
        </testcase>
        <testcase classname="app/components/operations-login.test.tsx" name="does not navigate from late platform admission after unmount" time="0.0039119">
        </testcase>
        <testcase classname="app/components/operations-login.test.tsx" name="keeps an anonymous401 quiet and makes Google return through the selector" time="0.0054674">
        </testcase>
        <testcase classname="app/components/operations-login.test.tsx" name="retains the sole selected authorized fast path without a context mutation" time="0.0098117">
        </testcase>
        <testcase classname="app/components/operations-login.test.tsx" name="offers selection when the selected context is inappropriate for Coach" time="0.012482">
        </testcase>
        <testcase classname="app/components/operations-login.test.tsx" name="finishes password authentication before reading memberships and never posts an inferred context" time="0.0148389">
        </testcase>
        <testcase classname="app/components/operations-login.test.tsx" name="offers both destinations after password sign-in instead of redirecting a platform admin" time="0.0220818">
        </testcase>
        <testcase classname="app/components/operations-login.test.tsx" name="disables platform navigation during context selection and clears it after confirmed sign-out" time="0.0222828">
        </testcase>
        <testcase classname="app/components/operations-login.test.tsx" name="displays only a safe selection failure and keeps the selector available" time="0.0134508">
        </testcase>
        <testcase classname="app/components/operations-login.test.tsx" name="disables and deduplicates selection while an authoritative request is pending" time="0.0124303">
        </testcase>
        <testcase classname="app/components/operations-login.test.tsx" name="aborts pending reads and ignores late completion after unmount" time="0.0036774">
        </testcase>
        <testcase classname="app/components/operations-login.test.tsx" name="aborts pending selection on a surface change and never admits its late result" time="0.0177854">
        </testcase>
        <testcase classname="app/components/operations-login.test.tsx" name="shows a truthful empty workspace state with confirmed sign-out recovery" time="0.0104388">
        </testcase>
        <testcase classname="app/components/operations-login.test.tsx" name="preserves the explicit synthetic local tenant workflow without production workspace reads" time="0.0072782">
        </testcase>
    </testsuite>
    <testsuite name="app/lib/admin-access.test.ts" timestamp="2026-09-13T23:58:03.546Z" hostname="RSuyash" tests="17" failures="0" errors="0" skipped="0" time="0.0836572">
        <testcase classname="app/lib/admin-access.test.ts" name="admin route access policy &gt; denies production without verified server-owned context" time="0.0042881">
        </testcase>
        <testcase classname="app/lib/admin-access.test.ts" name="admin route access policy &gt; does not accept request-like role assertions as server context" time="0.0016614">
        </testcase>
        <testcase classname="app/lib/admin-access.test.ts" name="admin route access policy &gt; allows only an explicit non-production preview or verified context" time="0.0011652">
        </testcase>
        <testcase classname="app/lib/admin-access.test.ts" name="admin route access policy &gt; treats unknown runtime values as production" time="0.0009813">
        </testcase>
        <testcase classname="app/lib/admin-access.test.ts" name="admin route access policy &gt; sends anonymous page requests to the exact no-store login origin without admitting the workspace" time="0.0096579">
        </testcase>
        <testcase classname="app/lib/admin-access.test.ts" name="admin route access policy &gt; serves health only to the container loopback host" time="0.0090229">
        </testcase>
        <testcase classname="app/lib/admin-access.test.ts" name="admin route access policy &gt; allows an explicitly enabled local preview without request claims" time="0.0024142">
        </testcase>
        <testcase classname="app/lib/admin-access.test.ts" name="admin route access policy &gt; opens the development shell only when the complete staging bridge contract is valid" time="0.0037147">
        </testcase>
        <testcase classname="app/lib/admin-access.test.ts" name="admin route access policy &gt; keeps login public but denies workspace admission for malformed local transport" time="0.0025119">
        </testcase>
        <testcase classname="app/lib/admin-access.test.ts" name="admin route access policy &gt; allows production only after the internal API verifies session and admin context" time="0.0095763">
        </testcase>
        <testcase classname="app/lib/admin-access.test.ts" name="admin route access policy &gt; keeps production denied when spoofed claims accompany an API rejection" time="0.0030956">
        </testcase>
        <testcase classname="app/lib/admin-access.test.ts" name="admin route access policy &gt; applies the assigned Studio route boundary to /studio/programs" time="0.0014599">
        </testcase>
        <testcase classname="app/lib/admin-access.test.ts" name="admin route access policy &gt; applies the assigned Studio route boundary to /people" time="0.0042957">
        </testcase>
        <testcase classname="app/lib/admin-access.test.ts" name="admin route access policy &gt; applies the assigned Studio route boundary to /learning-operations" time="0.0027577">
        </testcase>
        <testcase classname="app/lib/admin-access.test.ts" name="admin route access policy &gt; applies the assigned Studio route boundary to /v1/admin/enrollment-grants" time="0.0019132">
        </testcase>
        <testcase classname="app/lib/admin-access.test.ts" name="admin route access policy &gt; applies the assigned Studio route boundary to /" time="0.0205438">
        </testcase>
        <testcase classname="app/lib/admin-access.test.ts" name="admin route access policy &gt; renders a semantic permission boundary document" time="0.0005801">
        </testcase>
    </testsuite>
    <testsuite name="app/lib/operations-workspaces.test.ts" timestamp="2026-09-13T23:58:03.552Z" hostname="RSuyash" tests="16" failures="0" errors="0" skipped="0" time="0.0998652">
        <testcase classname="app/lib/operations-workspaces.test.ts" name="canonical operations workspace selection &gt; loads only the own-session fixed path, no-store and same-origin" time="0.05764">
        </testcase>
        <testcase classname="app/lib/operations-workspaces.test.ts" name="canonical operations workspace selection &gt; quietly treats an anonymous401 as no existing session" time="0.0012662">
        </testcase>
        <testcase classname="app/lib/operations-workspaces.test.ts" name="canonical operations workspace selection &gt; rejects malformed or authority-shaped workspace payload 0" time="0.0049557">
        </testcase>
        <testcase classname="app/lib/operations-workspaces.test.ts" name="canonical operations workspace selection &gt; rejects malformed or authority-shaped workspace payload 1" time="0.0018562">
        </testcase>
        <testcase classname="app/lib/operations-workspaces.test.ts" name="canonical operations workspace selection &gt; rejects malformed or authority-shaped workspace payload 2" time="0.0020067">
        </testcase>
        <testcase classname="app/lib/operations-workspaces.test.ts" name="canonical operations workspace selection &gt; rejects malformed or authority-shaped workspace payload 3" time="0.0022609">
        </testcase>
        <testcase classname="app/lib/operations-workspaces.test.ts" name="canonical operations workspace selection &gt; rejects malformed or authority-shaped workspace payload 4" time="0.0014889">
        </testcase>
        <testcase classname="app/lib/operations-workspaces.test.ts" name="canonical operations workspace selection &gt; rejects malformed or authority-shaped workspace payload 5" time="0.0013368">
        </testcase>
        <testcase classname="app/lib/operations-workspaces.test.ts" name="canonical operations workspace selection &gt; does not display upstream bodies or network error messages" time="0.0020753">
        </testcase>
        <testcase classname="app/lib/operations-workspaces.test.ts" name="canonical operations workspace selection &gt; selects only an offered workspace and rechecks the canonical identity before admission" time="0.0107993">
        </testcase>
        <testcase classname="app/lib/operations-workspaces.test.ts" name="canonical operations workspace selection &gt; rejects an invented tenant before any write" time="0.0014003">
        </testcase>
        <testcase classname="app/lib/operations-workspaces.test.ts" name="canonical operations workspace selection &gt; rejects a changed selection response scope 0" time="0.0016155">
        </testcase>
        <testcase classname="app/lib/operations-workspaces.test.ts" name="canonical operations workspace selection &gt; rejects a changed selection response scope 1" time="0.0011462">
        </testcase>
        <testcase classname="app/lib/operations-workspaces.test.ts" name="canonical operations workspace selection &gt; rejects a changed selection response scope 2" time="0.0008701">
        </testcase>
        <testcase classname="app/lib/operations-workspaces.test.ts" name="canonical operations workspace selection &gt; does not turn admin membership into a Coach capability" time="0.0015042">
        </testcase>
        <testcase classname="app/lib/operations-workspaces.test.ts" name="canonical operations workspace selection &gt; admits a learner with a real exact-program Studio assignment, not Platform Admin" time="0.0033869">
        </testcase>
    </testsuite>
    <testsuite name="app/lib/platform-identity.test.ts" timestamp="2026-09-13T23:58:03.561Z" hostname="RSuyash" tests="34" failures="0" errors="0" skipped="0" time="0.0774071">
        <testcase classname="app/lib/platform-identity.test.ts" name="separate Platform Admin admission &gt; accepts a verified exact grant without changing membership or requiring selected tenant" time="0.0060349">
        </testcase>
        <testcase classname="app/lib/platform-identity.test.ts" name="separate Platform Admin admission &gt; rejects mismatched or forged projection {&quot;person_id&quot;:&quot;22222222-2222-4222-8222-222222222222&quot;}" time="0.0013196">
        </testcase>
        <testcase classname="app/lib/platform-identity.test.ts" name="separate Platform Admin admission &gt; rejects mismatched or forged projection {&quot;session_id&quot;:&quot;11111111-1111-4111-8111-111111111111&quot;}" time="0.0009025">
        </testcase>
        <testcase classname="app/lib/platform-identity.test.ts" name="separate Platform Admin admission &gt; rejects mismatched or forged projection {&quot;selected_tenant_id&quot;:&quot;11111111-1111-4111-8111-111111111111&quot;}" time="0.0006657">
        </testcase>
        <testcase classname="app/lib/platform-identity.test.ts" name="separate Platform Admin admission &gt; rejects mismatched or forged projection {&quot;platform_permissions&quot;:[&quot;admin_surface&quot;]}" time="0.0017904">
        </testcase>
        <testcase classname="app/lib/platform-identity.test.ts" name="separate Platform Admin admission &gt; rejects mismatched or forged projection {&quot;platform_permissions&quot;:[&quot;catalog_read&quot;]}" time="0.0007068">
        </testcase>
        <testcase classname="app/lib/platform-identity.test.ts" name="separate Platform Admin admission &gt; rejects mismatched or forged projection {&quot;platform_permissions&quot;:[&quot;platform_tenants_read&quot;,&quot;platform_tenants_read&quot;]}" time="0.001102">
        </testcase>
        <testcase classname="app/lib/platform-identity.test.ts" name="separate Platform Admin admission &gt; rejects mismatched or forged projection {&quot;role&quot;:&quot;owner&quot;}" time="0.0013465">
        </testcase>
        <testcase classname="app/lib/platform-identity.test.ts" name="separate Platform Admin admission &gt; rejects inconsistent canonical snapshots {&quot;person_id&quot;:&quot;22222222-2222-4222-8222-222222222222&quot;}" time="0.001354">
        </testcase>
        <testcase classname="app/lib/platform-identity.test.ts" name="separate Platform Admin admission &gt; rejects inconsistent canonical snapshots {&quot;tenant_id&quot;:&quot;11111111-1111-4111-8111-111111111111&quot;}" time="0.0012084">
        </testcase>
        <testcase classname="app/lib/platform-identity.test.ts" name="separate Platform Admin admission &gt; rejects inconsistent canonical snapshots {&quot;membership_role&quot;:&quot;owner&quot;}" time="0.0010447">
        </testcase>
        <testcase classname="app/lib/platform-identity.test.ts" name="separate Platform Admin admission &gt; rejects inconsistent canonical snapshots {&quot;permissions&quot;:[&quot;admin_surface&quot;]}" time="0.0007806">
        </testcase>
        <testcase classname="app/lib/platform-identity.test.ts" name="separate Platform Admin admission &gt; reads canonical identity with same-origin no-store, no redirects and abort bounds" time="0.020035">
        </testcase>
        <testcase classname="app/lib/platform-identity.test.ts" name="separate Platform Admin admission &gt; fails closed for HTTP 401" time="0.0008095">
        </testcase>
        <testcase classname="app/lib/platform-identity.test.ts" name="separate Platform Admin admission &gt; fails closed for HTTP 403" time="0.000505">
        </testcase>
        <testcase classname="app/lib/platform-identity.test.ts" name="separate Platform Admin admission &gt; fails closed for HTTP 500" time="0.000356">
        </testcase>
        <testcase classname="app/lib/platform-identity.test.ts" name="separate Platform Admin admission &gt; fails closed for HTTP 302" time="0.0002741">
        </testcase>
        <testcase classname="app/lib/platform-identity.test.ts" name="separate Platform Admin admission &gt; cancels oversized streams before allocating an unlimited response" time="0.0048475">
        </testcase>
        <testcase classname="app/lib/platform-identity.test.ts" name="separate Platform Admin admission &gt; sends only opaque cookie to the fixed internal host" time="0.0051777">
        </testcase>
        <testcase classname="app/lib/platform-identity.test.ts" name="separate Platform Admin admission &gt; never contacts an untrusted transport {&quot;cookieHeader&quot;:null}" time="0.0017647">
        </testcase>
        <testcase classname="app/lib/platform-identity.test.ts" name="separate Platform Admin admission &gt; never contacts an untrusted transport {&quot;cookieHeader&quot;:&quot;__Host-ac_session=sssssssssssssssssssssssssssssssssssssssssss; __Host-ac_session=sssssssssssssssssssssssssssssssssssssssssss&quot;}" time="0.0004652">
        </testcase>
        <testcase classname="app/lib/platform-identity.test.ts" name="separate Platform Admin admission &gt; never contacts an untrusted transport {&quot;internalApiHost&quot;:&quot;evil.test&quot;}" time="0.000399">
        </testcase>
        <testcase classname="app/lib/platform-identity.test.ts" name="separate Platform Admin admission &gt; never contacts an untrusted transport {&quot;internalApiUrl&quot;:&quot;https://api.production.ac.internal.invalid:8000&quot;}" time="0.0001836">
        </testcase>
        <testcase classname="app/lib/platform-identity.test.ts" name="separate Platform Admin admission &gt; never contacts an untrusted transport {&quot;internalApiUrl&quot;:&quot;http://api.production.ac.internal.invalid:8000?override=1&quot;}" time="0.0002986">
        </testcase>
        <testcase classname="app/lib/platform-identity.test.ts" name="separate Platform Admin admission &gt; admits only /platform and does not broaden legacy People or Coach routes" time="0.0079891">
        </testcase>
        <testcase classname="app/lib/platform-identity.test.ts" name="separate Platform Admin admission &gt; honors the selected academy at home while keeping Platform Admin an explicit destination" time="0.0022447">
        </testcase>
        <testcase classname="app/lib/platform-identity.test.ts" name="separate Platform Admin admission &gt; does not use academy access as a substitute for a platform grant" time="0.0014812">
        </testcase>
        <testcase classname="app/lib/platform-identity.test.ts" name="separate Platform Admin admission &gt; ignores stale dev flags on production Platform page" time="0.0022874">
        </testcase>
        <testcase classname="app/lib/platform-identity.test.ts" name="separate Platform Admin admission &gt; keeps new read route off Coach and denies writes /v1/me/platform-access" time="0.0024484">
        </testcase>
        <testcase classname="app/lib/platform-identity.test.ts" name="separate Platform Admin admission &gt; keeps new read route off Coach and denies writes /v1/platform/tenants" time="0.0008075">
        </testcase>
        <testcase classname="app/lib/platform-identity.test.ts" name="separate Platform Admin admission &gt; keeps new read route off Coach and denies writes /v1/platform/tenants?after_id=11111111-1111-4111-8111-111111111111" time="0.0014176">
        </testcase>
        <testcase classname="app/lib/platform-identity.test.ts" name="separate Platform Admin admission &gt; rejects new platform selectors ?person_id=11111111-1111-4111-8111-111111111111" time="0.0008146">
        </testcase>
        <testcase classname="app/lib/platform-identity.test.ts" name="separate Platform Admin admission &gt; rejects new platform selectors ?after_id=bad" time="0.0005073">
        </testcase>
        <testcase classname="app/lib/platform-identity.test.ts" name="separate Platform Admin admission &gt; rejects new platform selectors ?after_id=11111111-1111-4111-8111-111111111111&amp;after_id=22222222-2222-4222-8222-222222222222" time="0.0003986">
        </testcase>
    </testsuite>
</testsuites>
