<?xml version="1.0" encoding="utf-8"?><testsuites name="pytest tests"><testsuite name="pytest" errors="0" failures="0" skipped="0" tests="24" time="27.976" timestamp="2026-09-14T04:04:30.866720+05:30" hostname="RSuyash"><testcase classname="tests.database.test_conversation_guest_ownership_postgresql" name="test_guest_processing_principal_is_non_login_and_intake_binds_each_submission" time="8.056" /><testcase classname="tests.database.test_conversation_guest_ownership_postgresql" name="test_processing_actor_runs_c1_without_double_charging_guest_minutes" time="1.210" /><testcase classname="tests.database.test_conversation_guest_ownership_postgresql" name="test_processing_lease_fence_preserves_claimed_owner_scope[expire]" time="0.452" /><testcase classname="tests.database.test_conversation_guest_ownership_postgresql" name="test_processing_lease_fence_preserves_claimed_owner_scope[revoke]" time="0.429" /><testcase classname="tests.database.test_conversation_guest_ownership_postgresql" name="test_processing_actor_rejects_reserved_source_mismatch_and_suspended_claim_owner" time="0.400" /><testcase classname="tests.database.test_conversation_guest_ownership_postgresql" name="test_claimed_owner_can_delete_after_execution_and_permission_expiry" time="0.525" /><testcase classname="tests.database.test_conversation_guest_ownership_postgresql" name="test_processing_admission_does_not_hold_tenant_acquisition_lock" time="0.300" /><testcase classname="tests.database.test_conversation_guest_ownership_postgresql" name="test_visitor_read_scope_fences_only_same_visitor[claim]" time="0.752" /><testcase classname="tests.database.test_conversation_guest_ownership_postgresql" name="test_visitor_read_scope_fences_only_same_visitor[revoke]" time="1.659" /><testcase classname="tests.database.test_conversation_acquisition_postgresql" name="test_existing_run_usage_is_preserved_when_guest_claims_account" time="7.066" /><testcase classname="tests.database.test_conversation_acquisition_postgresql" name="test_existing_upload_cannot_bypass_claimed_guest_minutes" time="0.221" /><testcase classname="tests.database.test_conversation_acquisition_postgresql" name="test_existing_and_acquisition_uploads_cannot_race_two_pools" time="0.338" /><testcase classname="tests.database.test_conversation_acquisition_postgresql" name="test_forward_migration_matches_registry_and_guests_are_not_people" time="0.655" /><testcase classname="tests.database.test_conversation_acquisition_postgresql" name="test_claim_preserves_guest_and_account_usage_and_replay" time="0.327" /><testcase classname="tests.database.test_conversation_acquisition_postgresql" name="test_concurrent_tabs_cannot_overbook_guest_allowance" time="0.204" /><testcase classname="tests.database.test_conversation_acquisition_postgresql" name="test_claim_race_has_one_owner_and_cannot_reassign" time="0.187" /><testcase classname="tests.database.test_conversation_acquisition_postgresql" name="test_authenticated_requests_keep_identity_lock_order[claim]" time="0.233" /><testcase classname="tests.database.test_conversation_acquisition_postgresql" name="test_authenticated_requests_keep_identity_lock_order[reserve]" time="0.320" /><testcase classname="tests.database.test_conversation_acquisition_postgresql" name="test_token_expiry_revocation_tenant_and_identity_checks" time="0.150" /><testcase classname="tests.database.test_conversation_acquisition_postgresql" name="test_settlement_is_idempotent_and_history_is_immutable" time="0.190" /><testcase classname="tests.database.test_conversation_acquisition_postgresql" name="test_replay_cannot_change_source_or_be_used_by_another_visitor" time="0.140" /><testcase classname="tests.database.test_conversation_acquisition_postgresql" name="test_http_cookie_claim_and_boundary_use_real_identity_and_postgres" time="0.334" /><testcase classname="tests.database.test_conversation_acquisition_postgresql" name="test_google_entry_creates_one_canonical_learner_and_retains_guest_usage[True]" time="0.367" /><testcase classname="tests.database.test_conversation_acquisition_postgresql" name="test_google_entry_creates_one_canonical_learner_and_retains_guest_usage[False]" time="0.934" /></testsuite></testsuites>