<?xml version="1.0" encoding="utf-8"?><testsuites name="pytest tests"><testsuite name="pytest" errors="0" failures="0" skipped="0" tests="8" time="128.072" timestamp="2026-09-14T07:02:15.704880+05:30" hostname="RSuyash"><testcase classname="tests.database.test_conversation_account_library_postgresql" name="test_account_library_discovers_claimed_and_direct_calls_without_reassignment" time="11.953" /><testcase classname="tests.database.test_conversation_account_library_postgresql" name="test_account_library_bounded_cursor_survives_equal_timestamps" time="16.822" /><testcase classname="tests.database.test_conversation_submission_http_postgresql" name="test_original_upload_worker_and_expired_lease_playback_are_owner_bound" time="18.713" /><testcase classname="tests.database.test_conversation_submission_http_postgresql" name="test_native_preflight_timeout_does_not_reserve_usage" time="0.929" /><testcase classname="tests.database.test_conversation_submission_http_postgresql" name="test_exact_owned_upload_retry_survives_exhausted_allowance" time="12.126" /><testcase classname="tests.database.test_conversation_submission_http_postgresql" name="test_create_app_mounts_guest_flow_and_streams_more_than_generic_body_limit" time="16.518" /><testcase classname="tests.database.test_conversation_submission_http_postgresql" name="test_guest_http_plan_reaches_source_bound_overview_and_settles_without_browser" time="38.100" /><testcase classname="tests.database.test_conversation_submission_http_postgresql" name="test_upload_boundary_rejects_selector_cookie_origin_and_source_tampering" time="9.610" /></testsuite></testsuites>